Determining if the pthread_create exist failed with the following output:
Change Dir: /usr/OpenDroneMap_v0_3_1/SuperBuild/build/ceres/CMakeFiles/CMakeTmp

Run Build Command:"/usr/bin/make" "cmTC_666bb/fast"
make[3]: Entering directory '/usr/OpenDroneMap_v0_3_1/SuperBuild/build/ceres/CMakeFiles/CMakeTmp'
/usr/bin/make -f CMakeFiles/cmTC_666bb.dir/build.make CMakeFiles/cmTC_666bb.dir/build
make[4]: Entering directory '/usr/OpenDroneMap_v0_3_1/SuperBuild/build/ceres/CMakeFiles/CMakeTmp'
Building C object CMakeFiles/cmTC_666bb.dir/CheckSymbolExists.c.o
/usr/bin/cc    -fPIC    -o CMakeFiles/cmTC_666bb.dir/CheckSymbolExists.c.o   -c /usr/OpenDroneMap_v0_3_1/SuperBuild/build/ceres/CMakeFiles/CMakeTmp/CheckSymbolExists.c
Linking C executable cmTC_666bb
/usr/bin/cmake -E cmake_link_script CMakeFiles/cmTC_666bb.dir/link.txt --verbose=1
/usr/bin/cc  -fPIC     CMakeFiles/cmTC_666bb.dir/CheckSymbolExists.c.o  -o cmTC_666bb -rdynamic 
CMakeFiles/cmTC_666bb.dir/CheckSymbolExists.c.o: In function `main':
CheckSymbolExists.c:(.text+0x1b): undefined reference to `pthread_create'
collect2: error: ld returned 1 exit status
CMakeFiles/cmTC_666bb.dir/build.make:97: recipe for target 'cmTC_666bb' failed
make[4]: *** [cmTC_666bb] Error 1
make[4]: Leaving directory '/usr/OpenDroneMap_v0_3_1/SuperBuild/build/ceres/CMakeFiles/CMakeTmp'
Makefile:126: recipe for target 'cmTC_666bb/fast' failed
make[3]: *** [cmTC_666bb/fast] Error 2
make[3]: Leaving directory '/usr/OpenDroneMap_v0_3_1/SuperBuild/build/ceres/CMakeFiles/CMakeTmp'

File /usr/OpenDroneMap_v0_3_1/SuperBuild/build/ceres/CMakeFiles/CMakeTmp/CheckSymbolExists.c:
/* */
#include <pthread.h>

int main(int argc, char** argv)
{
  (void)argv;
#ifndef pthread_create
  return ((int*)(&pthread_create))[argc];
#else
  (void)argc;
  return 0;
#endif
}

Determining if the function pthread_create exists in the pthreads failed with the following output:
Change Dir: /usr/OpenDroneMap_v0_3_1/SuperBuild/build/ceres/CMakeFiles/CMakeTmp

Run Build Command:"/usr/bin/make" "cmTC_2e730/fast"
make[3]: Entering directory '/usr/OpenDroneMap_v0_3_1/SuperBuild/build/ceres/CMakeFiles/CMakeTmp'
/usr/bin/make -f CMakeFiles/cmTC_2e730.dir/build.make CMakeFiles/cmTC_2e730.dir/build
make[4]: Entering directory '/usr/OpenDroneMap_v0_3_1/SuperBuild/build/ceres/CMakeFiles/CMakeTmp'
Building C object CMakeFiles/cmTC_2e730.dir/CheckFunctionExists.c.o
/usr/bin/cc    -fPIC -DCHECK_FUNCTION_EXISTS=pthread_create   -o CMakeFiles/cmTC_2e730.dir/CheckFunctionExists.c.o   -c /usr/share/cmake-3.5/Modules/CheckFunctionExists.c
Linking C executable cmTC_2e730
/usr/bin/cmake -E cmake_link_script CMakeFiles/cmTC_2e730.dir/link.txt --verbose=1
/usr/bin/cc  -fPIC -DCHECK_FUNCTION_EXISTS=pthread_create    CMakeFiles/cmTC_2e730.dir/CheckFunctionExists.c.o  -o cmTC_2e730 -rdynamic -lpthreads 
/usr/bin/ld: cannot find -lpthreads
collect2: error: ld returned 1 exit status
CMakeFiles/cmTC_2e730.dir/build.make:97: recipe for target 'cmTC_2e730' failed
make[4]: *** [cmTC_2e730] Error 1
make[4]: Leaving directory '/usr/OpenDroneMap_v0_3_1/SuperBuild/build/ceres/CMakeFiles/CMakeTmp'
Makefile:126: recipe for target 'cmTC_2e730/fast' failed
make[3]: *** [cmTC_2e730/fast] Error 2
make[3]: Leaving directory '/usr/OpenDroneMap_v0_3_1/SuperBuild/build/ceres/CMakeFiles/CMakeTmp'


Determining if the include file unordered_map exists failed with the following output:
Change Dir: /usr/OpenDroneMap_v0_3_1/SuperBuild/build/ceres/CMakeFiles/CMakeTmp

Run Build Command:"/usr/bin/make" "cmTC_191f8/fast"
make[3]: Entering directory '/usr/OpenDroneMap_v0_3_1/SuperBuild/build/ceres/CMakeFiles/CMakeTmp'
/usr/bin/make -f CMakeFiles/cmTC_191f8.dir/build.make CMakeFiles/cmTC_191f8.dir/build
make[4]: Entering directory '/usr/OpenDroneMap_v0_3_1/SuperBuild/build/ceres/CMakeFiles/CMakeTmp'
Building CXX object CMakeFiles/cmTC_191f8.dir/CheckIncludeFile.cxx.o
/usr/bin/c++     -fPIC -fopenmp    -o CMakeFiles/cmTC_191f8.dir/CheckIncludeFile.cxx.o -c /usr/OpenDroneMap_v0_3_1/SuperBuild/build/ceres/CMakeFiles/CMakeTmp/CheckIncludeFile.cxx
In file included from /usr/include/c++/5/unordered_map:35:0,
                 from /usr/OpenDroneMap_v0_3_1/SuperBuild/build/ceres/CMakeFiles/CMakeTmp/CheckIncludeFile.cxx:1:
/usr/include/c++/5/bits/c++0x_warning.h:32:2: error: #error This file requires compiler and library support for the ISO C++ 2011 standard. This support must be enabled with the -std=c++11 or -std=gnu++11 compiler options.
 #error This file requires compiler and library support \
  ^
CMakeFiles/cmTC_191f8.dir/build.make:65: recipe for target 'CMakeFiles/cmTC_191f8.dir/CheckIncludeFile.cxx.o' failed
make[4]: *** [CMakeFiles/cmTC_191f8.dir/CheckIncludeFile.cxx.o] Error 1
make[4]: Leaving directory '/usr/OpenDroneMap_v0_3_1/SuperBuild/build/ceres/CMakeFiles/CMakeTmp'
Makefile:126: recipe for target 'cmTC_191f8/fast' failed
make[3]: *** [cmTC_191f8/fast] Error 2
make[3]: Leaving directory '/usr/OpenDroneMap_v0_3_1/SuperBuild/build/ceres/CMakeFiles/CMakeTmp'


Performing C++ SOURCE FILE Test HAVE_SHARED_PTR_IN_STD_NAMESPACE failed with the following output:
Change Dir: /usr/OpenDroneMap_v0_3_1/SuperBuild/build/ceres/CMakeFiles/CMakeTmp

Run Build Command:"/usr/bin/make" "cmTC_1b521/fast"
make[3]: Entering directory '/usr/OpenDroneMap_v0_3_1/SuperBuild/build/ceres/CMakeFiles/CMakeTmp'
/usr/bin/make -f CMakeFiles/cmTC_1b521.dir/build.make CMakeFiles/cmTC_1b521.dir/build
make[4]: Entering directory '/usr/OpenDroneMap_v0_3_1/SuperBuild/build/ceres/CMakeFiles/CMakeTmp'
Building CXX object CMakeFiles/cmTC_1b521.dir/src.cxx.o
/usr/bin/c++     -fPIC -fopenmp -DHAVE_SHARED_PTR_IN_STD_NAMESPACE   -o CMakeFiles/cmTC_1b521.dir/src.cxx.o -c /usr/OpenDroneMap_v0_3_1/SuperBuild/build/ceres/CMakeFiles/CMakeTmp/src.cxx
/usr/OpenDroneMap_v0_3_1/SuperBuild/build/ceres/CMakeFiles/CMakeTmp/src.cxx: In function ‘int main()’:
/usr/OpenDroneMap_v0_3_1/SuperBuild/build/ceres/CMakeFiles/CMakeTmp/src.cxx:3:34: error: ‘shared_ptr’ is not a member of ‘std’
                                  std::shared_ptr<int> int_ptr;
                                  ^
/usr/OpenDroneMap_v0_3_1/SuperBuild/build/ceres/CMakeFiles/CMakeTmp/src.cxx:3:50: error: expected primary-expression before ‘int’
                                  std::shared_ptr<int> int_ptr;
                                                  ^
CMakeFiles/cmTC_1b521.dir/build.make:65: recipe for target 'CMakeFiles/cmTC_1b521.dir/src.cxx.o' failed
make[4]: *** [CMakeFiles/cmTC_1b521.dir/src.cxx.o] Error 1
make[4]: Leaving directory '/usr/OpenDroneMap_v0_3_1/SuperBuild/build/ceres/CMakeFiles/CMakeTmp'
Makefile:126: recipe for target 'cmTC_1b521/fast' failed
make[3]: *** [cmTC_1b521/fast] Error 2
make[3]: Leaving directory '/usr/OpenDroneMap_v0_3_1/SuperBuild/build/ceres/CMakeFiles/CMakeTmp'

Source file was:
#include <memory>
                               int main() {
                                 std::shared_ptr<int> int_ptr;
                                 return 0;
                               }
Performing C++ SOURCE FILE Test HAVE_SHARED_PTR_IN_TR1_NAMESPACE failed with the following output:
Change Dir: /usr/OpenDroneMap_v0_3_1/SuperBuild/build/ceres/CMakeFiles/CMakeTmp

Run Build Command:"/usr/bin/make" "cmTC_a0c17/fast"
make[3]: Entering directory '/usr/OpenDroneMap_v0_3_1/SuperBuild/build/ceres/CMakeFiles/CMakeTmp'
/usr/bin/make -f CMakeFiles/cmTC_a0c17.dir/build.make CMakeFiles/cmTC_a0c17.dir/build
make[4]: Entering directory '/usr/OpenDroneMap_v0_3_1/SuperBuild/build/ceres/CMakeFiles/CMakeTmp'
Building CXX object CMakeFiles/cmTC_a0c17.dir/src.cxx.o
/usr/bin/c++     -fPIC -fopenmp -DHAVE_SHARED_PTR_IN_TR1_NAMESPACE   -o CMakeFiles/cmTC_a0c17.dir/src.cxx.o -c /usr/OpenDroneMap_v0_3_1/SuperBuild/build/ceres/CMakeFiles/CMakeTmp/src.cxx
/usr/OpenDroneMap_v0_3_1/SuperBuild/build/ceres/CMakeFiles/CMakeTmp/src.cxx: In function ‘int main()’:
/usr/OpenDroneMap_v0_3_1/SuperBuild/build/ceres/CMakeFiles/CMakeTmp/src.cxx:3:41: error: ‘std::tr1’ has not been declared
                                    std::tr1::shared_ptr<int> int_ptr;
                                         ^
/usr/OpenDroneMap_v0_3_1/SuperBuild/build/ceres/CMakeFiles/CMakeTmp/src.cxx:3:57: error: expected primary-expression before ‘int’
                                    std::tr1::shared_ptr<int> int_ptr;
                                                         ^
CMakeFiles/cmTC_a0c17.dir/build.make:65: recipe for target 'CMakeFiles/cmTC_a0c17.dir/src.cxx.o' failed
make[4]: *** [CMakeFiles/cmTC_a0c17.dir/src.cxx.o] Error 1
make[4]: Leaving directory '/usr/OpenDroneMap_v0_3_1/SuperBuild/build/ceres/CMakeFiles/CMakeTmp'
Makefile:126: recipe for target 'cmTC_a0c17/fast' failed
make[3]: *** [cmTC_a0c17/fast] Error 2
make[3]: Leaving directory '/usr/OpenDroneMap_v0_3_1/SuperBuild/build/ceres/CMakeFiles/CMakeTmp'

Source file was:
#include <memory>
                                 int main() {
                                   std::tr1::shared_ptr<int> int_ptr;
                                   return 0;
                                 }
