The system is: Linux - 4.4.0-96-lowlatency - x86_64
Compiling the C compiler identification source file "CMakeCCompilerId.c" succeeded.
Compiler: /usr/bin/cc 
Build flags: -fPIC
Id flags: 

The output was:
0


Compilation of the C compiler identification source "CMakeCCompilerId.c" produced "a.out"

The C compiler identification is GNU, found in "/usr/OpenDroneMap_v0_3_1/SuperBuild/build/ceres/CMakeFiles/3.5.2/CompilerIdC/a.out"

Compiling the CXX compiler identification source file "CMakeCXXCompilerId.cpp" succeeded.
Compiler: /usr/bin/c++ 
Build flags: -fPIC
Id flags: 

The output was:
0


Compilation of the CXX compiler identification source "CMakeCXXCompilerId.cpp" produced "a.out"

The CXX compiler identification is GNU, found in "/usr/OpenDroneMap_v0_3_1/SuperBuild/build/ceres/CMakeFiles/3.5.2/CompilerIdCXX/a.out"

Determining if the C compiler works passed with the following output:
Change Dir: /usr/OpenDroneMap_v0_3_1/SuperBuild/build/ceres/CMakeFiles/CMakeTmp

Run Build Command:"/usr/bin/make" "cmTC_81c90/fast"
make[3]: Entering directory '/usr/OpenDroneMap_v0_3_1/SuperBuild/build/ceres/CMakeFiles/CMakeTmp'
/usr/bin/make -f CMakeFiles/cmTC_81c90.dir/build.make CMakeFiles/cmTC_81c90.dir/build
make[4]: Entering directory '/usr/OpenDroneMap_v0_3_1/SuperBuild/build/ceres/CMakeFiles/CMakeTmp'
Building C object CMakeFiles/cmTC_81c90.dir/testCCompiler.c.o
/usr/bin/cc    -fPIC    -o CMakeFiles/cmTC_81c90.dir/testCCompiler.c.o   -c /usr/OpenDroneMap_v0_3_1/SuperBuild/build/ceres/CMakeFiles/CMakeTmp/testCCompiler.c
Linking C executable cmTC_81c90
/usr/bin/cmake -E cmake_link_script CMakeFiles/cmTC_81c90.dir/link.txt --verbose=1
/usr/bin/cc  -fPIC     CMakeFiles/cmTC_81c90.dir/testCCompiler.c.o  -o cmTC_81c90 -rdynamic 
make[4]: Leaving directory '/usr/OpenDroneMap_v0_3_1/SuperBuild/build/ceres/CMakeFiles/CMakeTmp'
make[3]: Leaving directory '/usr/OpenDroneMap_v0_3_1/SuperBuild/build/ceres/CMakeFiles/CMakeTmp'


Detecting C compiler ABI info compiled with the following output:
Change Dir: /usr/OpenDroneMap_v0_3_1/SuperBuild/build/ceres/CMakeFiles/CMakeTmp

Run Build Command:"/usr/bin/make" "cmTC_85b2c/fast"
make[3]: Entering directory '/usr/OpenDroneMap_v0_3_1/SuperBuild/build/ceres/CMakeFiles/CMakeTmp'
/usr/bin/make -f CMakeFiles/cmTC_85b2c.dir/build.make CMakeFiles/cmTC_85b2c.dir/build
make[4]: Entering directory '/usr/OpenDroneMap_v0_3_1/SuperBuild/build/ceres/CMakeFiles/CMakeTmp'
Building C object CMakeFiles/cmTC_85b2c.dir/CMakeCCompilerABI.c.o
/usr/bin/cc    -fPIC    -o CMakeFiles/cmTC_85b2c.dir/CMakeCCompilerABI.c.o   -c /usr/share/cmake-3.5/Modules/CMakeCCompilerABI.c
Linking C executable cmTC_85b2c
/usr/bin/cmake -E cmake_link_script CMakeFiles/cmTC_85b2c.dir/link.txt --verbose=1
/usr/bin/cc  -fPIC    -v CMakeFiles/cmTC_85b2c.dir/CMakeCCompilerABI.c.o  -o cmTC_85b2c -rdynamic  
Using built-in specs.
COLLECT_GCC=/usr/bin/cc
COLLECT_LTO_WRAPPER=/usr/lib/gcc/x86_64-linux-gnu/5/lto-wrapper
Target: x86_64-linux-gnu
Configured with: ../src/configure -v --with-pkgversion='Ubuntu 5.4.0-6ubuntu1~16.04.4' --with-bugurl=file:///usr/share/doc/gcc-5/README.Bugs --enable-languages=c,ada,c++,java,go,d,fortran,objc,obj-c++ --prefix=/usr --program-suffix=-5 --enable-shared --enable-linker-build-id --libexecdir=/usr/lib --without-included-gettext --enable-threads=posix --libdir=/usr/lib --enable-nls --with-sysroot=/ --enable-clocale=gnu --enable-libstdcxx-debug --enable-libstdcxx-time=yes --with-default-libstdcxx-abi=new --enable-gnu-unique-object --disable-vtable-verify --enable-libmpx --enable-plugin --with-system-zlib --disable-browser-plugin --enable-java-awt=gtk --enable-gtk-cairo --with-java-home=/usr/lib/jvm/java-1.5.0-gcj-5-amd64/jre --enable-java-home --with-jvm-root-dir=/usr/lib/jvm/java-1.5.0-gcj-5-amd64 --with-jvm-jar-dir=/usr/lib/jvm-exports/java-1.5.0-gcj-5-amd64 --with-arch-directory=amd64 --with-ecj-jar=/usr/share/java/eclipse-ecj.jar --enable-objc-gc --enable-multiarch --disable-werror --with-arch-32=i686 --with-abi=m64 --with-multilib-list=m32,m64,mx32 --enable-multilib --with-tune=generic --enable-checking=release --build=x86_64-linux-gnu --host=x86_64-linux-gnu --target=x86_64-linux-gnu
Thread model: posix
gcc version 5.4.0 20160609 (Ubuntu 5.4.0-6ubuntu1~16.04.4) 
COMPILER_PATH=/usr/lib/gcc/x86_64-linux-gnu/5/:/usr/lib/gcc/x86_64-linux-gnu/5/:/usr/lib/gcc/x86_64-linux-gnu/:/usr/lib/gcc/x86_64-linux-gnu/5/:/usr/lib/gcc/x86_64-linux-gnu/
LIBRARY_PATH=/usr/lib/gcc/x86_64-linux-gnu/5/:/usr/lib/gcc/x86_64-linux-gnu/5/../../../x86_64-linux-gnu/:/usr/lib/gcc/x86_64-linux-gnu/5/../../../../lib/:/lib/x86_64-linux-gnu/:/lib/../lib/:/usr/lib/x86_64-linux-gnu/:/usr/lib/../lib/:/usr/lib/gcc/x86_64-linux-gnu/5/../../../:/lib/:/usr/lib/
COLLECT_GCC_OPTIONS='-fPIC' '-v' '-o' 'cmTC_85b2c' '-rdynamic' '-mtune=generic' '-march=x86-64'
 /usr/lib/gcc/x86_64-linux-gnu/5/collect2 -plugin /usr/lib/gcc/x86_64-linux-gnu/5/liblto_plugin.so -plugin-opt=/usr/lib/gcc/x86_64-linux-gnu/5/lto-wrapper -plugin-opt=-fresolution=/tmp/cc6XU72i.res -plugin-opt=-pass-through=-lgcc -plugin-opt=-pass-through=-lgcc_s -plugin-opt=-pass-through=-lc -plugin-opt=-pass-through=-lgcc -plugin-opt=-pass-through=-lgcc_s --sysroot=/ --build-id --eh-frame-hdr -m elf_x86_64 --hash-style=gnu --as-needed -export-dynamic -dynamic-linker /lib64/ld-linux-x86-64.so.2 -z relro -o cmTC_85b2c /usr/lib/gcc/x86_64-linux-gnu/5/../../../x86_64-linux-gnu/crt1.o /usr/lib/gcc/x86_64-linux-gnu/5/../../../x86_64-linux-gnu/crti.o /usr/lib/gcc/x86_64-linux-gnu/5/crtbegin.o -L/usr/lib/gcc/x86_64-linux-gnu/5 -L/usr/lib/gcc/x86_64-linux-gnu/5/../../../x86_64-linux-gnu -L/usr/lib/gcc/x86_64-linux-gnu/5/../../../../lib -L/lib/x86_64-linux-gnu -L/lib/../lib -L/usr/lib/x86_64-linux-gnu -L/usr/lib/../lib -L/usr/lib/gcc/x86_64-linux-gnu/5/../../.. CMakeFiles/cmTC_85b2c.dir/CMakeCCompilerABI.c.o -lgcc --as-needed -lgcc_s --no-as-needed -lc -lgcc --as-needed -lgcc_s --no-as-needed /usr/lib/gcc/x86_64-linux-gnu/5/crtend.o /usr/lib/gcc/x86_64-linux-gnu/5/../../../x86_64-linux-gnu/crtn.o
make[4]: Leaving directory '/usr/OpenDroneMap_v0_3_1/SuperBuild/build/ceres/CMakeFiles/CMakeTmp'
make[3]: Leaving directory '/usr/OpenDroneMap_v0_3_1/SuperBuild/build/ceres/CMakeFiles/CMakeTmp'


Parsed C implicit link information from above output:
  link line regex: [^( *|.*[/\])(ld|([^/\]+-)?ld|collect2)[^/\]*( |$)]
  ignore line: [Change Dir: /usr/OpenDroneMap_v0_3_1/SuperBuild/build/ceres/CMakeFiles/CMakeTmp]
  ignore line: []
  ignore line: [Run Build Command:"/usr/bin/make" "cmTC_85b2c/fast"]
  ignore line: [make[3]: Entering directory '/usr/OpenDroneMap_v0_3_1/SuperBuild/build/ceres/CMakeFiles/CMakeTmp']
  ignore line: [/usr/bin/make -f CMakeFiles/cmTC_85b2c.dir/build.make CMakeFiles/cmTC_85b2c.dir/build]
  ignore line: [make[4]: Entering directory '/usr/OpenDroneMap_v0_3_1/SuperBuild/build/ceres/CMakeFiles/CMakeTmp']
  ignore line: [Building C object CMakeFiles/cmTC_85b2c.dir/CMakeCCompilerABI.c.o]
  ignore line: [/usr/bin/cc    -fPIC    -o CMakeFiles/cmTC_85b2c.dir/CMakeCCompilerABI.c.o   -c /usr/share/cmake-3.5/Modules/CMakeCCompilerABI.c]
  ignore line: [Linking C executable cmTC_85b2c]
  ignore line: [/usr/bin/cmake -E cmake_link_script CMakeFiles/cmTC_85b2c.dir/link.txt --verbose=1]
  ignore line: [/usr/bin/cc  -fPIC    -v CMakeFiles/cmTC_85b2c.dir/CMakeCCompilerABI.c.o  -o cmTC_85b2c -rdynamic  ]
  ignore line: [Using built-in specs.]
  ignore line: [COLLECT_GCC=/usr/bin/cc]
  ignore line: [COLLECT_LTO_WRAPPER=/usr/lib/gcc/x86_64-linux-gnu/5/lto-wrapper]
  ignore line: [Target: x86_64-linux-gnu]
  ignore line: [Configured with: ../src/configure -v --with-pkgversion='Ubuntu 5.4.0-6ubuntu1~16.04.4' --with-bugurl=file:///usr/share/doc/gcc-5/README.Bugs --enable-languages=c,ada,c++,java,go,d,fortran,objc,obj-c++ --prefix=/usr --program-suffix=-5 --enable-shared --enable-linker-build-id --libexecdir=/usr/lib --without-included-gettext --enable-threads=posix --libdir=/usr/lib --enable-nls --with-sysroot=/ --enable-clocale=gnu --enable-libstdcxx-debug --enable-libstdcxx-time=yes --with-default-libstdcxx-abi=new --enable-gnu-unique-object --disable-vtable-verify --enable-libmpx --enable-plugin --with-system-zlib --disable-browser-plugin --enable-java-awt=gtk --enable-gtk-cairo --with-java-home=/usr/lib/jvm/java-1.5.0-gcj-5-amd64/jre --enable-java-home --with-jvm-root-dir=/usr/lib/jvm/java-1.5.0-gcj-5-amd64 --with-jvm-jar-dir=/usr/lib/jvm-exports/java-1.5.0-gcj-5-amd64 --with-arch-directory=amd64 --with-ecj-jar=/usr/share/java/eclipse-ecj.jar --enable-objc-gc --enable-multiarch --disable-werror --with-arch-32=i686 --with-abi=m64 --with-multilib-list=m32,m64,mx32 --enable-multilib --with-tune=generic --enable-checking=release --build=x86_64-linux-gnu --host=x86_64-linux-gnu --target=x86_64-linux-gnu]
  ignore line: [Thread model: posix]
  ignore line: [gcc version 5.4.0 20160609 (Ubuntu 5.4.0-6ubuntu1~16.04.4) ]
  ignore line: [COMPILER_PATH=/usr/lib/gcc/x86_64-linux-gnu/5/:/usr/lib/gcc/x86_64-linux-gnu/5/:/usr/lib/gcc/x86_64-linux-gnu/:/usr/lib/gcc/x86_64-linux-gnu/5/:/usr/lib/gcc/x86_64-linux-gnu/]
  ignore line: [LIBRARY_PATH=/usr/lib/gcc/x86_64-linux-gnu/5/:/usr/lib/gcc/x86_64-linux-gnu/5/../../../x86_64-linux-gnu/:/usr/lib/gcc/x86_64-linux-gnu/5/../../../../lib/:/lib/x86_64-linux-gnu/:/lib/../lib/:/usr/lib/x86_64-linux-gnu/:/usr/lib/../lib/:/usr/lib/gcc/x86_64-linux-gnu/5/../../../:/lib/:/usr/lib/]
  ignore line: [COLLECT_GCC_OPTIONS='-fPIC' '-v' '-o' 'cmTC_85b2c' '-rdynamic' '-mtune=generic' '-march=x86-64']
  link line: [ /usr/lib/gcc/x86_64-linux-gnu/5/collect2 -plugin /usr/lib/gcc/x86_64-linux-gnu/5/liblto_plugin.so -plugin-opt=/usr/lib/gcc/x86_64-linux-gnu/5/lto-wrapper -plugin-opt=-fresolution=/tmp/cc6XU72i.res -plugin-opt=-pass-through=-lgcc -plugin-opt=-pass-through=-lgcc_s -plugin-opt=-pass-through=-lc -plugin-opt=-pass-through=-lgcc -plugin-opt=-pass-through=-lgcc_s --sysroot=/ --build-id --eh-frame-hdr -m elf_x86_64 --hash-style=gnu --as-needed -export-dynamic -dynamic-linker /lib64/ld-linux-x86-64.so.2 -z relro -o cmTC_85b2c /usr/lib/gcc/x86_64-linux-gnu/5/../../../x86_64-linux-gnu/crt1.o /usr/lib/gcc/x86_64-linux-gnu/5/../../../x86_64-linux-gnu/crti.o /usr/lib/gcc/x86_64-linux-gnu/5/crtbegin.o -L/usr/lib/gcc/x86_64-linux-gnu/5 -L/usr/lib/gcc/x86_64-linux-gnu/5/../../../x86_64-linux-gnu -L/usr/lib/gcc/x86_64-linux-gnu/5/../../../../lib -L/lib/x86_64-linux-gnu -L/lib/../lib -L/usr/lib/x86_64-linux-gnu -L/usr/lib/../lib -L/usr/lib/gcc/x86_64-linux-gnu/5/../../.. CMakeFiles/cmTC_85b2c.dir/CMakeCCompilerABI.c.o -lgcc --as-needed -lgcc_s --no-as-needed -lc -lgcc --as-needed -lgcc_s --no-as-needed /usr/lib/gcc/x86_64-linux-gnu/5/crtend.o /usr/lib/gcc/x86_64-linux-gnu/5/../../../x86_64-linux-gnu/crtn.o]
    arg [/usr/lib/gcc/x86_64-linux-gnu/5/collect2] ==> ignore
    arg [-plugin] ==> ignore
    arg [/usr/lib/gcc/x86_64-linux-gnu/5/liblto_plugin.so] ==> ignore
    arg [-plugin-opt=/usr/lib/gcc/x86_64-linux-gnu/5/lto-wrapper] ==> ignore
    arg [-plugin-opt=-fresolution=/tmp/cc6XU72i.res] ==> ignore
    arg [-plugin-opt=-pass-through=-lgcc] ==> ignore
    arg [-plugin-opt=-pass-through=-lgcc_s] ==> ignore
    arg [-plugin-opt=-pass-through=-lc] ==> ignore
    arg [-plugin-opt=-pass-through=-lgcc] ==> ignore
    arg [-plugin-opt=-pass-through=-lgcc_s] ==> ignore
    arg [--sysroot=/] ==> ignore
    arg [--build-id] ==> ignore
    arg [--eh-frame-hdr] ==> ignore
    arg [-m] ==> ignore
    arg [elf_x86_64] ==> ignore
    arg [--hash-style=gnu] ==> ignore
    arg [--as-needed] ==> ignore
    arg [-export-dynamic] ==> ignore
    arg [-dynamic-linker] ==> ignore
    arg [/lib64/ld-linux-x86-64.so.2] ==> ignore
    arg [-zrelro] ==> ignore
    arg [-o] ==> ignore
    arg [cmTC_85b2c] ==> ignore
    arg [/usr/lib/gcc/x86_64-linux-gnu/5/../../../x86_64-linux-gnu/crt1.o] ==> ignore
    arg [/usr/lib/gcc/x86_64-linux-gnu/5/../../../x86_64-linux-gnu/crti.o] ==> ignore
    arg [/usr/lib/gcc/x86_64-linux-gnu/5/crtbegin.o] ==> ignore
    arg [-L/usr/lib/gcc/x86_64-linux-gnu/5] ==> dir [/usr/lib/gcc/x86_64-linux-gnu/5]
    arg [-L/usr/lib/gcc/x86_64-linux-gnu/5/../../../x86_64-linux-gnu] ==> dir [/usr/lib/gcc/x86_64-linux-gnu/5/../../../x86_64-linux-gnu]
    arg [-L/usr/lib/gcc/x86_64-linux-gnu/5/../../../../lib] ==> dir [/usr/lib/gcc/x86_64-linux-gnu/5/../../../../lib]
    arg [-L/lib/x86_64-linux-gnu] ==> dir [/lib/x86_64-linux-gnu]
    arg [-L/lib/../lib] ==> dir [/lib/../lib]
    arg [-L/usr/lib/x86_64-linux-gnu] ==> dir [/usr/lib/x86_64-linux-gnu]
    arg [-L/usr/lib/../lib] ==> dir [/usr/lib/../lib]
    arg [-L/usr/lib/gcc/x86_64-linux-gnu/5/../../..] ==> dir [/usr/lib/gcc/x86_64-linux-gnu/5/../../..]
    arg [CMakeFiles/cmTC_85b2c.dir/CMakeCCompilerABI.c.o] ==> ignore
    arg [-lgcc] ==> lib [gcc]
    arg [--as-needed] ==> ignore
    arg [-lgcc_s] ==> lib [gcc_s]
    arg [--no-as-needed] ==> ignore
    arg [-lc] ==> lib [c]
    arg [-lgcc] ==> lib [gcc]
    arg [--as-needed] ==> ignore
    arg [-lgcc_s] ==> lib [gcc_s]
    arg [--no-as-needed] ==> ignore
    arg [/usr/lib/gcc/x86_64-linux-gnu/5/crtend.o] ==> ignore
    arg [/usr/lib/gcc/x86_64-linux-gnu/5/../../../x86_64-linux-gnu/crtn.o] ==> ignore
  remove lib [gcc]
  remove lib [gcc_s]
  remove lib [gcc]
  remove lib [gcc_s]
  collapse library dir [/usr/lib/gcc/x86_64-linux-gnu/5] ==> [/usr/lib/gcc/x86_64-linux-gnu/5]
  collapse library dir [/usr/lib/gcc/x86_64-linux-gnu/5/../../../x86_64-linux-gnu] ==> [/usr/lib/x86_64-linux-gnu]
  collapse library dir [/usr/lib/gcc/x86_64-linux-gnu/5/../../../../lib] ==> [/usr/lib]
  collapse library dir [/lib/x86_64-linux-gnu] ==> [/lib/x86_64-linux-gnu]
  collapse library dir [/lib/../lib] ==> [/lib]
  collapse library dir [/usr/lib/x86_64-linux-gnu] ==> [/usr/lib/x86_64-linux-gnu]
  collapse library dir [/usr/lib/../lib] ==> [/usr/lib]
  collapse library dir [/usr/lib/gcc/x86_64-linux-gnu/5/../../..] ==> [/usr/lib]
  implicit libs: [c]
  implicit dirs: [/usr/lib/gcc/x86_64-linux-gnu/5;/usr/lib/x86_64-linux-gnu;/usr/lib;/lib/x86_64-linux-gnu;/lib]
  implicit fwks: []




Detecting C [-std=c11] compiler features compiled with the following output:
Change Dir: /usr/OpenDroneMap_v0_3_1/SuperBuild/build/ceres/CMakeFiles/CMakeTmp

Run Build Command:"/usr/bin/make" "cmTC_cdb79/fast"
make[3]: Entering directory '/usr/OpenDroneMap_v0_3_1/SuperBuild/build/ceres/CMakeFiles/CMakeTmp'
/usr/bin/make -f CMakeFiles/cmTC_cdb79.dir/build.make CMakeFiles/cmTC_cdb79.dir/build
make[4]: Entering directory '/usr/OpenDroneMap_v0_3_1/SuperBuild/build/ceres/CMakeFiles/CMakeTmp'
Building C object CMakeFiles/cmTC_cdb79.dir/feature_tests.c.o
/usr/bin/cc    -fPIC    -std=c11 -o CMakeFiles/cmTC_cdb79.dir/feature_tests.c.o   -c /usr/OpenDroneMap_v0_3_1/SuperBuild/build/ceres/CMakeFiles/feature_tests.c
Linking C executable cmTC_cdb79
/usr/bin/cmake -E cmake_link_script CMakeFiles/cmTC_cdb79.dir/link.txt --verbose=1
/usr/bin/cc  -fPIC     CMakeFiles/cmTC_cdb79.dir/feature_tests.c.o  -o cmTC_cdb79 -rdynamic 
make[4]: Leaving directory '/usr/OpenDroneMap_v0_3_1/SuperBuild/build/ceres/CMakeFiles/CMakeTmp'
make[3]: Leaving directory '/usr/OpenDroneMap_v0_3_1/SuperBuild/build/ceres/CMakeFiles/CMakeTmp'


    Feature record: C_FEATURE:1c_function_prototypes
    Feature record: C_FEATURE:1c_restrict
    Feature record: C_FEATURE:1c_static_assert
    Feature record: C_FEATURE:1c_variadic_macros


Detecting C [-std=c99] compiler features compiled with the following output:
Change Dir: /usr/OpenDroneMap_v0_3_1/SuperBuild/build/ceres/CMakeFiles/CMakeTmp

Run Build Command:"/usr/bin/make" "cmTC_50c8f/fast"
make[3]: Entering directory '/usr/OpenDroneMap_v0_3_1/SuperBuild/build/ceres/CMakeFiles/CMakeTmp'
/usr/bin/make -f CMakeFiles/cmTC_50c8f.dir/build.make CMakeFiles/cmTC_50c8f.dir/build
make[4]: Entering directory '/usr/OpenDroneMap_v0_3_1/SuperBuild/build/ceres/CMakeFiles/CMakeTmp'
Building C object CMakeFiles/cmTC_50c8f.dir/feature_tests.c.o
/usr/bin/cc    -fPIC    -std=c99 -o CMakeFiles/cmTC_50c8f.dir/feature_tests.c.o   -c /usr/OpenDroneMap_v0_3_1/SuperBuild/build/ceres/CMakeFiles/feature_tests.c
Linking C executable cmTC_50c8f
/usr/bin/cmake -E cmake_link_script CMakeFiles/cmTC_50c8f.dir/link.txt --verbose=1
/usr/bin/cc  -fPIC     CMakeFiles/cmTC_50c8f.dir/feature_tests.c.o  -o cmTC_50c8f -rdynamic 
make[4]: Leaving directory '/usr/OpenDroneMap_v0_3_1/SuperBuild/build/ceres/CMakeFiles/CMakeTmp'
make[3]: Leaving directory '/usr/OpenDroneMap_v0_3_1/SuperBuild/build/ceres/CMakeFiles/CMakeTmp'


    Feature record: C_FEATURE:1c_function_prototypes
    Feature record: C_FEATURE:1c_restrict
    Feature record: C_FEATURE:0c_static_assert
    Feature record: C_FEATURE:1c_variadic_macros


Detecting C [-std=c90] compiler features compiled with the following output:
Change Dir: /usr/OpenDroneMap_v0_3_1/SuperBuild/build/ceres/CMakeFiles/CMakeTmp

Run Build Command:"/usr/bin/make" "cmTC_6b0fe/fast"
make[3]: Entering directory '/usr/OpenDroneMap_v0_3_1/SuperBuild/build/ceres/CMakeFiles/CMakeTmp'
/usr/bin/make -f CMakeFiles/cmTC_6b0fe.dir/build.make CMakeFiles/cmTC_6b0fe.dir/build
make[4]: Entering directory '/usr/OpenDroneMap_v0_3_1/SuperBuild/build/ceres/CMakeFiles/CMakeTmp'
Building C object CMakeFiles/cmTC_6b0fe.dir/feature_tests.c.o
/usr/bin/cc    -fPIC    -std=c90 -o CMakeFiles/cmTC_6b0fe.dir/feature_tests.c.o   -c /usr/OpenDroneMap_v0_3_1/SuperBuild/build/ceres/CMakeFiles/feature_tests.c
Linking C executable cmTC_6b0fe
/usr/bin/cmake -E cmake_link_script CMakeFiles/cmTC_6b0fe.dir/link.txt --verbose=1
/usr/bin/cc  -fPIC     CMakeFiles/cmTC_6b0fe.dir/feature_tests.c.o  -o cmTC_6b0fe -rdynamic 
make[4]: Leaving directory '/usr/OpenDroneMap_v0_3_1/SuperBuild/build/ceres/CMakeFiles/CMakeTmp'
make[3]: Leaving directory '/usr/OpenDroneMap_v0_3_1/SuperBuild/build/ceres/CMakeFiles/CMakeTmp'


    Feature record: C_FEATURE:1c_function_prototypes
    Feature record: C_FEATURE:0c_restrict
    Feature record: C_FEATURE:0c_static_assert
    Feature record: C_FEATURE:0c_variadic_macros
Determining if the CXX compiler works passed with the following output:
Change Dir: /usr/OpenDroneMap_v0_3_1/SuperBuild/build/ceres/CMakeFiles/CMakeTmp

Run Build Command:"/usr/bin/make" "cmTC_ec9ae/fast"
make[3]: Entering directory '/usr/OpenDroneMap_v0_3_1/SuperBuild/build/ceres/CMakeFiles/CMakeTmp'
/usr/bin/make -f CMakeFiles/cmTC_ec9ae.dir/build.make CMakeFiles/cmTC_ec9ae.dir/build
make[4]: Entering directory '/usr/OpenDroneMap_v0_3_1/SuperBuild/build/ceres/CMakeFiles/CMakeTmp'
Building CXX object CMakeFiles/cmTC_ec9ae.dir/testCXXCompiler.cxx.o
/usr/bin/c++     -fPIC    -o CMakeFiles/cmTC_ec9ae.dir/testCXXCompiler.cxx.o -c /usr/OpenDroneMap_v0_3_1/SuperBuild/build/ceres/CMakeFiles/CMakeTmp/testCXXCompiler.cxx
Linking CXX executable cmTC_ec9ae
/usr/bin/cmake -E cmake_link_script CMakeFiles/cmTC_ec9ae.dir/link.txt --verbose=1
/usr/bin/c++   -fPIC     CMakeFiles/cmTC_ec9ae.dir/testCXXCompiler.cxx.o  -o cmTC_ec9ae -rdynamic 
make[4]: Leaving directory '/usr/OpenDroneMap_v0_3_1/SuperBuild/build/ceres/CMakeFiles/CMakeTmp'
make[3]: Leaving directory '/usr/OpenDroneMap_v0_3_1/SuperBuild/build/ceres/CMakeFiles/CMakeTmp'


Detecting CXX compiler ABI info compiled with the following output:
Change Dir: /usr/OpenDroneMap_v0_3_1/SuperBuild/build/ceres/CMakeFiles/CMakeTmp

Run Build Command:"/usr/bin/make" "cmTC_3d83f/fast"
make[3]: Entering directory '/usr/OpenDroneMap_v0_3_1/SuperBuild/build/ceres/CMakeFiles/CMakeTmp'
/usr/bin/make -f CMakeFiles/cmTC_3d83f.dir/build.make CMakeFiles/cmTC_3d83f.dir/build
make[4]: Entering directory '/usr/OpenDroneMap_v0_3_1/SuperBuild/build/ceres/CMakeFiles/CMakeTmp'
Building CXX object CMakeFiles/cmTC_3d83f.dir/CMakeCXXCompilerABI.cpp.o
/usr/bin/c++     -fPIC    -o CMakeFiles/cmTC_3d83f.dir/CMakeCXXCompilerABI.cpp.o -c /usr/share/cmake-3.5/Modules/CMakeCXXCompilerABI.cpp
Linking CXX executable cmTC_3d83f
/usr/bin/cmake -E cmake_link_script CMakeFiles/cmTC_3d83f.dir/link.txt --verbose=1
/usr/bin/c++   -fPIC    -v CMakeFiles/cmTC_3d83f.dir/CMakeCXXCompilerABI.cpp.o  -o cmTC_3d83f -rdynamic  
Using built-in specs.
COLLECT_GCC=/usr/bin/c++
COLLECT_LTO_WRAPPER=/usr/lib/gcc/x86_64-linux-gnu/5/lto-wrapper
Target: x86_64-linux-gnu
Configured with: ../src/configure -v --with-pkgversion='Ubuntu 5.4.0-6ubuntu1~16.04.4' --with-bugurl=file:///usr/share/doc/gcc-5/README.Bugs --enable-languages=c,ada,c++,java,go,d,fortran,objc,obj-c++ --prefix=/usr --program-suffix=-5 --enable-shared --enable-linker-build-id --libexecdir=/usr/lib --without-included-gettext --enable-threads=posix --libdir=/usr/lib --enable-nls --with-sysroot=/ --enable-clocale=gnu --enable-libstdcxx-debug --enable-libstdcxx-time=yes --with-default-libstdcxx-abi=new --enable-gnu-unique-object --disable-vtable-verify --enable-libmpx --enable-plugin --with-system-zlib --disable-browser-plugin --enable-java-awt=gtk --enable-gtk-cairo --with-java-home=/usr/lib/jvm/java-1.5.0-gcj-5-amd64/jre --enable-java-home --with-jvm-root-dir=/usr/lib/jvm/java-1.5.0-gcj-5-amd64 --with-jvm-jar-dir=/usr/lib/jvm-exports/java-1.5.0-gcj-5-amd64 --with-arch-directory=amd64 --with-ecj-jar=/usr/share/java/eclipse-ecj.jar --enable-objc-gc --enable-multiarch --disable-werror --with-arch-32=i686 --with-abi=m64 --with-multilib-list=m32,m64,mx32 --enable-multilib --with-tune=generic --enable-checking=release --build=x86_64-linux-gnu --host=x86_64-linux-gnu --target=x86_64-linux-gnu
Thread model: posix
gcc version 5.4.0 20160609 (Ubuntu 5.4.0-6ubuntu1~16.04.4) 
COMPILER_PATH=/usr/lib/gcc/x86_64-linux-gnu/5/:/usr/lib/gcc/x86_64-linux-gnu/5/:/usr/lib/gcc/x86_64-linux-gnu/:/usr/lib/gcc/x86_64-linux-gnu/5/:/usr/lib/gcc/x86_64-linux-gnu/
LIBRARY_PATH=/usr/lib/gcc/x86_64-linux-gnu/5/:/usr/lib/gcc/x86_64-linux-gnu/5/../../../x86_64-linux-gnu/:/usr/lib/gcc/x86_64-linux-gnu/5/../../../../lib/:/lib/x86_64-linux-gnu/:/lib/../lib/:/usr/lib/x86_64-linux-gnu/:/usr/lib/../lib/:/usr/lib/gcc/x86_64-linux-gnu/5/../../../:/lib/:/usr/lib/
COLLECT_GCC_OPTIONS='-fPIC' '-v' '-o' 'cmTC_3d83f' '-rdynamic' '-shared-libgcc' '-mtune=generic' '-march=x86-64'
 /usr/lib/gcc/x86_64-linux-gnu/5/collect2 -plugin /usr/lib/gcc/x86_64-linux-gnu/5/liblto_plugin.so -plugin-opt=/usr/lib/gcc/x86_64-linux-gnu/5/lto-wrapper -plugin-opt=-fresolution=/tmp/ccQjLsA4.res -plugin-opt=-pass-through=-lgcc_s -plugin-opt=-pass-through=-lgcc -plugin-opt=-pass-through=-lc -plugin-opt=-pass-through=-lgcc_s -plugin-opt=-pass-through=-lgcc --sysroot=/ --build-id --eh-frame-hdr -m elf_x86_64 --hash-style=gnu --as-needed -export-dynamic -dynamic-linker /lib64/ld-linux-x86-64.so.2 -z relro -o cmTC_3d83f /usr/lib/gcc/x86_64-linux-gnu/5/../../../x86_64-linux-gnu/crt1.o /usr/lib/gcc/x86_64-linux-gnu/5/../../../x86_64-linux-gnu/crti.o /usr/lib/gcc/x86_64-linux-gnu/5/crtbegin.o -L/usr/lib/gcc/x86_64-linux-gnu/5 -L/usr/lib/gcc/x86_64-linux-gnu/5/../../../x86_64-linux-gnu -L/usr/lib/gcc/x86_64-linux-gnu/5/../../../../lib -L/lib/x86_64-linux-gnu -L/lib/../lib -L/usr/lib/x86_64-linux-gnu -L/usr/lib/../lib -L/usr/lib/gcc/x86_64-linux-gnu/5/../../.. CMakeFiles/cmTC_3d83f.dir/CMakeCXXCompilerABI.cpp.o -lstdc++ -lm -lgcc_s -lgcc -lc -lgcc_s -lgcc /usr/lib/gcc/x86_64-linux-gnu/5/crtend.o /usr/lib/gcc/x86_64-linux-gnu/5/../../../x86_64-linux-gnu/crtn.o
make[4]: Leaving directory '/usr/OpenDroneMap_v0_3_1/SuperBuild/build/ceres/CMakeFiles/CMakeTmp'
make[3]: Leaving directory '/usr/OpenDroneMap_v0_3_1/SuperBuild/build/ceres/CMakeFiles/CMakeTmp'


Parsed CXX implicit link information from above output:
  link line regex: [^( *|.*[/\])(ld|([^/\]+-)?ld|collect2)[^/\]*( |$)]
  ignore line: [Change Dir: /usr/OpenDroneMap_v0_3_1/SuperBuild/build/ceres/CMakeFiles/CMakeTmp]
  ignore line: []
  ignore line: [Run Build Command:"/usr/bin/make" "cmTC_3d83f/fast"]
  ignore line: [make[3]: Entering directory '/usr/OpenDroneMap_v0_3_1/SuperBuild/build/ceres/CMakeFiles/CMakeTmp']
  ignore line: [/usr/bin/make -f CMakeFiles/cmTC_3d83f.dir/build.make CMakeFiles/cmTC_3d83f.dir/build]
  ignore line: [make[4]: Entering directory '/usr/OpenDroneMap_v0_3_1/SuperBuild/build/ceres/CMakeFiles/CMakeTmp']
  ignore line: [Building CXX object CMakeFiles/cmTC_3d83f.dir/CMakeCXXCompilerABI.cpp.o]
  ignore line: [/usr/bin/c++     -fPIC    -o CMakeFiles/cmTC_3d83f.dir/CMakeCXXCompilerABI.cpp.o -c /usr/share/cmake-3.5/Modules/CMakeCXXCompilerABI.cpp]
  ignore line: [Linking CXX executable cmTC_3d83f]
  ignore line: [/usr/bin/cmake -E cmake_link_script CMakeFiles/cmTC_3d83f.dir/link.txt --verbose=1]
  ignore line: [/usr/bin/c++   -fPIC    -v CMakeFiles/cmTC_3d83f.dir/CMakeCXXCompilerABI.cpp.o  -o cmTC_3d83f -rdynamic  ]
  ignore line: [Using built-in specs.]
  ignore line: [COLLECT_GCC=/usr/bin/c++]
  ignore line: [COLLECT_LTO_WRAPPER=/usr/lib/gcc/x86_64-linux-gnu/5/lto-wrapper]
  ignore line: [Target: x86_64-linux-gnu]
  ignore line: [Configured with: ../src/configure -v --with-pkgversion='Ubuntu 5.4.0-6ubuntu1~16.04.4' --with-bugurl=file:///usr/share/doc/gcc-5/README.Bugs --enable-languages=c,ada,c++,java,go,d,fortran,objc,obj-c++ --prefix=/usr --program-suffix=-5 --enable-shared --enable-linker-build-id --libexecdir=/usr/lib --without-included-gettext --enable-threads=posix --libdir=/usr/lib --enable-nls --with-sysroot=/ --enable-clocale=gnu --enable-libstdcxx-debug --enable-libstdcxx-time=yes --with-default-libstdcxx-abi=new --enable-gnu-unique-object --disable-vtable-verify --enable-libmpx --enable-plugin --with-system-zlib --disable-browser-plugin --enable-java-awt=gtk --enable-gtk-cairo --with-java-home=/usr/lib/jvm/java-1.5.0-gcj-5-amd64/jre --enable-java-home --with-jvm-root-dir=/usr/lib/jvm/java-1.5.0-gcj-5-amd64 --with-jvm-jar-dir=/usr/lib/jvm-exports/java-1.5.0-gcj-5-amd64 --with-arch-directory=amd64 --with-ecj-jar=/usr/share/java/eclipse-ecj.jar --enable-objc-gc --enable-multiarch --disable-werror --with-arch-32=i686 --with-abi=m64 --with-multilib-list=m32,m64,mx32 --enable-multilib --with-tune=generic --enable-checking=release --build=x86_64-linux-gnu --host=x86_64-linux-gnu --target=x86_64-linux-gnu]
  ignore line: [Thread model: posix]
  ignore line: [gcc version 5.4.0 20160609 (Ubuntu 5.4.0-6ubuntu1~16.04.4) ]
  ignore line: [COMPILER_PATH=/usr/lib/gcc/x86_64-linux-gnu/5/:/usr/lib/gcc/x86_64-linux-gnu/5/:/usr/lib/gcc/x86_64-linux-gnu/:/usr/lib/gcc/x86_64-linux-gnu/5/:/usr/lib/gcc/x86_64-linux-gnu/]
  ignore line: [LIBRARY_PATH=/usr/lib/gcc/x86_64-linux-gnu/5/:/usr/lib/gcc/x86_64-linux-gnu/5/../../../x86_64-linux-gnu/:/usr/lib/gcc/x86_64-linux-gnu/5/../../../../lib/:/lib/x86_64-linux-gnu/:/lib/../lib/:/usr/lib/x86_64-linux-gnu/:/usr/lib/../lib/:/usr/lib/gcc/x86_64-linux-gnu/5/../../../:/lib/:/usr/lib/]
  ignore line: [COLLECT_GCC_OPTIONS='-fPIC' '-v' '-o' 'cmTC_3d83f' '-rdynamic' '-shared-libgcc' '-mtune=generic' '-march=x86-64']
  link line: [ /usr/lib/gcc/x86_64-linux-gnu/5/collect2 -plugin /usr/lib/gcc/x86_64-linux-gnu/5/liblto_plugin.so -plugin-opt=/usr/lib/gcc/x86_64-linux-gnu/5/lto-wrapper -plugin-opt=-fresolution=/tmp/ccQjLsA4.res -plugin-opt=-pass-through=-lgcc_s -plugin-opt=-pass-through=-lgcc -plugin-opt=-pass-through=-lc -plugin-opt=-pass-through=-lgcc_s -plugin-opt=-pass-through=-lgcc --sysroot=/ --build-id --eh-frame-hdr -m elf_x86_64 --hash-style=gnu --as-needed -export-dynamic -dynamic-linker /lib64/ld-linux-x86-64.so.2 -z relro -o cmTC_3d83f /usr/lib/gcc/x86_64-linux-gnu/5/../../../x86_64-linux-gnu/crt1.o /usr/lib/gcc/x86_64-linux-gnu/5/../../../x86_64-linux-gnu/crti.o /usr/lib/gcc/x86_64-linux-gnu/5/crtbegin.o -L/usr/lib/gcc/x86_64-linux-gnu/5 -L/usr/lib/gcc/x86_64-linux-gnu/5/../../../x86_64-linux-gnu -L/usr/lib/gcc/x86_64-linux-gnu/5/../../../../lib -L/lib/x86_64-linux-gnu -L/lib/../lib -L/usr/lib/x86_64-linux-gnu -L/usr/lib/../lib -L/usr/lib/gcc/x86_64-linux-gnu/5/../../.. CMakeFiles/cmTC_3d83f.dir/CMakeCXXCompilerABI.cpp.o -lstdc++ -lm -lgcc_s -lgcc -lc -lgcc_s -lgcc /usr/lib/gcc/x86_64-linux-gnu/5/crtend.o /usr/lib/gcc/x86_64-linux-gnu/5/../../../x86_64-linux-gnu/crtn.o]
    arg [/usr/lib/gcc/x86_64-linux-gnu/5/collect2] ==> ignore
    arg [-plugin] ==> ignore
    arg [/usr/lib/gcc/x86_64-linux-gnu/5/liblto_plugin.so] ==> ignore
    arg [-plugin-opt=/usr/lib/gcc/x86_64-linux-gnu/5/lto-wrapper] ==> ignore
    arg [-plugin-opt=-fresolution=/tmp/ccQjLsA4.res] ==> ignore
    arg [-plugin-opt=-pass-through=-lgcc_s] ==> ignore
    arg [-plugin-opt=-pass-through=-lgcc] ==> ignore
    arg [-plugin-opt=-pass-through=-lc] ==> ignore
    arg [-plugin-opt=-pass-through=-lgcc_s] ==> ignore
    arg [-plugin-opt=-pass-through=-lgcc] ==> ignore
    arg [--sysroot=/] ==> ignore
    arg [--build-id] ==> ignore
    arg [--eh-frame-hdr] ==> ignore
    arg [-m] ==> ignore
    arg [elf_x86_64] ==> ignore
    arg [--hash-style=gnu] ==> ignore
    arg [--as-needed] ==> ignore
    arg [-export-dynamic] ==> ignore
    arg [-dynamic-linker] ==> ignore
    arg [/lib64/ld-linux-x86-64.so.2] ==> ignore
    arg [-zrelro] ==> ignore
    arg [-o] ==> ignore
    arg [cmTC_3d83f] ==> ignore
    arg [/usr/lib/gcc/x86_64-linux-gnu/5/../../../x86_64-linux-gnu/crt1.o] ==> ignore
    arg [/usr/lib/gcc/x86_64-linux-gnu/5/../../../x86_64-linux-gnu/crti.o] ==> ignore
    arg [/usr/lib/gcc/x86_64-linux-gnu/5/crtbegin.o] ==> ignore
    arg [-L/usr/lib/gcc/x86_64-linux-gnu/5] ==> dir [/usr/lib/gcc/x86_64-linux-gnu/5]
    arg [-L/usr/lib/gcc/x86_64-linux-gnu/5/../../../x86_64-linux-gnu] ==> dir [/usr/lib/gcc/x86_64-linux-gnu/5/../../../x86_64-linux-gnu]
    arg [-L/usr/lib/gcc/x86_64-linux-gnu/5/../../../../lib] ==> dir [/usr/lib/gcc/x86_64-linux-gnu/5/../../../../lib]
    arg [-L/lib/x86_64-linux-gnu] ==> dir [/lib/x86_64-linux-gnu]
    arg [-L/lib/../lib] ==> dir [/lib/../lib]
    arg [-L/usr/lib/x86_64-linux-gnu] ==> dir [/usr/lib/x86_64-linux-gnu]
    arg [-L/usr/lib/../lib] ==> dir [/usr/lib/../lib]
    arg [-L/usr/lib/gcc/x86_64-linux-gnu/5/../../..] ==> dir [/usr/lib/gcc/x86_64-linux-gnu/5/../../..]
    arg [CMakeFiles/cmTC_3d83f.dir/CMakeCXXCompilerABI.cpp.o] ==> ignore
    arg [-lstdc++] ==> lib [stdc++]
    arg [-lm] ==> lib [m]
    arg [-lgcc_s] ==> lib [gcc_s]
    arg [-lgcc] ==> lib [gcc]
    arg [-lc] ==> lib [c]
    arg [-lgcc_s] ==> lib [gcc_s]
    arg [-lgcc] ==> lib [gcc]
    arg [/usr/lib/gcc/x86_64-linux-gnu/5/crtend.o] ==> ignore
    arg [/usr/lib/gcc/x86_64-linux-gnu/5/../../../x86_64-linux-gnu/crtn.o] ==> ignore
  remove lib [gcc_s]
  remove lib [gcc]
  remove lib [gcc_s]
  remove lib [gcc]
  collapse library dir [/usr/lib/gcc/x86_64-linux-gnu/5] ==> [/usr/lib/gcc/x86_64-linux-gnu/5]
  collapse library dir [/usr/lib/gcc/x86_64-linux-gnu/5/../../../x86_64-linux-gnu] ==> [/usr/lib/x86_64-linux-gnu]
  collapse library dir [/usr/lib/gcc/x86_64-linux-gnu/5/../../../../lib] ==> [/usr/lib]
  collapse library dir [/lib/x86_64-linux-gnu] ==> [/lib/x86_64-linux-gnu]
  collapse library dir [/lib/../lib] ==> [/lib]
  collapse library dir [/usr/lib/x86_64-linux-gnu] ==> [/usr/lib/x86_64-linux-gnu]
  collapse library dir [/usr/lib/../lib] ==> [/usr/lib]
  collapse library dir [/usr/lib/gcc/x86_64-linux-gnu/5/../../..] ==> [/usr/lib]
  implicit libs: [stdc++;m;c]
  implicit dirs: [/usr/lib/gcc/x86_64-linux-gnu/5;/usr/lib/x86_64-linux-gnu;/usr/lib;/lib/x86_64-linux-gnu;/lib]
  implicit fwks: []




Detecting CXX [-std=c++14] compiler features compiled with the following output:
Change Dir: /usr/OpenDroneMap_v0_3_1/SuperBuild/build/ceres/CMakeFiles/CMakeTmp

Run Build Command:"/usr/bin/make" "cmTC_b6003/fast"
make[3]: Entering directory '/usr/OpenDroneMap_v0_3_1/SuperBuild/build/ceres/CMakeFiles/CMakeTmp'
/usr/bin/make -f CMakeFiles/cmTC_b6003.dir/build.make CMakeFiles/cmTC_b6003.dir/build
make[4]: Entering directory '/usr/OpenDroneMap_v0_3_1/SuperBuild/build/ceres/CMakeFiles/CMakeTmp'
Building CXX object CMakeFiles/cmTC_b6003.dir/feature_tests.cxx.o
/usr/bin/c++     -fPIC    -std=c++14 -o CMakeFiles/cmTC_b6003.dir/feature_tests.cxx.o -c /usr/OpenDroneMap_v0_3_1/SuperBuild/build/ceres/CMakeFiles/feature_tests.cxx
Linking CXX executable cmTC_b6003
/usr/bin/cmake -E cmake_link_script CMakeFiles/cmTC_b6003.dir/link.txt --verbose=1
/usr/bin/c++   -fPIC     CMakeFiles/cmTC_b6003.dir/feature_tests.cxx.o  -o cmTC_b6003 -rdynamic 
make[4]: Leaving directory '/usr/OpenDroneMap_v0_3_1/SuperBuild/build/ceres/CMakeFiles/CMakeTmp'
make[3]: Leaving directory '/usr/OpenDroneMap_v0_3_1/SuperBuild/build/ceres/CMakeFiles/CMakeTmp'


    Feature record: CXX_FEATURE:1cxx_aggregate_default_initializers
    Feature record: CXX_FEATURE:1cxx_alias_templates
    Feature record: CXX_FEATURE:1cxx_alignas
    Feature record: CXX_FEATURE:1cxx_alignof
    Feature record: CXX_FEATURE:1cxx_attributes
    Feature record: CXX_FEATURE:1cxx_attribute_deprecated
    Feature record: CXX_FEATURE:1cxx_auto_type
    Feature record: CXX_FEATURE:1cxx_binary_literals
    Feature record: CXX_FEATURE:1cxx_constexpr
    Feature record: CXX_FEATURE:1cxx_contextual_conversions
    Feature record: CXX_FEATURE:1cxx_decltype
    Feature record: CXX_FEATURE:1cxx_decltype_auto
    Feature record: CXX_FEATURE:1cxx_decltype_incomplete_return_types
    Feature record: CXX_FEATURE:1cxx_default_function_template_args
    Feature record: CXX_FEATURE:1cxx_defaulted_functions
    Feature record: CXX_FEATURE:1cxx_defaulted_move_initializers
    Feature record: CXX_FEATURE:1cxx_delegating_constructors
    Feature record: CXX_FEATURE:1cxx_deleted_functions
    Feature record: CXX_FEATURE:1cxx_digit_separators
    Feature record: CXX_FEATURE:1cxx_enum_forward_declarations
    Feature record: CXX_FEATURE:1cxx_explicit_conversions
    Feature record: CXX_FEATURE:1cxx_extended_friend_declarations
    Feature record: CXX_FEATURE:1cxx_extern_templates
    Feature record: CXX_FEATURE:1cxx_final
    Feature record: CXX_FEATURE:1cxx_func_identifier
    Feature record: CXX_FEATURE:1cxx_generalized_initializers
    Feature record: CXX_FEATURE:1cxx_generic_lambdas
    Feature record: CXX_FEATURE:1cxx_inheriting_constructors
    Feature record: CXX_FEATURE:1cxx_inline_namespaces
    Feature record: CXX_FEATURE:1cxx_lambdas
    Feature record: CXX_FEATURE:1cxx_lambda_init_captures
    Feature record: CXX_FEATURE:1cxx_local_type_template_args
    Feature record: CXX_FEATURE:1cxx_long_long_type
    Feature record: CXX_FEATURE:1cxx_noexcept
    Feature record: CXX_FEATURE:1cxx_nonstatic_member_init
    Feature record: CXX_FEATURE:1cxx_nullptr
    Feature record: CXX_FEATURE:1cxx_override
    Feature record: CXX_FEATURE:1cxx_range_for
    Feature record: CXX_FEATURE:1cxx_raw_string_literals
    Feature record: CXX_FEATURE:1cxx_reference_qualified_functions
    Feature record: CXX_FEATURE:1cxx_relaxed_constexpr
    Feature record: CXX_FEATURE:1cxx_return_type_deduction
    Feature record: CXX_FEATURE:1cxx_right_angle_brackets
    Feature record: CXX_FEATURE:1cxx_rvalue_references
    Feature record: CXX_FEATURE:1cxx_sizeof_member
    Feature record: CXX_FEATURE:1cxx_static_assert
    Feature record: CXX_FEATURE:1cxx_strong_enums
    Feature record: CXX_FEATURE:1cxx_template_template_parameters
    Feature record: CXX_FEATURE:1cxx_thread_local
    Feature record: CXX_FEATURE:1cxx_trailing_return_types
    Feature record: CXX_FEATURE:1cxx_unicode_literals
    Feature record: CXX_FEATURE:1cxx_uniform_initialization
    Feature record: CXX_FEATURE:1cxx_unrestricted_unions
    Feature record: CXX_FEATURE:1cxx_user_literals
    Feature record: CXX_FEATURE:1cxx_variable_templates
    Feature record: CXX_FEATURE:1cxx_variadic_macros
    Feature record: CXX_FEATURE:1cxx_variadic_templates


Detecting CXX [-std=c++11] compiler features compiled with the following output:
Change Dir: /usr/OpenDroneMap_v0_3_1/SuperBuild/build/ceres/CMakeFiles/CMakeTmp

Run Build Command:"/usr/bin/make" "cmTC_42a54/fast"
make[3]: Entering directory '/usr/OpenDroneMap_v0_3_1/SuperBuild/build/ceres/CMakeFiles/CMakeTmp'
/usr/bin/make -f CMakeFiles/cmTC_42a54.dir/build.make CMakeFiles/cmTC_42a54.dir/build
make[4]: Entering directory '/usr/OpenDroneMap_v0_3_1/SuperBuild/build/ceres/CMakeFiles/CMakeTmp'
Building CXX object CMakeFiles/cmTC_42a54.dir/feature_tests.cxx.o
/usr/bin/c++     -fPIC    -std=c++11 -o CMakeFiles/cmTC_42a54.dir/feature_tests.cxx.o -c /usr/OpenDroneMap_v0_3_1/SuperBuild/build/ceres/CMakeFiles/feature_tests.cxx
Linking CXX executable cmTC_42a54
/usr/bin/cmake -E cmake_link_script CMakeFiles/cmTC_42a54.dir/link.txt --verbose=1
/usr/bin/c++   -fPIC     CMakeFiles/cmTC_42a54.dir/feature_tests.cxx.o  -o cmTC_42a54 -rdynamic 
make[4]: Leaving directory '/usr/OpenDroneMap_v0_3_1/SuperBuild/build/ceres/CMakeFiles/CMakeTmp'
make[3]: Leaving directory '/usr/OpenDroneMap_v0_3_1/SuperBuild/build/ceres/CMakeFiles/CMakeTmp'


    Feature record: CXX_FEATURE:0cxx_aggregate_default_initializers
    Feature record: CXX_FEATURE:1cxx_alias_templates
    Feature record: CXX_FEATURE:1cxx_alignas
    Feature record: CXX_FEATURE:1cxx_alignof
    Feature record: CXX_FEATURE:1cxx_attributes
    Feature record: CXX_FEATURE:0cxx_attribute_deprecated
    Feature record: CXX_FEATURE:1cxx_auto_type
    Feature record: CXX_FEATURE:0cxx_binary_literals
    Feature record: CXX_FEATURE:1cxx_constexpr
    Feature record: CXX_FEATURE:0cxx_contextual_conversions
    Feature record: CXX_FEATURE:1cxx_decltype
    Feature record: CXX_FEATURE:0cxx_decltype_auto
    Feature record: CXX_FEATURE:1cxx_decltype_incomplete_return_types
    Feature record: CXX_FEATURE:1cxx_default_function_template_args
    Feature record: CXX_FEATURE:1cxx_defaulted_functions
    Feature record: CXX_FEATURE:1cxx_defaulted_move_initializers
    Feature record: CXX_FEATURE:1cxx_delegating_constructors
    Feature record: CXX_FEATURE:1cxx_deleted_functions
    Feature record: CXX_FEATURE:0cxx_digit_separators
    Feature record: CXX_FEATURE:1cxx_enum_forward_declarations
    Feature record: CXX_FEATURE:1cxx_explicit_conversions
    Feature record: CXX_FEATURE:1cxx_extended_friend_declarations
    Feature record: CXX_FEATURE:1cxx_extern_templates
    Feature record: CXX_FEATURE:1cxx_final
    Feature record: CXX_FEATURE:1cxx_func_identifier
    Feature record: CXX_FEATURE:1cxx_generalized_initializers
    Feature record: CXX_FEATURE:0cxx_generic_lambdas
    Feature record: CXX_FEATURE:1cxx_inheriting_constructors
    Feature record: CXX_FEATURE:1cxx_inline_namespaces
    Feature record: CXX_FEATURE:1cxx_lambdas
    Feature record: CXX_FEATURE:0cxx_lambda_init_captures
    Feature record: CXX_FEATURE:1cxx_local_type_template_args
    Feature record: CXX_FEATURE:1cxx_long_long_type
    Feature record: CXX_FEATURE:1cxx_noexcept
    Feature record: CXX_FEATURE:1cxx_nonstatic_member_init
    Feature record: CXX_FEATURE:1cxx_nullptr
    Feature record: CXX_FEATURE:1cxx_override
    Feature record: CXX_FEATURE:1cxx_range_for
    Feature record: CXX_FEATURE:1cxx_raw_string_literals
    Feature record: CXX_FEATURE:1cxx_reference_qualified_functions
    Feature record: CXX_FEATURE:0cxx_relaxed_constexpr
    Feature record: CXX_FEATURE:0cxx_return_type_deduction
    Feature record: CXX_FEATURE:1cxx_right_angle_brackets
    Feature record: CXX_FEATURE:1cxx_rvalue_references
    Feature record: CXX_FEATURE:1cxx_sizeof_member
    Feature record: CXX_FEATURE:1cxx_static_assert
    Feature record: CXX_FEATURE:1cxx_strong_enums
    Feature record: CXX_FEATURE:1cxx_template_template_parameters
    Feature record: CXX_FEATURE:1cxx_thread_local
    Feature record: CXX_FEATURE:1cxx_trailing_return_types
    Feature record: CXX_FEATURE:1cxx_unicode_literals
    Feature record: CXX_FEATURE:1cxx_uniform_initialization
    Feature record: CXX_FEATURE:1cxx_unrestricted_unions
    Feature record: CXX_FEATURE:1cxx_user_literals
    Feature record: CXX_FEATURE:0cxx_variable_templates
    Feature record: CXX_FEATURE:1cxx_variadic_macros
    Feature record: CXX_FEATURE:1cxx_variadic_templates


Detecting CXX [-std=c++98] compiler features compiled with the following output:
Change Dir: /usr/OpenDroneMap_v0_3_1/SuperBuild/build/ceres/CMakeFiles/CMakeTmp

Run Build Command:"/usr/bin/make" "cmTC_5babd/fast"
make[3]: Entering directory '/usr/OpenDroneMap_v0_3_1/SuperBuild/build/ceres/CMakeFiles/CMakeTmp'
/usr/bin/make -f CMakeFiles/cmTC_5babd.dir/build.make CMakeFiles/cmTC_5babd.dir/build
make[4]: Entering directory '/usr/OpenDroneMap_v0_3_1/SuperBuild/build/ceres/CMakeFiles/CMakeTmp'
Building CXX object CMakeFiles/cmTC_5babd.dir/feature_tests.cxx.o
/usr/bin/c++     -fPIC    -std=c++98 -o CMakeFiles/cmTC_5babd.dir/feature_tests.cxx.o -c /usr/OpenDroneMap_v0_3_1/SuperBuild/build/ceres/CMakeFiles/feature_tests.cxx
Linking CXX executable cmTC_5babd
/usr/bin/cmake -E cmake_link_script CMakeFiles/cmTC_5babd.dir/link.txt --verbose=1
/usr/bin/c++   -fPIC     CMakeFiles/cmTC_5babd.dir/feature_tests.cxx.o  -o cmTC_5babd -rdynamic 
make[4]: Leaving directory '/usr/OpenDroneMap_v0_3_1/SuperBuild/build/ceres/CMakeFiles/CMakeTmp'
make[3]: Leaving directory '/usr/OpenDroneMap_v0_3_1/SuperBuild/build/ceres/CMakeFiles/CMakeTmp'


    Feature record: CXX_FEATURE:0cxx_aggregate_default_initializers
    Feature record: CXX_FEATURE:0cxx_alias_templates
    Feature record: CXX_FEATURE:0cxx_alignas
    Feature record: CXX_FEATURE:0cxx_alignof
    Feature record: CXX_FEATURE:0cxx_attributes
    Feature record: CXX_FEATURE:0cxx_attribute_deprecated
    Feature record: CXX_FEATURE:0cxx_auto_type
    Feature record: CXX_FEATURE:0cxx_binary_literals
    Feature record: CXX_FEATURE:0cxx_constexpr
    Feature record: CXX_FEATURE:0cxx_contextual_conversions
    Feature record: CXX_FEATURE:0cxx_decltype
    Feature record: CXX_FEATURE:0cxx_decltype_auto
    Feature record: CXX_FEATURE:0cxx_decltype_incomplete_return_types
    Feature record: CXX_FEATURE:0cxx_default_function_template_args
    Feature record: CXX_FEATURE:0cxx_defaulted_functions
    Feature record: CXX_FEATURE:0cxx_defaulted_move_initializers
    Feature record: CXX_FEATURE:0cxx_delegating_constructors
    Feature record: CXX_FEATURE:0cxx_deleted_functions
    Feature record: CXX_FEATURE:0cxx_digit_separators
    Feature record: CXX_FEATURE:0cxx_enum_forward_declarations
    Feature record: CXX_FEATURE:0cxx_explicit_conversions
    Feature record: CXX_FEATURE:0cxx_extended_friend_declarations
    Feature record: CXX_FEATURE:0cxx_extern_templates
    Feature record: CXX_FEATURE:0cxx_final
    Feature record: CXX_FEATURE:0cxx_func_identifier
    Feature record: CXX_FEATURE:0cxx_generalized_initializers
    Feature record: CXX_FEATURE:0cxx_generic_lambdas
    Feature record: CXX_FEATURE:0cxx_inheriting_constructors
    Feature record: CXX_FEATURE:0cxx_inline_namespaces
    Feature record: CXX_FEATURE:0cxx_lambdas
    Feature record: CXX_FEATURE:0cxx_lambda_init_captures
    Feature record: CXX_FEATURE:0cxx_local_type_template_args
    Feature record: CXX_FEATURE:0cxx_long_long_type
    Feature record: CXX_FEATURE:0cxx_noexcept
    Feature record: CXX_FEATURE:0cxx_nonstatic_member_init
    Feature record: CXX_FEATURE:0cxx_nullptr
    Feature record: CXX_FEATURE:0cxx_override
    Feature record: CXX_FEATURE:0cxx_range_for
    Feature record: CXX_FEATURE:0cxx_raw_string_literals
    Feature record: CXX_FEATURE:0cxx_reference_qualified_functions
    Feature record: CXX_FEATURE:0cxx_relaxed_constexpr
    Feature record: CXX_FEATURE:0cxx_return_type_deduction
    Feature record: CXX_FEATURE:0cxx_right_angle_brackets
    Feature record: CXX_FEATURE:0cxx_rvalue_references
    Feature record: CXX_FEATURE:0cxx_sizeof_member
    Feature record: CXX_FEATURE:0cxx_static_assert
    Feature record: CXX_FEATURE:0cxx_strong_enums
    Feature record: CXX_FEATURE:1cxx_template_template_parameters
    Feature record: CXX_FEATURE:0cxx_thread_local
    Feature record: CXX_FEATURE:0cxx_trailing_return_types
    Feature record: CXX_FEATURE:0cxx_unicode_literals
    Feature record: CXX_FEATURE:0cxx_uniform_initialization
    Feature record: CXX_FEATURE:0cxx_unrestricted_unions
    Feature record: CXX_FEATURE:0cxx_user_literals
    Feature record: CXX_FEATURE:0cxx_variable_templates
    Feature record: CXX_FEATURE:0cxx_variadic_macros
    Feature record: CXX_FEATURE:0cxx_variadic_templates
Determining if the function sgemm_ exists passed with the following output:
Change Dir: /usr/OpenDroneMap_v0_3_1/SuperBuild/build/ceres/CMakeFiles/CMakeTmp

Run Build Command:"/usr/bin/make" "cmTC_67f0f/fast"
make[3]: Entering directory '/usr/OpenDroneMap_v0_3_1/SuperBuild/build/ceres/CMakeFiles/CMakeTmp'
/usr/bin/make -f CMakeFiles/cmTC_67f0f.dir/build.make CMakeFiles/cmTC_67f0f.dir/build
make[4]: Entering directory '/usr/OpenDroneMap_v0_3_1/SuperBuild/build/ceres/CMakeFiles/CMakeTmp'
Building C object CMakeFiles/cmTC_67f0f.dir/CheckFunctionExists.c.o
/usr/bin/cc    -fPIC -DCHECK_FUNCTION_EXISTS=sgemm_   -o CMakeFiles/cmTC_67f0f.dir/CheckFunctionExists.c.o   -c /usr/share/cmake-3.5/Modules/CheckFunctionExists.c
Linking C executable cmTC_67f0f
/usr/bin/cmake -E cmake_link_script CMakeFiles/cmTC_67f0f.dir/link.txt --verbose=1
/usr/bin/cc  -fPIC -DCHECK_FUNCTION_EXISTS=sgemm_    CMakeFiles/cmTC_67f0f.dir/CheckFunctionExists.c.o  -o cmTC_67f0f -rdynamic /usr/lib/libblas.so 
make[4]: Leaving directory '/usr/OpenDroneMap_v0_3_1/SuperBuild/build/ceres/CMakeFiles/CMakeTmp'
make[3]: Leaving directory '/usr/OpenDroneMap_v0_3_1/SuperBuild/build/ceres/CMakeFiles/CMakeTmp'


Determining if the include file pthread.h exists passed with the following output:
Change Dir: /usr/OpenDroneMap_v0_3_1/SuperBuild/build/ceres/CMakeFiles/CMakeTmp

Run Build Command:"/usr/bin/make" "cmTC_3f721/fast"
make[3]: Entering directory '/usr/OpenDroneMap_v0_3_1/SuperBuild/build/ceres/CMakeFiles/CMakeTmp'
/usr/bin/make -f CMakeFiles/cmTC_3f721.dir/build.make CMakeFiles/cmTC_3f721.dir/build
make[4]: Entering directory '/usr/OpenDroneMap_v0_3_1/SuperBuild/build/ceres/CMakeFiles/CMakeTmp'
Building C object CMakeFiles/cmTC_3f721.dir/CheckIncludeFile.c.o
/usr/bin/cc    -fPIC    -o CMakeFiles/cmTC_3f721.dir/CheckIncludeFile.c.o   -c /usr/OpenDroneMap_v0_3_1/SuperBuild/build/ceres/CMakeFiles/CMakeTmp/CheckIncludeFile.c
Linking C executable cmTC_3f721
/usr/bin/cmake -E cmake_link_script CMakeFiles/cmTC_3f721.dir/link.txt --verbose=1
/usr/bin/cc  -fPIC     CMakeFiles/cmTC_3f721.dir/CheckIncludeFile.c.o  -o cmTC_3f721 -rdynamic 
make[4]: Leaving directory '/usr/OpenDroneMap_v0_3_1/SuperBuild/build/ceres/CMakeFiles/CMakeTmp'
make[3]: Leaving directory '/usr/OpenDroneMap_v0_3_1/SuperBuild/build/ceres/CMakeFiles/CMakeTmp'


Determining if the function pthread_create exists in the pthread passed with the following output:
Change Dir: /usr/OpenDroneMap_v0_3_1/SuperBuild/build/ceres/CMakeFiles/CMakeTmp

Run Build Command:"/usr/bin/make" "cmTC_067c8/fast"
make[3]: Entering directory '/usr/OpenDroneMap_v0_3_1/SuperBuild/build/ceres/CMakeFiles/CMakeTmp'
/usr/bin/make -f CMakeFiles/cmTC_067c8.dir/build.make CMakeFiles/cmTC_067c8.dir/build
make[4]: Entering directory '/usr/OpenDroneMap_v0_3_1/SuperBuild/build/ceres/CMakeFiles/CMakeTmp'
Building C object CMakeFiles/cmTC_067c8.dir/CheckFunctionExists.c.o
/usr/bin/cc    -fPIC -DCHECK_FUNCTION_EXISTS=pthread_create   -o CMakeFiles/cmTC_067c8.dir/CheckFunctionExists.c.o   -c /usr/share/cmake-3.5/Modules/CheckFunctionExists.c
Linking C executable cmTC_067c8
/usr/bin/cmake -E cmake_link_script CMakeFiles/cmTC_067c8.dir/link.txt --verbose=1
/usr/bin/cc  -fPIC -DCHECK_FUNCTION_EXISTS=pthread_create    CMakeFiles/cmTC_067c8.dir/CheckFunctionExists.c.o  -o cmTC_067c8 -rdynamic -lpthread 
make[4]: Leaving directory '/usr/OpenDroneMap_v0_3_1/SuperBuild/build/ceres/CMakeFiles/CMakeTmp'
make[3]: Leaving directory '/usr/OpenDroneMap_v0_3_1/SuperBuild/build/ceres/CMakeFiles/CMakeTmp'


Determining if the function cheev_ exists passed with the following output:
Change Dir: /usr/OpenDroneMap_v0_3_1/SuperBuild/build/ceres/CMakeFiles/CMakeTmp

Run Build Command:"/usr/bin/make" "cmTC_8d0c3/fast"
make[3]: Entering directory '/usr/OpenDroneMap_v0_3_1/SuperBuild/build/ceres/CMakeFiles/CMakeTmp'
/usr/bin/make -f CMakeFiles/cmTC_8d0c3.dir/build.make CMakeFiles/cmTC_8d0c3.dir/build
make[4]: Entering directory '/usr/OpenDroneMap_v0_3_1/SuperBuild/build/ceres/CMakeFiles/CMakeTmp'
Building C object CMakeFiles/cmTC_8d0c3.dir/CheckFunctionExists.c.o
/usr/bin/cc    -fPIC -DCHECK_FUNCTION_EXISTS=cheev_   -o CMakeFiles/cmTC_8d0c3.dir/CheckFunctionExists.c.o   -c /usr/share/cmake-3.5/Modules/CheckFunctionExists.c
Linking C executable cmTC_8d0c3
/usr/bin/cmake -E cmake_link_script CMakeFiles/cmTC_8d0c3.dir/link.txt --verbose=1
/usr/bin/cc  -fPIC -DCHECK_FUNCTION_EXISTS=cheev_    CMakeFiles/cmTC_8d0c3.dir/CheckFunctionExists.c.o  -o cmTC_8d0c3 -rdynamic /usr/lib/liblapack.so /usr/lib/libblas.so 
make[4]: Leaving directory '/usr/OpenDroneMap_v0_3_1/SuperBuild/build/ceres/CMakeFiles/CMakeTmp'
make[3]: Leaving directory '/usr/OpenDroneMap_v0_3_1/SuperBuild/build/ceres/CMakeFiles/CMakeTmp'


Performing C++ SOURCE FILE Test GFLAGS_IN_GOOGLE_NAMESPACE succeeded with the following output:
Change Dir: /usr/OpenDroneMap_v0_3_1/SuperBuild/build/ceres/CMakeFiles/CMakeTmp

Run Build Command:"/usr/bin/make" "cmTC_9c498/fast"
make[3]: Entering directory '/usr/OpenDroneMap_v0_3_1/SuperBuild/build/ceres/CMakeFiles/CMakeTmp'
/usr/bin/make -f CMakeFiles/cmTC_9c498.dir/build.make CMakeFiles/cmTC_9c498.dir/build
make[4]: Entering directory '/usr/OpenDroneMap_v0_3_1/SuperBuild/build/ceres/CMakeFiles/CMakeTmp'
Building CXX object CMakeFiles/cmTC_9c498.dir/src.cxx.o
/usr/bin/c++     -fPIC -DGFLAGS_IN_GOOGLE_NAMESPACE   -o CMakeFiles/cmTC_9c498.dir/src.cxx.o -c /usr/OpenDroneMap_v0_3_1/SuperBuild/build/ceres/CMakeFiles/CMakeTmp/src.cxx
Linking CXX executable cmTC_9c498
/usr/bin/cmake -E cmake_link_script CMakeFiles/cmTC_9c498.dir/link.txt --verbose=1
/usr/bin/c++   -fPIC -DGFLAGS_IN_GOOGLE_NAMESPACE    CMakeFiles/cmTC_9c498.dir/src.cxx.o  -o cmTC_9c498 -rdynamic /usr/lib/x86_64-linux-gnu/libgflags.so 
make[4]: Leaving directory '/usr/OpenDroneMap_v0_3_1/SuperBuild/build/ceres/CMakeFiles/CMakeTmp'
make[3]: Leaving directory '/usr/OpenDroneMap_v0_3_1/SuperBuild/build/ceres/CMakeFiles/CMakeTmp'

Source file was:
#include <gflags/gflags.h>
     int main(int argc, char * argv[]) {
       google::ParseCommandLineFlags(&argc, &argv, true);
       return 0;
     }
Performing C SOURCE FILE Test OpenMP_FLAG_DETECTED succeeded with the following output:
Change Dir: /usr/OpenDroneMap_v0_3_1/SuperBuild/build/ceres/CMakeFiles/CMakeTmp

Run Build Command:"/usr/bin/make" "cmTC_70ad2/fast"
make[3]: Entering directory '/usr/OpenDroneMap_v0_3_1/SuperBuild/build/ceres/CMakeFiles/CMakeTmp'
/usr/bin/make -f CMakeFiles/cmTC_70ad2.dir/build.make CMakeFiles/cmTC_70ad2.dir/build
make[4]: Entering directory '/usr/OpenDroneMap_v0_3_1/SuperBuild/build/ceres/CMakeFiles/CMakeTmp'
Building C object CMakeFiles/cmTC_70ad2.dir/src.c.o
/usr/bin/cc    -fPIC -DOpenMP_FLAG_DETECTED -fopenmp   -o CMakeFiles/cmTC_70ad2.dir/src.c.o   -c /usr/OpenDroneMap_v0_3_1/SuperBuild/build/ceres/CMakeFiles/CMakeTmp/src.c
Linking C executable cmTC_70ad2
/usr/bin/cmake -E cmake_link_script CMakeFiles/cmTC_70ad2.dir/link.txt --verbose=1
/usr/bin/cc  -fPIC -DOpenMP_FLAG_DETECTED -fopenmp    CMakeFiles/cmTC_70ad2.dir/src.c.o  -o cmTC_70ad2 -rdynamic /usr/lib/x86_64-linux-gnu/libgflags.so 
make[4]: Leaving directory '/usr/OpenDroneMap_v0_3_1/SuperBuild/build/ceres/CMakeFiles/CMakeTmp'
make[3]: Leaving directory '/usr/OpenDroneMap_v0_3_1/SuperBuild/build/ceres/CMakeFiles/CMakeTmp'

Source file was:

#include <omp.h>
int main() {
#ifdef _OPENMP
  return 0;
#else
  breaks_on_purpose
#endif
}

Performing C++ SOURCE FILE Test OpenMP_FLAG_DETECTED succeeded with the following output:
Change Dir: /usr/OpenDroneMap_v0_3_1/SuperBuild/build/ceres/CMakeFiles/CMakeTmp

Run Build Command:"/usr/bin/make" "cmTC_ef1d1/fast"
make[3]: Entering directory '/usr/OpenDroneMap_v0_3_1/SuperBuild/build/ceres/CMakeFiles/CMakeTmp'
/usr/bin/make -f CMakeFiles/cmTC_ef1d1.dir/build.make CMakeFiles/cmTC_ef1d1.dir/build
make[4]: Entering directory '/usr/OpenDroneMap_v0_3_1/SuperBuild/build/ceres/CMakeFiles/CMakeTmp'
Building CXX object CMakeFiles/cmTC_ef1d1.dir/src.cxx.o
/usr/bin/c++     -fPIC -DOpenMP_FLAG_DETECTED -fopenmp   -o CMakeFiles/cmTC_ef1d1.dir/src.cxx.o -c /usr/OpenDroneMap_v0_3_1/SuperBuild/build/ceres/CMakeFiles/CMakeTmp/src.cxx
Linking CXX executable cmTC_ef1d1
/usr/bin/cmake -E cmake_link_script CMakeFiles/cmTC_ef1d1.dir/link.txt --verbose=1
/usr/bin/c++   -fPIC -DOpenMP_FLAG_DETECTED -fopenmp    CMakeFiles/cmTC_ef1d1.dir/src.cxx.o  -o cmTC_ef1d1 -rdynamic /usr/lib/x86_64-linux-gnu/libgflags.so 
make[4]: Leaving directory '/usr/OpenDroneMap_v0_3_1/SuperBuild/build/ceres/CMakeFiles/CMakeTmp'
make[3]: Leaving directory '/usr/OpenDroneMap_v0_3_1/SuperBuild/build/ceres/CMakeFiles/CMakeTmp'

Source file was:

#include <omp.h>
int main() {
#ifdef _OPENMP
  return 0;
#else
  breaks_on_purpose
#endif
}

Determining if the include file tr1/unordered_map exists passed with the following output:
Change Dir: /usr/OpenDroneMap_v0_3_1/SuperBuild/build/ceres/CMakeFiles/CMakeTmp

Run Build Command:"/usr/bin/make" "cmTC_2f51d/fast"
make[3]: Entering directory '/usr/OpenDroneMap_v0_3_1/SuperBuild/build/ceres/CMakeFiles/CMakeTmp'
/usr/bin/make -f CMakeFiles/cmTC_2f51d.dir/build.make CMakeFiles/cmTC_2f51d.dir/build
make[4]: Entering directory '/usr/OpenDroneMap_v0_3_1/SuperBuild/build/ceres/CMakeFiles/CMakeTmp'
Building CXX object CMakeFiles/cmTC_2f51d.dir/CheckIncludeFile.cxx.o
/usr/bin/c++     -fPIC -fopenmp    -o CMakeFiles/cmTC_2f51d.dir/CheckIncludeFile.cxx.o -c /usr/OpenDroneMap_v0_3_1/SuperBuild/build/ceres/CMakeFiles/CMakeTmp/CheckIncludeFile.cxx
Linking CXX executable cmTC_2f51d
/usr/bin/cmake -E cmake_link_script CMakeFiles/cmTC_2f51d.dir/link.txt --verbose=1
/usr/bin/c++   -fPIC -fopenmp     CMakeFiles/cmTC_2f51d.dir/CheckIncludeFile.cxx.o  -o cmTC_2f51d -rdynamic 
make[4]: Leaving directory '/usr/OpenDroneMap_v0_3_1/SuperBuild/build/ceres/CMakeFiles/CMakeTmp'
make[3]: Leaving directory '/usr/OpenDroneMap_v0_3_1/SuperBuild/build/ceres/CMakeFiles/CMakeTmp'


Determining if the include file memory exists passed with the following output:
Change Dir: /usr/OpenDroneMap_v0_3_1/SuperBuild/build/ceres/CMakeFiles/CMakeTmp

Run Build Command:"/usr/bin/make" "cmTC_9a3d0/fast"
make[3]: Entering directory '/usr/OpenDroneMap_v0_3_1/SuperBuild/build/ceres/CMakeFiles/CMakeTmp'
/usr/bin/make -f CMakeFiles/cmTC_9a3d0.dir/build.make CMakeFiles/cmTC_9a3d0.dir/build
make[4]: Entering directory '/usr/OpenDroneMap_v0_3_1/SuperBuild/build/ceres/CMakeFiles/CMakeTmp'
Building CXX object CMakeFiles/cmTC_9a3d0.dir/CheckIncludeFile.cxx.o
/usr/bin/c++     -fPIC -fopenmp    -o CMakeFiles/cmTC_9a3d0.dir/CheckIncludeFile.cxx.o -c /usr/OpenDroneMap_v0_3_1/SuperBuild/build/ceres/CMakeFiles/CMakeTmp/CheckIncludeFile.cxx
Linking CXX executable cmTC_9a3d0
/usr/bin/cmake -E cmake_link_script CMakeFiles/cmTC_9a3d0.dir/link.txt --verbose=1
/usr/bin/c++   -fPIC -fopenmp     CMakeFiles/cmTC_9a3d0.dir/CheckIncludeFile.cxx.o  -o cmTC_9a3d0 -rdynamic 
make[4]: Leaving directory '/usr/OpenDroneMap_v0_3_1/SuperBuild/build/ceres/CMakeFiles/CMakeTmp'
make[3]: Leaving directory '/usr/OpenDroneMap_v0_3_1/SuperBuild/build/ceres/CMakeFiles/CMakeTmp'


Determining if the include file tr1/memory exists passed with the following output:
Change Dir: /usr/OpenDroneMap_v0_3_1/SuperBuild/build/ceres/CMakeFiles/CMakeTmp

Run Build Command:"/usr/bin/make" "cmTC_a0053/fast"
make[3]: Entering directory '/usr/OpenDroneMap_v0_3_1/SuperBuild/build/ceres/CMakeFiles/CMakeTmp'
/usr/bin/make -f CMakeFiles/cmTC_a0053.dir/build.make CMakeFiles/cmTC_a0053.dir/build
make[4]: Entering directory '/usr/OpenDroneMap_v0_3_1/SuperBuild/build/ceres/CMakeFiles/CMakeTmp'
Building CXX object CMakeFiles/cmTC_a0053.dir/CheckIncludeFile.cxx.o
/usr/bin/c++     -fPIC -fopenmp    -o CMakeFiles/cmTC_a0053.dir/CheckIncludeFile.cxx.o -c /usr/OpenDroneMap_v0_3_1/SuperBuild/build/ceres/CMakeFiles/CMakeTmp/CheckIncludeFile.cxx
Linking CXX executable cmTC_a0053
/usr/bin/cmake -E cmake_link_script CMakeFiles/cmTC_a0053.dir/link.txt --verbose=1
/usr/bin/c++   -fPIC -fopenmp     CMakeFiles/cmTC_a0053.dir/CheckIncludeFile.cxx.o  -o cmTC_a0053 -rdynamic 
make[4]: Leaving directory '/usr/OpenDroneMap_v0_3_1/SuperBuild/build/ceres/CMakeFiles/CMakeTmp'
make[3]: Leaving directory '/usr/OpenDroneMap_v0_3_1/SuperBuild/build/ceres/CMakeFiles/CMakeTmp'


Performing C++ SOURCE FILE Test HAVE_SHARED_PTR_IN_TR1_NAMESPACE_FROM_TR1_MEMORY_HEADER succeeded with the following output:
Change Dir: /usr/OpenDroneMap_v0_3_1/SuperBuild/build/ceres/CMakeFiles/CMakeTmp

Run Build Command:"/usr/bin/make" "cmTC_4d142/fast"
make[3]: Entering directory '/usr/OpenDroneMap_v0_3_1/SuperBuild/build/ceres/CMakeFiles/CMakeTmp'
/usr/bin/make -f CMakeFiles/cmTC_4d142.dir/build.make CMakeFiles/cmTC_4d142.dir/build
make[4]: Entering directory '/usr/OpenDroneMap_v0_3_1/SuperBuild/build/ceres/CMakeFiles/CMakeTmp'
Building CXX object CMakeFiles/cmTC_4d142.dir/src.cxx.o
/usr/bin/c++     -fPIC -fopenmp -DHAVE_SHARED_PTR_IN_TR1_NAMESPACE_FROM_TR1_MEMORY_HEADER   -o CMakeFiles/cmTC_4d142.dir/src.cxx.o -c /usr/OpenDroneMap_v0_3_1/SuperBuild/build/ceres/CMakeFiles/CMakeTmp/src.cxx
Linking CXX executable cmTC_4d142
/usr/bin/cmake -E cmake_link_script CMakeFiles/cmTC_4d142.dir/link.txt --verbose=1
/usr/bin/c++   -fPIC -fopenmp -DHAVE_SHARED_PTR_IN_TR1_NAMESPACE_FROM_TR1_MEMORY_HEADER    CMakeFiles/cmTC_4d142.dir/src.cxx.o  -o cmTC_4d142 -rdynamic /usr/lib/x86_64-linux-gnu/libgflags.so 
make[4]: Leaving directory '/usr/OpenDroneMap_v0_3_1/SuperBuild/build/ceres/CMakeFiles/CMakeTmp'
make[3]: Leaving directory '/usr/OpenDroneMap_v0_3_1/SuperBuild/build/ceres/CMakeFiles/CMakeTmp'

Source file was:
#include <tr1/memory>
                                 int main() {
                                   std::tr1::shared_ptr<int> int_ptr;
                                   return 0;
                                 }
