The system is: Linux - 4.4.0-96-lowlatency - x86_64
Compiling the CXX compiler identification source file "CMakeCXXCompilerId.cpp" succeeded.
Compiler: /usr/bin/c++ 
Build flags: 
Id flags: 

The output was:
0


Compilation of the CXX compiler identification source "CMakeCXXCompilerId.cpp" produced "a.out"

The CXX compiler identification is GNU, found in "/usr/OpenDroneMap_v0_3_1/SuperBuild/build/opencv/CMakeFiles/3.5.2/CompilerIdCXX/a.out"

Compiling the C compiler identification source file "CMakeCCompilerId.c" succeeded.
Compiler: /usr/bin/cc 
Build flags: 
Id flags: 

The output was:
0


Compilation of the C compiler identification source "CMakeCCompilerId.c" produced "a.out"

The C compiler identification is GNU, found in "/usr/OpenDroneMap_v0_3_1/SuperBuild/build/opencv/CMakeFiles/3.5.2/CompilerIdC/a.out"

Determining if the CXX compiler works passed with the following output:
Change Dir: /usr/OpenDroneMap_v0_3_1/SuperBuild/build/opencv/CMakeFiles/CMakeTmp

Run Build Command:"/usr/bin/make" "cmTC_ab0ed/fast"
make[3]: Entering directory '/usr/OpenDroneMap_v0_3_1/SuperBuild/build/opencv/CMakeFiles/CMakeTmp'
/usr/bin/make -f CMakeFiles/cmTC_ab0ed.dir/build.make CMakeFiles/cmTC_ab0ed.dir/build
make[4]: Entering directory '/usr/OpenDroneMap_v0_3_1/SuperBuild/build/opencv/CMakeFiles/CMakeTmp'
Building CXX object CMakeFiles/cmTC_ab0ed.dir/testCXXCompiler.cxx.o
/usr/bin/c++      -o CMakeFiles/cmTC_ab0ed.dir/testCXXCompiler.cxx.o -c /usr/OpenDroneMap_v0_3_1/SuperBuild/build/opencv/CMakeFiles/CMakeTmp/testCXXCompiler.cxx
Linking CXX executable cmTC_ab0ed
/usr/bin/cmake -E cmake_link_script CMakeFiles/cmTC_ab0ed.dir/link.txt --verbose=1
/usr/bin/c++        CMakeFiles/cmTC_ab0ed.dir/testCXXCompiler.cxx.o  -o cmTC_ab0ed -rdynamic 
make[4]: Leaving directory '/usr/OpenDroneMap_v0_3_1/SuperBuild/build/opencv/CMakeFiles/CMakeTmp'
make[3]: Leaving directory '/usr/OpenDroneMap_v0_3_1/SuperBuild/build/opencv/CMakeFiles/CMakeTmp'


Detecting CXX compiler ABI info compiled with the following output:
Change Dir: /usr/OpenDroneMap_v0_3_1/SuperBuild/build/opencv/CMakeFiles/CMakeTmp

Run Build Command:"/usr/bin/make" "cmTC_e63cc/fast"
make[3]: Entering directory '/usr/OpenDroneMap_v0_3_1/SuperBuild/build/opencv/CMakeFiles/CMakeTmp'
/usr/bin/make -f CMakeFiles/cmTC_e63cc.dir/build.make CMakeFiles/cmTC_e63cc.dir/build
make[4]: Entering directory '/usr/OpenDroneMap_v0_3_1/SuperBuild/build/opencv/CMakeFiles/CMakeTmp'
Building CXX object CMakeFiles/cmTC_e63cc.dir/CMakeCXXCompilerABI.cpp.o
/usr/bin/c++      -o CMakeFiles/cmTC_e63cc.dir/CMakeCXXCompilerABI.cpp.o -c /usr/share/cmake-3.5/Modules/CMakeCXXCompilerABI.cpp
Linking CXX executable cmTC_e63cc
/usr/bin/cmake -E cmake_link_script CMakeFiles/cmTC_e63cc.dir/link.txt --verbose=1
/usr/bin/c++       -v CMakeFiles/cmTC_e63cc.dir/CMakeCXXCompilerABI.cpp.o  -o cmTC_e63cc -rdynamic  
Using built-in specs.
COLLECT_GCC=/usr/bin/c++
COLLECT_LTO_WRAPPER=/usr/lib/gcc/x86_64-linux-gnu/5/lto-wrapper
Target: x86_64-linux-gnu
Configured with: ../src/configure -v --with-pkgversion='Ubuntu 5.4.0-6ubuntu1~16.04.4' --with-bugurl=file:///usr/share/doc/gcc-5/README.Bugs --enable-languages=c,ada,c++,java,go,d,fortran,objc,obj-c++ --prefix=/usr --program-suffix=-5 --enable-shared --enable-linker-build-id --libexecdir=/usr/lib --without-included-gettext --enable-threads=posix --libdir=/usr/lib --enable-nls --with-sysroot=/ --enable-clocale=gnu --enable-libstdcxx-debug --enable-libstdcxx-time=yes --with-default-libstdcxx-abi=new --enable-gnu-unique-object --disable-vtable-verify --enable-libmpx --enable-plugin --with-system-zlib --disable-browser-plugin --enable-java-awt=gtk --enable-gtk-cairo --with-java-home=/usr/lib/jvm/java-1.5.0-gcj-5-amd64/jre --enable-java-home --with-jvm-root-dir=/usr/lib/jvm/java-1.5.0-gcj-5-amd64 --with-jvm-jar-dir=/usr/lib/jvm-exports/java-1.5.0-gcj-5-amd64 --with-arch-directory=amd64 --with-ecj-jar=/usr/share/java/eclipse-ecj.jar --enable-objc-gc --enable-multiarch --disable-werror --with-arch-32=i686 --with-abi=m64 --with-multilib-list=m32,m64,mx32 --enable-multilib --with-tune=generic --enable-checking=release --build=x86_64-linux-gnu --host=x86_64-linux-gnu --target=x86_64-linux-gnu
Thread model: posix
gcc version 5.4.0 20160609 (Ubuntu 5.4.0-6ubuntu1~16.04.4) 
COMPILER_PATH=/usr/lib/gcc/x86_64-linux-gnu/5/:/usr/lib/gcc/x86_64-linux-gnu/5/:/usr/lib/gcc/x86_64-linux-gnu/:/usr/lib/gcc/x86_64-linux-gnu/5/:/usr/lib/gcc/x86_64-linux-gnu/
LIBRARY_PATH=/usr/lib/gcc/x86_64-linux-gnu/5/:/usr/lib/gcc/x86_64-linux-gnu/5/../../../x86_64-linux-gnu/:/usr/lib/gcc/x86_64-linux-gnu/5/../../../../lib/:/lib/x86_64-linux-gnu/:/lib/../lib/:/usr/lib/x86_64-linux-gnu/:/usr/lib/../lib/:/usr/lib/gcc/x86_64-linux-gnu/5/../../../:/lib/:/usr/lib/
COLLECT_GCC_OPTIONS='-v' '-o' 'cmTC_e63cc' '-rdynamic' '-shared-libgcc' '-mtune=generic' '-march=x86-64'
 /usr/lib/gcc/x86_64-linux-gnu/5/collect2 -plugin /usr/lib/gcc/x86_64-linux-gnu/5/liblto_plugin.so -plugin-opt=/usr/lib/gcc/x86_64-linux-gnu/5/lto-wrapper -plugin-opt=-fresolution=/tmp/ccAlyNa5.res -plugin-opt=-pass-through=-lgcc_s -plugin-opt=-pass-through=-lgcc -plugin-opt=-pass-through=-lc -plugin-opt=-pass-through=-lgcc_s -plugin-opt=-pass-through=-lgcc --sysroot=/ --build-id --eh-frame-hdr -m elf_x86_64 --hash-style=gnu --as-needed -export-dynamic -dynamic-linker /lib64/ld-linux-x86-64.so.2 -z relro -o cmTC_e63cc /usr/lib/gcc/x86_64-linux-gnu/5/../../../x86_64-linux-gnu/crt1.o /usr/lib/gcc/x86_64-linux-gnu/5/../../../x86_64-linux-gnu/crti.o /usr/lib/gcc/x86_64-linux-gnu/5/crtbegin.o -L/usr/lib/gcc/x86_64-linux-gnu/5 -L/usr/lib/gcc/x86_64-linux-gnu/5/../../../x86_64-linux-gnu -L/usr/lib/gcc/x86_64-linux-gnu/5/../../../../lib -L/lib/x86_64-linux-gnu -L/lib/../lib -L/usr/lib/x86_64-linux-gnu -L/usr/lib/../lib -L/usr/lib/gcc/x86_64-linux-gnu/5/../../.. CMakeFiles/cmTC_e63cc.dir/CMakeCXXCompilerABI.cpp.o -lstdc++ -lm -lgcc_s -lgcc -lc -lgcc_s -lgcc /usr/lib/gcc/x86_64-linux-gnu/5/crtend.o /usr/lib/gcc/x86_64-linux-gnu/5/../../../x86_64-linux-gnu/crtn.o
make[4]: Leaving directory '/usr/OpenDroneMap_v0_3_1/SuperBuild/build/opencv/CMakeFiles/CMakeTmp'
make[3]: Leaving directory '/usr/OpenDroneMap_v0_3_1/SuperBuild/build/opencv/CMakeFiles/CMakeTmp'


Parsed CXX implicit link information from above output:
  link line regex: [^( *|.*[/\])(ld|([^/\]+-)?ld|collect2)[^/\]*( |$)]
  ignore line: [Change Dir: /usr/OpenDroneMap_v0_3_1/SuperBuild/build/opencv/CMakeFiles/CMakeTmp]
  ignore line: []
  ignore line: [Run Build Command:"/usr/bin/make" "cmTC_e63cc/fast"]
  ignore line: [make[3]: Entering directory '/usr/OpenDroneMap_v0_3_1/SuperBuild/build/opencv/CMakeFiles/CMakeTmp']
  ignore line: [/usr/bin/make -f CMakeFiles/cmTC_e63cc.dir/build.make CMakeFiles/cmTC_e63cc.dir/build]
  ignore line: [make[4]: Entering directory '/usr/OpenDroneMap_v0_3_1/SuperBuild/build/opencv/CMakeFiles/CMakeTmp']
  ignore line: [Building CXX object CMakeFiles/cmTC_e63cc.dir/CMakeCXXCompilerABI.cpp.o]
  ignore line: [/usr/bin/c++      -o CMakeFiles/cmTC_e63cc.dir/CMakeCXXCompilerABI.cpp.o -c /usr/share/cmake-3.5/Modules/CMakeCXXCompilerABI.cpp]
  ignore line: [Linking CXX executable cmTC_e63cc]
  ignore line: [/usr/bin/cmake -E cmake_link_script CMakeFiles/cmTC_e63cc.dir/link.txt --verbose=1]
  ignore line: [/usr/bin/c++       -v CMakeFiles/cmTC_e63cc.dir/CMakeCXXCompilerABI.cpp.o  -o cmTC_e63cc -rdynamic  ]
  ignore line: [Using built-in specs.]
  ignore line: [COLLECT_GCC=/usr/bin/c++]
  ignore line: [COLLECT_LTO_WRAPPER=/usr/lib/gcc/x86_64-linux-gnu/5/lto-wrapper]
  ignore line: [Target: x86_64-linux-gnu]
  ignore line: [Configured with: ../src/configure -v --with-pkgversion='Ubuntu 5.4.0-6ubuntu1~16.04.4' --with-bugurl=file:///usr/share/doc/gcc-5/README.Bugs --enable-languages=c,ada,c++,java,go,d,fortran,objc,obj-c++ --prefix=/usr --program-suffix=-5 --enable-shared --enable-linker-build-id --libexecdir=/usr/lib --without-included-gettext --enable-threads=posix --libdir=/usr/lib --enable-nls --with-sysroot=/ --enable-clocale=gnu --enable-libstdcxx-debug --enable-libstdcxx-time=yes --with-default-libstdcxx-abi=new --enable-gnu-unique-object --disable-vtable-verify --enable-libmpx --enable-plugin --with-system-zlib --disable-browser-plugin --enable-java-awt=gtk --enable-gtk-cairo --with-java-home=/usr/lib/jvm/java-1.5.0-gcj-5-amd64/jre --enable-java-home --with-jvm-root-dir=/usr/lib/jvm/java-1.5.0-gcj-5-amd64 --with-jvm-jar-dir=/usr/lib/jvm-exports/java-1.5.0-gcj-5-amd64 --with-arch-directory=amd64 --with-ecj-jar=/usr/share/java/eclipse-ecj.jar --enable-objc-gc --enable-multiarch --disable-werror --with-arch-32=i686 --with-abi=m64 --with-multilib-list=m32,m64,mx32 --enable-multilib --with-tune=generic --enable-checking=release --build=x86_64-linux-gnu --host=x86_64-linux-gnu --target=x86_64-linux-gnu]
  ignore line: [Thread model: posix]
  ignore line: [gcc version 5.4.0 20160609 (Ubuntu 5.4.0-6ubuntu1~16.04.4) ]
  ignore line: [COMPILER_PATH=/usr/lib/gcc/x86_64-linux-gnu/5/:/usr/lib/gcc/x86_64-linux-gnu/5/:/usr/lib/gcc/x86_64-linux-gnu/:/usr/lib/gcc/x86_64-linux-gnu/5/:/usr/lib/gcc/x86_64-linux-gnu/]
  ignore line: [LIBRARY_PATH=/usr/lib/gcc/x86_64-linux-gnu/5/:/usr/lib/gcc/x86_64-linux-gnu/5/../../../x86_64-linux-gnu/:/usr/lib/gcc/x86_64-linux-gnu/5/../../../../lib/:/lib/x86_64-linux-gnu/:/lib/../lib/:/usr/lib/x86_64-linux-gnu/:/usr/lib/../lib/:/usr/lib/gcc/x86_64-linux-gnu/5/../../../:/lib/:/usr/lib/]
  ignore line: [COLLECT_GCC_OPTIONS='-v' '-o' 'cmTC_e63cc' '-rdynamic' '-shared-libgcc' '-mtune=generic' '-march=x86-64']
  link line: [ /usr/lib/gcc/x86_64-linux-gnu/5/collect2 -plugin /usr/lib/gcc/x86_64-linux-gnu/5/liblto_plugin.so -plugin-opt=/usr/lib/gcc/x86_64-linux-gnu/5/lto-wrapper -plugin-opt=-fresolution=/tmp/ccAlyNa5.res -plugin-opt=-pass-through=-lgcc_s -plugin-opt=-pass-through=-lgcc -plugin-opt=-pass-through=-lc -plugin-opt=-pass-through=-lgcc_s -plugin-opt=-pass-through=-lgcc --sysroot=/ --build-id --eh-frame-hdr -m elf_x86_64 --hash-style=gnu --as-needed -export-dynamic -dynamic-linker /lib64/ld-linux-x86-64.so.2 -z relro -o cmTC_e63cc /usr/lib/gcc/x86_64-linux-gnu/5/../../../x86_64-linux-gnu/crt1.o /usr/lib/gcc/x86_64-linux-gnu/5/../../../x86_64-linux-gnu/crti.o /usr/lib/gcc/x86_64-linux-gnu/5/crtbegin.o -L/usr/lib/gcc/x86_64-linux-gnu/5 -L/usr/lib/gcc/x86_64-linux-gnu/5/../../../x86_64-linux-gnu -L/usr/lib/gcc/x86_64-linux-gnu/5/../../../../lib -L/lib/x86_64-linux-gnu -L/lib/../lib -L/usr/lib/x86_64-linux-gnu -L/usr/lib/../lib -L/usr/lib/gcc/x86_64-linux-gnu/5/../../.. CMakeFiles/cmTC_e63cc.dir/CMakeCXXCompilerABI.cpp.o -lstdc++ -lm -lgcc_s -lgcc -lc -lgcc_s -lgcc /usr/lib/gcc/x86_64-linux-gnu/5/crtend.o /usr/lib/gcc/x86_64-linux-gnu/5/../../../x86_64-linux-gnu/crtn.o]
    arg [/usr/lib/gcc/x86_64-linux-gnu/5/collect2] ==> ignore
    arg [-plugin] ==> ignore
    arg [/usr/lib/gcc/x86_64-linux-gnu/5/liblto_plugin.so] ==> ignore
    arg [-plugin-opt=/usr/lib/gcc/x86_64-linux-gnu/5/lto-wrapper] ==> ignore
    arg [-plugin-opt=-fresolution=/tmp/ccAlyNa5.res] ==> ignore
    arg [-plugin-opt=-pass-through=-lgcc_s] ==> ignore
    arg [-plugin-opt=-pass-through=-lgcc] ==> ignore
    arg [-plugin-opt=-pass-through=-lc] ==> ignore
    arg [-plugin-opt=-pass-through=-lgcc_s] ==> ignore
    arg [-plugin-opt=-pass-through=-lgcc] ==> ignore
    arg [--sysroot=/] ==> ignore
    arg [--build-id] ==> ignore
    arg [--eh-frame-hdr] ==> ignore
    arg [-m] ==> ignore
    arg [elf_x86_64] ==> ignore
    arg [--hash-style=gnu] ==> ignore
    arg [--as-needed] ==> ignore
    arg [-export-dynamic] ==> ignore
    arg [-dynamic-linker] ==> ignore
    arg [/lib64/ld-linux-x86-64.so.2] ==> ignore
    arg [-zrelro] ==> ignore
    arg [-o] ==> ignore
    arg [cmTC_e63cc] ==> ignore
    arg [/usr/lib/gcc/x86_64-linux-gnu/5/../../../x86_64-linux-gnu/crt1.o] ==> ignore
    arg [/usr/lib/gcc/x86_64-linux-gnu/5/../../../x86_64-linux-gnu/crti.o] ==> ignore
    arg [/usr/lib/gcc/x86_64-linux-gnu/5/crtbegin.o] ==> ignore
    arg [-L/usr/lib/gcc/x86_64-linux-gnu/5] ==> dir [/usr/lib/gcc/x86_64-linux-gnu/5]
    arg [-L/usr/lib/gcc/x86_64-linux-gnu/5/../../../x86_64-linux-gnu] ==> dir [/usr/lib/gcc/x86_64-linux-gnu/5/../../../x86_64-linux-gnu]
    arg [-L/usr/lib/gcc/x86_64-linux-gnu/5/../../../../lib] ==> dir [/usr/lib/gcc/x86_64-linux-gnu/5/../../../../lib]
    arg [-L/lib/x86_64-linux-gnu] ==> dir [/lib/x86_64-linux-gnu]
    arg [-L/lib/../lib] ==> dir [/lib/../lib]
    arg [-L/usr/lib/x86_64-linux-gnu] ==> dir [/usr/lib/x86_64-linux-gnu]
    arg [-L/usr/lib/../lib] ==> dir [/usr/lib/../lib]
    arg [-L/usr/lib/gcc/x86_64-linux-gnu/5/../../..] ==> dir [/usr/lib/gcc/x86_64-linux-gnu/5/../../..]
    arg [CMakeFiles/cmTC_e63cc.dir/CMakeCXXCompilerABI.cpp.o] ==> ignore
    arg [-lstdc++] ==> lib [stdc++]
    arg [-lm] ==> lib [m]
    arg [-lgcc_s] ==> lib [gcc_s]
    arg [-lgcc] ==> lib [gcc]
    arg [-lc] ==> lib [c]
    arg [-lgcc_s] ==> lib [gcc_s]
    arg [-lgcc] ==> lib [gcc]
    arg [/usr/lib/gcc/x86_64-linux-gnu/5/crtend.o] ==> ignore
    arg [/usr/lib/gcc/x86_64-linux-gnu/5/../../../x86_64-linux-gnu/crtn.o] ==> ignore
  remove lib [gcc_s]
  remove lib [gcc]
  remove lib [gcc_s]
  remove lib [gcc]
  collapse library dir [/usr/lib/gcc/x86_64-linux-gnu/5] ==> [/usr/lib/gcc/x86_64-linux-gnu/5]
  collapse library dir [/usr/lib/gcc/x86_64-linux-gnu/5/../../../x86_64-linux-gnu] ==> [/usr/lib/x86_64-linux-gnu]
  collapse library dir [/usr/lib/gcc/x86_64-linux-gnu/5/../../../../lib] ==> [/usr/lib]
  collapse library dir [/lib/x86_64-linux-gnu] ==> [/lib/x86_64-linux-gnu]
  collapse library dir [/lib/../lib] ==> [/lib]
  collapse library dir [/usr/lib/x86_64-linux-gnu] ==> [/usr/lib/x86_64-linux-gnu]
  collapse library dir [/usr/lib/../lib] ==> [/usr/lib]
  collapse library dir [/usr/lib/gcc/x86_64-linux-gnu/5/../../..] ==> [/usr/lib]
  implicit libs: [stdc++;m;c]
  implicit dirs: [/usr/lib/gcc/x86_64-linux-gnu/5;/usr/lib/x86_64-linux-gnu;/usr/lib;/lib/x86_64-linux-gnu;/lib]
  implicit fwks: []




Detecting CXX [-std=c++14] compiler features compiled with the following output:
Change Dir: /usr/OpenDroneMap_v0_3_1/SuperBuild/build/opencv/CMakeFiles/CMakeTmp

Run Build Command:"/usr/bin/make" "cmTC_cddea/fast"
make[3]: Entering directory '/usr/OpenDroneMap_v0_3_1/SuperBuild/build/opencv/CMakeFiles/CMakeTmp'
/usr/bin/make -f CMakeFiles/cmTC_cddea.dir/build.make CMakeFiles/cmTC_cddea.dir/build
make[4]: Entering directory '/usr/OpenDroneMap_v0_3_1/SuperBuild/build/opencv/CMakeFiles/CMakeTmp'
Building CXX object CMakeFiles/cmTC_cddea.dir/feature_tests.cxx.o
/usr/bin/c++     -std=c++14 -o CMakeFiles/cmTC_cddea.dir/feature_tests.cxx.o -c /usr/OpenDroneMap_v0_3_1/SuperBuild/build/opencv/CMakeFiles/feature_tests.cxx
Linking CXX executable cmTC_cddea
/usr/bin/cmake -E cmake_link_script CMakeFiles/cmTC_cddea.dir/link.txt --verbose=1
/usr/bin/c++        CMakeFiles/cmTC_cddea.dir/feature_tests.cxx.o  -o cmTC_cddea -rdynamic 
make[4]: Leaving directory '/usr/OpenDroneMap_v0_3_1/SuperBuild/build/opencv/CMakeFiles/CMakeTmp'
make[3]: Leaving directory '/usr/OpenDroneMap_v0_3_1/SuperBuild/build/opencv/CMakeFiles/CMakeTmp'


    Feature record: CXX_FEATURE:1cxx_aggregate_default_initializers
    Feature record: CXX_FEATURE:1cxx_alias_templates
    Feature record: CXX_FEATURE:1cxx_alignas
    Feature record: CXX_FEATURE:1cxx_alignof
    Feature record: CXX_FEATURE:1cxx_attributes
    Feature record: CXX_FEATURE:1cxx_attribute_deprecated
    Feature record: CXX_FEATURE:1cxx_auto_type
    Feature record: CXX_FEATURE:1cxx_binary_literals
    Feature record: CXX_FEATURE:1cxx_constexpr
    Feature record: CXX_FEATURE:1cxx_contextual_conversions
    Feature record: CXX_FEATURE:1cxx_decltype
    Feature record: CXX_FEATURE:1cxx_decltype_auto
    Feature record: CXX_FEATURE:1cxx_decltype_incomplete_return_types
    Feature record: CXX_FEATURE:1cxx_default_function_template_args
    Feature record: CXX_FEATURE:1cxx_defaulted_functions
    Feature record: CXX_FEATURE:1cxx_defaulted_move_initializers
    Feature record: CXX_FEATURE:1cxx_delegating_constructors
    Feature record: CXX_FEATURE:1cxx_deleted_functions
    Feature record: CXX_FEATURE:1cxx_digit_separators
    Feature record: CXX_FEATURE:1cxx_enum_forward_declarations
    Feature record: CXX_FEATURE:1cxx_explicit_conversions
    Feature record: CXX_FEATURE:1cxx_extended_friend_declarations
    Feature record: CXX_FEATURE:1cxx_extern_templates
    Feature record: CXX_FEATURE:1cxx_final
    Feature record: CXX_FEATURE:1cxx_func_identifier
    Feature record: CXX_FEATURE:1cxx_generalized_initializers
    Feature record: CXX_FEATURE:1cxx_generic_lambdas
    Feature record: CXX_FEATURE:1cxx_inheriting_constructors
    Feature record: CXX_FEATURE:1cxx_inline_namespaces
    Feature record: CXX_FEATURE:1cxx_lambdas
    Feature record: CXX_FEATURE:1cxx_lambda_init_captures
    Feature record: CXX_FEATURE:1cxx_local_type_template_args
    Feature record: CXX_FEATURE:1cxx_long_long_type
    Feature record: CXX_FEATURE:1cxx_noexcept
    Feature record: CXX_FEATURE:1cxx_nonstatic_member_init
    Feature record: CXX_FEATURE:1cxx_nullptr
    Feature record: CXX_FEATURE:1cxx_override
    Feature record: CXX_FEATURE:1cxx_range_for
    Feature record: CXX_FEATURE:1cxx_raw_string_literals
    Feature record: CXX_FEATURE:1cxx_reference_qualified_functions
    Feature record: CXX_FEATURE:1cxx_relaxed_constexpr
    Feature record: CXX_FEATURE:1cxx_return_type_deduction
    Feature record: CXX_FEATURE:1cxx_right_angle_brackets
    Feature record: CXX_FEATURE:1cxx_rvalue_references
    Feature record: CXX_FEATURE:1cxx_sizeof_member
    Feature record: CXX_FEATURE:1cxx_static_assert
    Feature record: CXX_FEATURE:1cxx_strong_enums
    Feature record: CXX_FEATURE:1cxx_template_template_parameters
    Feature record: CXX_FEATURE:1cxx_thread_local
    Feature record: CXX_FEATURE:1cxx_trailing_return_types
    Feature record: CXX_FEATURE:1cxx_unicode_literals
    Feature record: CXX_FEATURE:1cxx_uniform_initialization
    Feature record: CXX_FEATURE:1cxx_unrestricted_unions
    Feature record: CXX_FEATURE:1cxx_user_literals
    Feature record: CXX_FEATURE:1cxx_variable_templates
    Feature record: CXX_FEATURE:1cxx_variadic_macros
    Feature record: CXX_FEATURE:1cxx_variadic_templates


Detecting CXX [-std=c++11] compiler features compiled with the following output:
Change Dir: /usr/OpenDroneMap_v0_3_1/SuperBuild/build/opencv/CMakeFiles/CMakeTmp

Run Build Command:"/usr/bin/make" "cmTC_fc164/fast"
make[3]: Entering directory '/usr/OpenDroneMap_v0_3_1/SuperBuild/build/opencv/CMakeFiles/CMakeTmp'
/usr/bin/make -f CMakeFiles/cmTC_fc164.dir/build.make CMakeFiles/cmTC_fc164.dir/build
make[4]: Entering directory '/usr/OpenDroneMap_v0_3_1/SuperBuild/build/opencv/CMakeFiles/CMakeTmp'
Building CXX object CMakeFiles/cmTC_fc164.dir/feature_tests.cxx.o
/usr/bin/c++     -std=c++11 -o CMakeFiles/cmTC_fc164.dir/feature_tests.cxx.o -c /usr/OpenDroneMap_v0_3_1/SuperBuild/build/opencv/CMakeFiles/feature_tests.cxx
Linking CXX executable cmTC_fc164
/usr/bin/cmake -E cmake_link_script CMakeFiles/cmTC_fc164.dir/link.txt --verbose=1
/usr/bin/c++        CMakeFiles/cmTC_fc164.dir/feature_tests.cxx.o  -o cmTC_fc164 -rdynamic 
make[4]: Leaving directory '/usr/OpenDroneMap_v0_3_1/SuperBuild/build/opencv/CMakeFiles/CMakeTmp'
make[3]: Leaving directory '/usr/OpenDroneMap_v0_3_1/SuperBuild/build/opencv/CMakeFiles/CMakeTmp'


    Feature record: CXX_FEATURE:0cxx_aggregate_default_initializers
    Feature record: CXX_FEATURE:1cxx_alias_templates
    Feature record: CXX_FEATURE:1cxx_alignas
    Feature record: CXX_FEATURE:1cxx_alignof
    Feature record: CXX_FEATURE:1cxx_attributes
    Feature record: CXX_FEATURE:0cxx_attribute_deprecated
    Feature record: CXX_FEATURE:1cxx_auto_type
    Feature record: CXX_FEATURE:0cxx_binary_literals
    Feature record: CXX_FEATURE:1cxx_constexpr
    Feature record: CXX_FEATURE:0cxx_contextual_conversions
    Feature record: CXX_FEATURE:1cxx_decltype
    Feature record: CXX_FEATURE:0cxx_decltype_auto
    Feature record: CXX_FEATURE:1cxx_decltype_incomplete_return_types
    Feature record: CXX_FEATURE:1cxx_default_function_template_args
    Feature record: CXX_FEATURE:1cxx_defaulted_functions
    Feature record: CXX_FEATURE:1cxx_defaulted_move_initializers
    Feature record: CXX_FEATURE:1cxx_delegating_constructors
    Feature record: CXX_FEATURE:1cxx_deleted_functions
    Feature record: CXX_FEATURE:0cxx_digit_separators
    Feature record: CXX_FEATURE:1cxx_enum_forward_declarations
    Feature record: CXX_FEATURE:1cxx_explicit_conversions
    Feature record: CXX_FEATURE:1cxx_extended_friend_declarations
    Feature record: CXX_FEATURE:1cxx_extern_templates
    Feature record: CXX_FEATURE:1cxx_final
    Feature record: CXX_FEATURE:1cxx_func_identifier
    Feature record: CXX_FEATURE:1cxx_generalized_initializers
    Feature record: CXX_FEATURE:0cxx_generic_lambdas
    Feature record: CXX_FEATURE:1cxx_inheriting_constructors
    Feature record: CXX_FEATURE:1cxx_inline_namespaces
    Feature record: CXX_FEATURE:1cxx_lambdas
    Feature record: CXX_FEATURE:0cxx_lambda_init_captures
    Feature record: CXX_FEATURE:1cxx_local_type_template_args
    Feature record: CXX_FEATURE:1cxx_long_long_type
    Feature record: CXX_FEATURE:1cxx_noexcept
    Feature record: CXX_FEATURE:1cxx_nonstatic_member_init
    Feature record: CXX_FEATURE:1cxx_nullptr
    Feature record: CXX_FEATURE:1cxx_override
    Feature record: CXX_FEATURE:1cxx_range_for
    Feature record: CXX_FEATURE:1cxx_raw_string_literals
    Feature record: CXX_FEATURE:1cxx_reference_qualified_functions
    Feature record: CXX_FEATURE:0cxx_relaxed_constexpr
    Feature record: CXX_FEATURE:0cxx_return_type_deduction
    Feature record: CXX_FEATURE:1cxx_right_angle_brackets
    Feature record: CXX_FEATURE:1cxx_rvalue_references
    Feature record: CXX_FEATURE:1cxx_sizeof_member
    Feature record: CXX_FEATURE:1cxx_static_assert
    Feature record: CXX_FEATURE:1cxx_strong_enums
    Feature record: CXX_FEATURE:1cxx_template_template_parameters
    Feature record: CXX_FEATURE:1cxx_thread_local
    Feature record: CXX_FEATURE:1cxx_trailing_return_types
    Feature record: CXX_FEATURE:1cxx_unicode_literals
    Feature record: CXX_FEATURE:1cxx_uniform_initialization
    Feature record: CXX_FEATURE:1cxx_unrestricted_unions
    Feature record: CXX_FEATURE:1cxx_user_literals
    Feature record: CXX_FEATURE:0cxx_variable_templates
    Feature record: CXX_FEATURE:1cxx_variadic_macros
    Feature record: CXX_FEATURE:1cxx_variadic_templates


Detecting CXX [-std=c++98] compiler features compiled with the following output:
Change Dir: /usr/OpenDroneMap_v0_3_1/SuperBuild/build/opencv/CMakeFiles/CMakeTmp

Run Build Command:"/usr/bin/make" "cmTC_8c6b7/fast"
make[3]: Entering directory '/usr/OpenDroneMap_v0_3_1/SuperBuild/build/opencv/CMakeFiles/CMakeTmp'
/usr/bin/make -f CMakeFiles/cmTC_8c6b7.dir/build.make CMakeFiles/cmTC_8c6b7.dir/build
make[4]: Entering directory '/usr/OpenDroneMap_v0_3_1/SuperBuild/build/opencv/CMakeFiles/CMakeTmp'
Building CXX object CMakeFiles/cmTC_8c6b7.dir/feature_tests.cxx.o
/usr/bin/c++     -std=c++98 -o CMakeFiles/cmTC_8c6b7.dir/feature_tests.cxx.o -c /usr/OpenDroneMap_v0_3_1/SuperBuild/build/opencv/CMakeFiles/feature_tests.cxx
Linking CXX executable cmTC_8c6b7
/usr/bin/cmake -E cmake_link_script CMakeFiles/cmTC_8c6b7.dir/link.txt --verbose=1
/usr/bin/c++        CMakeFiles/cmTC_8c6b7.dir/feature_tests.cxx.o  -o cmTC_8c6b7 -rdynamic 
make[4]: Leaving directory '/usr/OpenDroneMap_v0_3_1/SuperBuild/build/opencv/CMakeFiles/CMakeTmp'
make[3]: Leaving directory '/usr/OpenDroneMap_v0_3_1/SuperBuild/build/opencv/CMakeFiles/CMakeTmp'


    Feature record: CXX_FEATURE:0cxx_aggregate_default_initializers
    Feature record: CXX_FEATURE:0cxx_alias_templates
    Feature record: CXX_FEATURE:0cxx_alignas
    Feature record: CXX_FEATURE:0cxx_alignof
    Feature record: CXX_FEATURE:0cxx_attributes
    Feature record: CXX_FEATURE:0cxx_attribute_deprecated
    Feature record: CXX_FEATURE:0cxx_auto_type
    Feature record: CXX_FEATURE:0cxx_binary_literals
    Feature record: CXX_FEATURE:0cxx_constexpr
    Feature record: CXX_FEATURE:0cxx_contextual_conversions
    Feature record: CXX_FEATURE:0cxx_decltype
    Feature record: CXX_FEATURE:0cxx_decltype_auto
    Feature record: CXX_FEATURE:0cxx_decltype_incomplete_return_types
    Feature record: CXX_FEATURE:0cxx_default_function_template_args
    Feature record: CXX_FEATURE:0cxx_defaulted_functions
    Feature record: CXX_FEATURE:0cxx_defaulted_move_initializers
    Feature record: CXX_FEATURE:0cxx_delegating_constructors
    Feature record: CXX_FEATURE:0cxx_deleted_functions
    Feature record: CXX_FEATURE:0cxx_digit_separators
    Feature record: CXX_FEATURE:0cxx_enum_forward_declarations
    Feature record: CXX_FEATURE:0cxx_explicit_conversions
    Feature record: CXX_FEATURE:0cxx_extended_friend_declarations
    Feature record: CXX_FEATURE:0cxx_extern_templates
    Feature record: CXX_FEATURE:0cxx_final
    Feature record: CXX_FEATURE:0cxx_func_identifier
    Feature record: CXX_FEATURE:0cxx_generalized_initializers
    Feature record: CXX_FEATURE:0cxx_generic_lambdas
    Feature record: CXX_FEATURE:0cxx_inheriting_constructors
    Feature record: CXX_FEATURE:0cxx_inline_namespaces
    Feature record: CXX_FEATURE:0cxx_lambdas
    Feature record: CXX_FEATURE:0cxx_lambda_init_captures
    Feature record: CXX_FEATURE:0cxx_local_type_template_args
    Feature record: CXX_FEATURE:0cxx_long_long_type
    Feature record: CXX_FEATURE:0cxx_noexcept
    Feature record: CXX_FEATURE:0cxx_nonstatic_member_init
    Feature record: CXX_FEATURE:0cxx_nullptr
    Feature record: CXX_FEATURE:0cxx_override
    Feature record: CXX_FEATURE:0cxx_range_for
    Feature record: CXX_FEATURE:0cxx_raw_string_literals
    Feature record: CXX_FEATURE:0cxx_reference_qualified_functions
    Feature record: CXX_FEATURE:0cxx_relaxed_constexpr
    Feature record: CXX_FEATURE:0cxx_return_type_deduction
    Feature record: CXX_FEATURE:0cxx_right_angle_brackets
    Feature record: CXX_FEATURE:0cxx_rvalue_references
    Feature record: CXX_FEATURE:0cxx_sizeof_member
    Feature record: CXX_FEATURE:0cxx_static_assert
    Feature record: CXX_FEATURE:0cxx_strong_enums
    Feature record: CXX_FEATURE:1cxx_template_template_parameters
    Feature record: CXX_FEATURE:0cxx_thread_local
    Feature record: CXX_FEATURE:0cxx_trailing_return_types
    Feature record: CXX_FEATURE:0cxx_unicode_literals
    Feature record: CXX_FEATURE:0cxx_uniform_initialization
    Feature record: CXX_FEATURE:0cxx_unrestricted_unions
    Feature record: CXX_FEATURE:0cxx_user_literals
    Feature record: CXX_FEATURE:0cxx_variable_templates
    Feature record: CXX_FEATURE:0cxx_variadic_macros
    Feature record: CXX_FEATURE:0cxx_variadic_templates
Determining if the C compiler works passed with the following output:
Change Dir: /usr/OpenDroneMap_v0_3_1/SuperBuild/build/opencv/CMakeFiles/CMakeTmp

Run Build Command:"/usr/bin/make" "cmTC_08cdd/fast"
make[3]: Entering directory '/usr/OpenDroneMap_v0_3_1/SuperBuild/build/opencv/CMakeFiles/CMakeTmp'
/usr/bin/make -f CMakeFiles/cmTC_08cdd.dir/build.make CMakeFiles/cmTC_08cdd.dir/build
make[4]: Entering directory '/usr/OpenDroneMap_v0_3_1/SuperBuild/build/opencv/CMakeFiles/CMakeTmp'
Building C object CMakeFiles/cmTC_08cdd.dir/testCCompiler.c.o
/usr/bin/cc     -o CMakeFiles/cmTC_08cdd.dir/testCCompiler.c.o   -c /usr/OpenDroneMap_v0_3_1/SuperBuild/build/opencv/CMakeFiles/CMakeTmp/testCCompiler.c
Linking C executable cmTC_08cdd
/usr/bin/cmake -E cmake_link_script CMakeFiles/cmTC_08cdd.dir/link.txt --verbose=1
/usr/bin/cc       CMakeFiles/cmTC_08cdd.dir/testCCompiler.c.o  -o cmTC_08cdd -rdynamic 
make[4]: Leaving directory '/usr/OpenDroneMap_v0_3_1/SuperBuild/build/opencv/CMakeFiles/CMakeTmp'
make[3]: Leaving directory '/usr/OpenDroneMap_v0_3_1/SuperBuild/build/opencv/CMakeFiles/CMakeTmp'


Detecting C compiler ABI info compiled with the following output:
Change Dir: /usr/OpenDroneMap_v0_3_1/SuperBuild/build/opencv/CMakeFiles/CMakeTmp

Run Build Command:"/usr/bin/make" "cmTC_33077/fast"
make[3]: Entering directory '/usr/OpenDroneMap_v0_3_1/SuperBuild/build/opencv/CMakeFiles/CMakeTmp'
/usr/bin/make -f CMakeFiles/cmTC_33077.dir/build.make CMakeFiles/cmTC_33077.dir/build
make[4]: Entering directory '/usr/OpenDroneMap_v0_3_1/SuperBuild/build/opencv/CMakeFiles/CMakeTmp'
Building C object CMakeFiles/cmTC_33077.dir/CMakeCCompilerABI.c.o
/usr/bin/cc     -o CMakeFiles/cmTC_33077.dir/CMakeCCompilerABI.c.o   -c /usr/share/cmake-3.5/Modules/CMakeCCompilerABI.c
Linking C executable cmTC_33077
/usr/bin/cmake -E cmake_link_script CMakeFiles/cmTC_33077.dir/link.txt --verbose=1
/usr/bin/cc      -v CMakeFiles/cmTC_33077.dir/CMakeCCompilerABI.c.o  -o cmTC_33077 -rdynamic  
Using built-in specs.
COLLECT_GCC=/usr/bin/cc
COLLECT_LTO_WRAPPER=/usr/lib/gcc/x86_64-linux-gnu/5/lto-wrapper
Target: x86_64-linux-gnu
Configured with: ../src/configure -v --with-pkgversion='Ubuntu 5.4.0-6ubuntu1~16.04.4' --with-bugurl=file:///usr/share/doc/gcc-5/README.Bugs --enable-languages=c,ada,c++,java,go,d,fortran,objc,obj-c++ --prefix=/usr --program-suffix=-5 --enable-shared --enable-linker-build-id --libexecdir=/usr/lib --without-included-gettext --enable-threads=posix --libdir=/usr/lib --enable-nls --with-sysroot=/ --enable-clocale=gnu --enable-libstdcxx-debug --enable-libstdcxx-time=yes --with-default-libstdcxx-abi=new --enable-gnu-unique-object --disable-vtable-verify --enable-libmpx --enable-plugin --with-system-zlib --disable-browser-plugin --enable-java-awt=gtk --enable-gtk-cairo --with-java-home=/usr/lib/jvm/java-1.5.0-gcj-5-amd64/jre --enable-java-home --with-jvm-root-dir=/usr/lib/jvm/java-1.5.0-gcj-5-amd64 --with-jvm-jar-dir=/usr/lib/jvm-exports/java-1.5.0-gcj-5-amd64 --with-arch-directory=amd64 --with-ecj-jar=/usr/share/java/eclipse-ecj.jar --enable-objc-gc --enable-multiarch --disable-werror --with-arch-32=i686 --with-abi=m64 --with-multilib-list=m32,m64,mx32 --enable-multilib --with-tune=generic --enable-checking=release --build=x86_64-linux-gnu --host=x86_64-linux-gnu --target=x86_64-linux-gnu
Thread model: posix
gcc version 5.4.0 20160609 (Ubuntu 5.4.0-6ubuntu1~16.04.4) 
COMPILER_PATH=/usr/lib/gcc/x86_64-linux-gnu/5/:/usr/lib/gcc/x86_64-linux-gnu/5/:/usr/lib/gcc/x86_64-linux-gnu/:/usr/lib/gcc/x86_64-linux-gnu/5/:/usr/lib/gcc/x86_64-linux-gnu/
LIBRARY_PATH=/usr/lib/gcc/x86_64-linux-gnu/5/:/usr/lib/gcc/x86_64-linux-gnu/5/../../../x86_64-linux-gnu/:/usr/lib/gcc/x86_64-linux-gnu/5/../../../../lib/:/lib/x86_64-linux-gnu/:/lib/../lib/:/usr/lib/x86_64-linux-gnu/:/usr/lib/../lib/:/usr/lib/gcc/x86_64-linux-gnu/5/../../../:/lib/:/usr/lib/
COLLECT_GCC_OPTIONS='-v' '-o' 'cmTC_33077' '-rdynamic' '-mtune=generic' '-march=x86-64'
 /usr/lib/gcc/x86_64-linux-gnu/5/collect2 -plugin /usr/lib/gcc/x86_64-linux-gnu/5/liblto_plugin.so -plugin-opt=/usr/lib/gcc/x86_64-linux-gnu/5/lto-wrapper -plugin-opt=-fresolution=/tmp/ccCKcXsV.res -plugin-opt=-pass-through=-lgcc -plugin-opt=-pass-through=-lgcc_s -plugin-opt=-pass-through=-lc -plugin-opt=-pass-through=-lgcc -plugin-opt=-pass-through=-lgcc_s --sysroot=/ --build-id --eh-frame-hdr -m elf_x86_64 --hash-style=gnu --as-needed -export-dynamic -dynamic-linker /lib64/ld-linux-x86-64.so.2 -z relro -o cmTC_33077 /usr/lib/gcc/x86_64-linux-gnu/5/../../../x86_64-linux-gnu/crt1.o /usr/lib/gcc/x86_64-linux-gnu/5/../../../x86_64-linux-gnu/crti.o /usr/lib/gcc/x86_64-linux-gnu/5/crtbegin.o -L/usr/lib/gcc/x86_64-linux-gnu/5 -L/usr/lib/gcc/x86_64-linux-gnu/5/../../../x86_64-linux-gnu -L/usr/lib/gcc/x86_64-linux-gnu/5/../../../../lib -L/lib/x86_64-linux-gnu -L/lib/../lib -L/usr/lib/x86_64-linux-gnu -L/usr/lib/../lib -L/usr/lib/gcc/x86_64-linux-gnu/5/../../.. CMakeFiles/cmTC_33077.dir/CMakeCCompilerABI.c.o -lgcc --as-needed -lgcc_s --no-as-needed -lc -lgcc --as-needed -lgcc_s --no-as-needed /usr/lib/gcc/x86_64-linux-gnu/5/crtend.o /usr/lib/gcc/x86_64-linux-gnu/5/../../../x86_64-linux-gnu/crtn.o
make[4]: Leaving directory '/usr/OpenDroneMap_v0_3_1/SuperBuild/build/opencv/CMakeFiles/CMakeTmp'
make[3]: Leaving directory '/usr/OpenDroneMap_v0_3_1/SuperBuild/build/opencv/CMakeFiles/CMakeTmp'


Parsed C implicit link information from above output:
  link line regex: [^( *|.*[/\])(ld|([^/\]+-)?ld|collect2)[^/\]*( |$)]
  ignore line: [Change Dir: /usr/OpenDroneMap_v0_3_1/SuperBuild/build/opencv/CMakeFiles/CMakeTmp]
  ignore line: []
  ignore line: [Run Build Command:"/usr/bin/make" "cmTC_33077/fast"]
  ignore line: [make[3]: Entering directory '/usr/OpenDroneMap_v0_3_1/SuperBuild/build/opencv/CMakeFiles/CMakeTmp']
  ignore line: [/usr/bin/make -f CMakeFiles/cmTC_33077.dir/build.make CMakeFiles/cmTC_33077.dir/build]
  ignore line: [make[4]: Entering directory '/usr/OpenDroneMap_v0_3_1/SuperBuild/build/opencv/CMakeFiles/CMakeTmp']
  ignore line: [Building C object CMakeFiles/cmTC_33077.dir/CMakeCCompilerABI.c.o]
  ignore line: [/usr/bin/cc     -o CMakeFiles/cmTC_33077.dir/CMakeCCompilerABI.c.o   -c /usr/share/cmake-3.5/Modules/CMakeCCompilerABI.c]
  ignore line: [Linking C executable cmTC_33077]
  ignore line: [/usr/bin/cmake -E cmake_link_script CMakeFiles/cmTC_33077.dir/link.txt --verbose=1]
  ignore line: [/usr/bin/cc      -v CMakeFiles/cmTC_33077.dir/CMakeCCompilerABI.c.o  -o cmTC_33077 -rdynamic  ]
  ignore line: [Using built-in specs.]
  ignore line: [COLLECT_GCC=/usr/bin/cc]
  ignore line: [COLLECT_LTO_WRAPPER=/usr/lib/gcc/x86_64-linux-gnu/5/lto-wrapper]
  ignore line: [Target: x86_64-linux-gnu]
  ignore line: [Configured with: ../src/configure -v --with-pkgversion='Ubuntu 5.4.0-6ubuntu1~16.04.4' --with-bugurl=file:///usr/share/doc/gcc-5/README.Bugs --enable-languages=c,ada,c++,java,go,d,fortran,objc,obj-c++ --prefix=/usr --program-suffix=-5 --enable-shared --enable-linker-build-id --libexecdir=/usr/lib --without-included-gettext --enable-threads=posix --libdir=/usr/lib --enable-nls --with-sysroot=/ --enable-clocale=gnu --enable-libstdcxx-debug --enable-libstdcxx-time=yes --with-default-libstdcxx-abi=new --enable-gnu-unique-object --disable-vtable-verify --enable-libmpx --enable-plugin --with-system-zlib --disable-browser-plugin --enable-java-awt=gtk --enable-gtk-cairo --with-java-home=/usr/lib/jvm/java-1.5.0-gcj-5-amd64/jre --enable-java-home --with-jvm-root-dir=/usr/lib/jvm/java-1.5.0-gcj-5-amd64 --with-jvm-jar-dir=/usr/lib/jvm-exports/java-1.5.0-gcj-5-amd64 --with-arch-directory=amd64 --with-ecj-jar=/usr/share/java/eclipse-ecj.jar --enable-objc-gc --enable-multiarch --disable-werror --with-arch-32=i686 --with-abi=m64 --with-multilib-list=m32,m64,mx32 --enable-multilib --with-tune=generic --enable-checking=release --build=x86_64-linux-gnu --host=x86_64-linux-gnu --target=x86_64-linux-gnu]
  ignore line: [Thread model: posix]
  ignore line: [gcc version 5.4.0 20160609 (Ubuntu 5.4.0-6ubuntu1~16.04.4) ]
  ignore line: [COMPILER_PATH=/usr/lib/gcc/x86_64-linux-gnu/5/:/usr/lib/gcc/x86_64-linux-gnu/5/:/usr/lib/gcc/x86_64-linux-gnu/:/usr/lib/gcc/x86_64-linux-gnu/5/:/usr/lib/gcc/x86_64-linux-gnu/]
  ignore line: [LIBRARY_PATH=/usr/lib/gcc/x86_64-linux-gnu/5/:/usr/lib/gcc/x86_64-linux-gnu/5/../../../x86_64-linux-gnu/:/usr/lib/gcc/x86_64-linux-gnu/5/../../../../lib/:/lib/x86_64-linux-gnu/:/lib/../lib/:/usr/lib/x86_64-linux-gnu/:/usr/lib/../lib/:/usr/lib/gcc/x86_64-linux-gnu/5/../../../:/lib/:/usr/lib/]
  ignore line: [COLLECT_GCC_OPTIONS='-v' '-o' 'cmTC_33077' '-rdynamic' '-mtune=generic' '-march=x86-64']
  link line: [ /usr/lib/gcc/x86_64-linux-gnu/5/collect2 -plugin /usr/lib/gcc/x86_64-linux-gnu/5/liblto_plugin.so -plugin-opt=/usr/lib/gcc/x86_64-linux-gnu/5/lto-wrapper -plugin-opt=-fresolution=/tmp/ccCKcXsV.res -plugin-opt=-pass-through=-lgcc -plugin-opt=-pass-through=-lgcc_s -plugin-opt=-pass-through=-lc -plugin-opt=-pass-through=-lgcc -plugin-opt=-pass-through=-lgcc_s --sysroot=/ --build-id --eh-frame-hdr -m elf_x86_64 --hash-style=gnu --as-needed -export-dynamic -dynamic-linker /lib64/ld-linux-x86-64.so.2 -z relro -o cmTC_33077 /usr/lib/gcc/x86_64-linux-gnu/5/../../../x86_64-linux-gnu/crt1.o /usr/lib/gcc/x86_64-linux-gnu/5/../../../x86_64-linux-gnu/crti.o /usr/lib/gcc/x86_64-linux-gnu/5/crtbegin.o -L/usr/lib/gcc/x86_64-linux-gnu/5 -L/usr/lib/gcc/x86_64-linux-gnu/5/../../../x86_64-linux-gnu -L/usr/lib/gcc/x86_64-linux-gnu/5/../../../../lib -L/lib/x86_64-linux-gnu -L/lib/../lib -L/usr/lib/x86_64-linux-gnu -L/usr/lib/../lib -L/usr/lib/gcc/x86_64-linux-gnu/5/../../.. CMakeFiles/cmTC_33077.dir/CMakeCCompilerABI.c.o -lgcc --as-needed -lgcc_s --no-as-needed -lc -lgcc --as-needed -lgcc_s --no-as-needed /usr/lib/gcc/x86_64-linux-gnu/5/crtend.o /usr/lib/gcc/x86_64-linux-gnu/5/../../../x86_64-linux-gnu/crtn.o]
    arg [/usr/lib/gcc/x86_64-linux-gnu/5/collect2] ==> ignore
    arg [-plugin] ==> ignore
    arg [/usr/lib/gcc/x86_64-linux-gnu/5/liblto_plugin.so] ==> ignore
    arg [-plugin-opt=/usr/lib/gcc/x86_64-linux-gnu/5/lto-wrapper] ==> ignore
    arg [-plugin-opt=-fresolution=/tmp/ccCKcXsV.res] ==> ignore
    arg [-plugin-opt=-pass-through=-lgcc] ==> ignore
    arg [-plugin-opt=-pass-through=-lgcc_s] ==> ignore
    arg [-plugin-opt=-pass-through=-lc] ==> ignore
    arg [-plugin-opt=-pass-through=-lgcc] ==> ignore
    arg [-plugin-opt=-pass-through=-lgcc_s] ==> ignore
    arg [--sysroot=/] ==> ignore
    arg [--build-id] ==> ignore
    arg [--eh-frame-hdr] ==> ignore
    arg [-m] ==> ignore
    arg [elf_x86_64] ==> ignore
    arg [--hash-style=gnu] ==> ignore
    arg [--as-needed] ==> ignore
    arg [-export-dynamic] ==> ignore
    arg [-dynamic-linker] ==> ignore
    arg [/lib64/ld-linux-x86-64.so.2] ==> ignore
    arg [-zrelro] ==> ignore
    arg [-o] ==> ignore
    arg [cmTC_33077] ==> ignore
    arg [/usr/lib/gcc/x86_64-linux-gnu/5/../../../x86_64-linux-gnu/crt1.o] ==> ignore
    arg [/usr/lib/gcc/x86_64-linux-gnu/5/../../../x86_64-linux-gnu/crti.o] ==> ignore
    arg [/usr/lib/gcc/x86_64-linux-gnu/5/crtbegin.o] ==> ignore
    arg [-L/usr/lib/gcc/x86_64-linux-gnu/5] ==> dir [/usr/lib/gcc/x86_64-linux-gnu/5]
    arg [-L/usr/lib/gcc/x86_64-linux-gnu/5/../../../x86_64-linux-gnu] ==> dir [/usr/lib/gcc/x86_64-linux-gnu/5/../../../x86_64-linux-gnu]
    arg [-L/usr/lib/gcc/x86_64-linux-gnu/5/../../../../lib] ==> dir [/usr/lib/gcc/x86_64-linux-gnu/5/../../../../lib]
    arg [-L/lib/x86_64-linux-gnu] ==> dir [/lib/x86_64-linux-gnu]
    arg [-L/lib/../lib] ==> dir [/lib/../lib]
    arg [-L/usr/lib/x86_64-linux-gnu] ==> dir [/usr/lib/x86_64-linux-gnu]
    arg [-L/usr/lib/../lib] ==> dir [/usr/lib/../lib]
    arg [-L/usr/lib/gcc/x86_64-linux-gnu/5/../../..] ==> dir [/usr/lib/gcc/x86_64-linux-gnu/5/../../..]
    arg [CMakeFiles/cmTC_33077.dir/CMakeCCompilerABI.c.o] ==> ignore
    arg [-lgcc] ==> lib [gcc]
    arg [--as-needed] ==> ignore
    arg [-lgcc_s] ==> lib [gcc_s]
    arg [--no-as-needed] ==> ignore
    arg [-lc] ==> lib [c]
    arg [-lgcc] ==> lib [gcc]
    arg [--as-needed] ==> ignore
    arg [-lgcc_s] ==> lib [gcc_s]
    arg [--no-as-needed] ==> ignore
    arg [/usr/lib/gcc/x86_64-linux-gnu/5/crtend.o] ==> ignore
    arg [/usr/lib/gcc/x86_64-linux-gnu/5/../../../x86_64-linux-gnu/crtn.o] ==> ignore
  remove lib [gcc]
  remove lib [gcc_s]
  remove lib [gcc]
  remove lib [gcc_s]
  collapse library dir [/usr/lib/gcc/x86_64-linux-gnu/5] ==> [/usr/lib/gcc/x86_64-linux-gnu/5]
  collapse library dir [/usr/lib/gcc/x86_64-linux-gnu/5/../../../x86_64-linux-gnu] ==> [/usr/lib/x86_64-linux-gnu]
  collapse library dir [/usr/lib/gcc/x86_64-linux-gnu/5/../../../../lib] ==> [/usr/lib]
  collapse library dir [/lib/x86_64-linux-gnu] ==> [/lib/x86_64-linux-gnu]
  collapse library dir [/lib/../lib] ==> [/lib]
  collapse library dir [/usr/lib/x86_64-linux-gnu] ==> [/usr/lib/x86_64-linux-gnu]
  collapse library dir [/usr/lib/../lib] ==> [/usr/lib]
  collapse library dir [/usr/lib/gcc/x86_64-linux-gnu/5/../../..] ==> [/usr/lib]
  implicit libs: [c]
  implicit dirs: [/usr/lib/gcc/x86_64-linux-gnu/5;/usr/lib/x86_64-linux-gnu;/usr/lib;/lib/x86_64-linux-gnu;/lib]
  implicit fwks: []




Detecting C [-std=c11] compiler features compiled with the following output:
Change Dir: /usr/OpenDroneMap_v0_3_1/SuperBuild/build/opencv/CMakeFiles/CMakeTmp

Run Build Command:"/usr/bin/make" "cmTC_80052/fast"
make[3]: Entering directory '/usr/OpenDroneMap_v0_3_1/SuperBuild/build/opencv/CMakeFiles/CMakeTmp'
/usr/bin/make -f CMakeFiles/cmTC_80052.dir/build.make CMakeFiles/cmTC_80052.dir/build
make[4]: Entering directory '/usr/OpenDroneMap_v0_3_1/SuperBuild/build/opencv/CMakeFiles/CMakeTmp'
Building C object CMakeFiles/cmTC_80052.dir/feature_tests.c.o
/usr/bin/cc    -std=c11 -o CMakeFiles/cmTC_80052.dir/feature_tests.c.o   -c /usr/OpenDroneMap_v0_3_1/SuperBuild/build/opencv/CMakeFiles/feature_tests.c
Linking C executable cmTC_80052
/usr/bin/cmake -E cmake_link_script CMakeFiles/cmTC_80052.dir/link.txt --verbose=1
/usr/bin/cc       CMakeFiles/cmTC_80052.dir/feature_tests.c.o  -o cmTC_80052 -rdynamic 
make[4]: Leaving directory '/usr/OpenDroneMap_v0_3_1/SuperBuild/build/opencv/CMakeFiles/CMakeTmp'
make[3]: Leaving directory '/usr/OpenDroneMap_v0_3_1/SuperBuild/build/opencv/CMakeFiles/CMakeTmp'


    Feature record: C_FEATURE:1c_function_prototypes
    Feature record: C_FEATURE:1c_restrict
    Feature record: C_FEATURE:1c_static_assert
    Feature record: C_FEATURE:1c_variadic_macros


Detecting C [-std=c99] compiler features compiled with the following output:
Change Dir: /usr/OpenDroneMap_v0_3_1/SuperBuild/build/opencv/CMakeFiles/CMakeTmp

Run Build Command:"/usr/bin/make" "cmTC_bcaf8/fast"
make[3]: Entering directory '/usr/OpenDroneMap_v0_3_1/SuperBuild/build/opencv/CMakeFiles/CMakeTmp'
/usr/bin/make -f CMakeFiles/cmTC_bcaf8.dir/build.make CMakeFiles/cmTC_bcaf8.dir/build
make[4]: Entering directory '/usr/OpenDroneMap_v0_3_1/SuperBuild/build/opencv/CMakeFiles/CMakeTmp'
Building C object CMakeFiles/cmTC_bcaf8.dir/feature_tests.c.o
/usr/bin/cc    -std=c99 -o CMakeFiles/cmTC_bcaf8.dir/feature_tests.c.o   -c /usr/OpenDroneMap_v0_3_1/SuperBuild/build/opencv/CMakeFiles/feature_tests.c
Linking C executable cmTC_bcaf8
/usr/bin/cmake -E cmake_link_script CMakeFiles/cmTC_bcaf8.dir/link.txt --verbose=1
/usr/bin/cc       CMakeFiles/cmTC_bcaf8.dir/feature_tests.c.o  -o cmTC_bcaf8 -rdynamic 
make[4]: Leaving directory '/usr/OpenDroneMap_v0_3_1/SuperBuild/build/opencv/CMakeFiles/CMakeTmp'
make[3]: Leaving directory '/usr/OpenDroneMap_v0_3_1/SuperBuild/build/opencv/CMakeFiles/CMakeTmp'


    Feature record: C_FEATURE:1c_function_prototypes
    Feature record: C_FEATURE:1c_restrict
    Feature record: C_FEATURE:0c_static_assert
    Feature record: C_FEATURE:1c_variadic_macros


Detecting C [-std=c90] compiler features compiled with the following output:
Change Dir: /usr/OpenDroneMap_v0_3_1/SuperBuild/build/opencv/CMakeFiles/CMakeTmp

Run Build Command:"/usr/bin/make" "cmTC_6e6bb/fast"
make[3]: Entering directory '/usr/OpenDroneMap_v0_3_1/SuperBuild/build/opencv/CMakeFiles/CMakeTmp'
/usr/bin/make -f CMakeFiles/cmTC_6e6bb.dir/build.make CMakeFiles/cmTC_6e6bb.dir/build
make[4]: Entering directory '/usr/OpenDroneMap_v0_3_1/SuperBuild/build/opencv/CMakeFiles/CMakeTmp'
Building C object CMakeFiles/cmTC_6e6bb.dir/feature_tests.c.o
/usr/bin/cc    -std=c90 -o CMakeFiles/cmTC_6e6bb.dir/feature_tests.c.o   -c /usr/OpenDroneMap_v0_3_1/SuperBuild/build/opencv/CMakeFiles/feature_tests.c
Linking C executable cmTC_6e6bb
/usr/bin/cmake -E cmake_link_script CMakeFiles/cmTC_6e6bb.dir/link.txt --verbose=1
/usr/bin/cc       CMakeFiles/cmTC_6e6bb.dir/feature_tests.c.o  -o cmTC_6e6bb -rdynamic 
make[4]: Leaving directory '/usr/OpenDroneMap_v0_3_1/SuperBuild/build/opencv/CMakeFiles/CMakeTmp'
make[3]: Leaving directory '/usr/OpenDroneMap_v0_3_1/SuperBuild/build/opencv/CMakeFiles/CMakeTmp'


    Feature record: C_FEATURE:1c_function_prototypes
    Feature record: C_FEATURE:0c_restrict
    Feature record: C_FEATURE:0c_static_assert
    Feature record: C_FEATURE:0c_variadic_macros
Determining if the include file pthread.h exists passed with the following output:
Change Dir: /usr/OpenDroneMap_v0_3_1/SuperBuild/build/opencv/CMakeFiles/CMakeTmp

Run Build Command:"/usr/bin/make" "cmTC_08d96/fast"
make[3]: Entering directory '/usr/OpenDroneMap_v0_3_1/SuperBuild/build/opencv/CMakeFiles/CMakeTmp'
/usr/bin/make -f CMakeFiles/cmTC_08d96.dir/build.make CMakeFiles/cmTC_08d96.dir/build
make[4]: Entering directory '/usr/OpenDroneMap_v0_3_1/SuperBuild/build/opencv/CMakeFiles/CMakeTmp'
Building C object CMakeFiles/cmTC_08d96.dir/CheckIncludeFile.c.o
/usr/bin/cc    -fsigned-char -W -Wall -Werror=return-type -Werror=address -Werror=sequence-point -Wformat -Werror=format-security -Wmissing-declarations -Wmissing-prototypes -Wstrict-prototypes -Wundef -Winit-self -Wpointer-arith -Wshadow -Wno-narrowing -fdiagnostics-show-option -Wno-long-long -pthread -fomit-frame-pointer -msse -msse2 -msse3 -ffunction-sections  -O3 -DNDEBUG   -o CMakeFiles/cmTC_08d96.dir/CheckIncludeFile.c.o   -c /usr/OpenDroneMap_v0_3_1/SuperBuild/build/opencv/CMakeFiles/CMakeTmp/CheckIncludeFile.c
Linking C executable cmTC_08d96
/usr/bin/cmake -E cmake_link_script CMakeFiles/cmTC_08d96.dir/link.txt --verbose=1
/usr/bin/cc     -fsigned-char -W -Wall -Werror=return-type -Werror=address -Werror=sequence-point -Wformat -Werror=format-security -Wmissing-declarations -Wmissing-prototypes -Wstrict-prototypes -Wundef -Winit-self -Wpointer-arith -Wshadow -Wno-narrowing -fdiagnostics-show-option -Wno-long-long -pthread -fomit-frame-pointer -msse -msse2 -msse3 -ffunction-sections  -O3 -DNDEBUG    CMakeFiles/cmTC_08d96.dir/CheckIncludeFile.c.o  -o cmTC_08d96 -rdynamic 
make[4]: Leaving directory '/usr/OpenDroneMap_v0_3_1/SuperBuild/build/opencv/CMakeFiles/CMakeTmp'
make[3]: Leaving directory '/usr/OpenDroneMap_v0_3_1/SuperBuild/build/opencv/CMakeFiles/CMakeTmp'


Determining if the include file sys/types.h exists passed with the following output:
Change Dir: /usr/OpenDroneMap_v0_3_1/SuperBuild/build/opencv/CMakeFiles/CMakeTmp

Run Build Command:"/usr/bin/make" "cmTC_3fece/fast"
make[3]: Entering directory '/usr/OpenDroneMap_v0_3_1/SuperBuild/build/opencv/CMakeFiles/CMakeTmp'
/usr/bin/make -f CMakeFiles/cmTC_3fece.dir/build.make CMakeFiles/cmTC_3fece.dir/build
make[4]: Entering directory '/usr/OpenDroneMap_v0_3_1/SuperBuild/build/opencv/CMakeFiles/CMakeTmp'
Building C object CMakeFiles/cmTC_3fece.dir/CheckIncludeFile.c.o
/usr/bin/cc    -fsigned-char -W -Wall -Werror=return-type -Werror=address -Werror=sequence-point -Wformat -Werror=format-security -Wmissing-declarations -Wmissing-prototypes -Wstrict-prototypes -Wundef -Winit-self -Wpointer-arith -Wshadow -Wno-narrowing -fdiagnostics-show-option -Wno-long-long -pthread -fomit-frame-pointer -msse -msse2 -msse3 -ffunction-sections  -O3 -DNDEBUG   -o CMakeFiles/cmTC_3fece.dir/CheckIncludeFile.c.o   -c /usr/OpenDroneMap_v0_3_1/SuperBuild/build/opencv/CMakeFiles/CMakeTmp/CheckIncludeFile.c
Linking C executable cmTC_3fece
/usr/bin/cmake -E cmake_link_script CMakeFiles/cmTC_3fece.dir/link.txt --verbose=1
/usr/bin/cc     -fsigned-char -W -Wall -Werror=return-type -Werror=address -Werror=sequence-point -Wformat -Werror=format-security -Wmissing-declarations -Wmissing-prototypes -Wstrict-prototypes -Wundef -Winit-self -Wpointer-arith -Wshadow -Wno-narrowing -fdiagnostics-show-option -Wno-long-long -pthread -fomit-frame-pointer -msse -msse2 -msse3 -ffunction-sections  -O3 -DNDEBUG    CMakeFiles/cmTC_3fece.dir/CheckIncludeFile.c.o  -o cmTC_3fece -rdynamic 
make[4]: Leaving directory '/usr/OpenDroneMap_v0_3_1/SuperBuild/build/opencv/CMakeFiles/CMakeTmp'
make[3]: Leaving directory '/usr/OpenDroneMap_v0_3_1/SuperBuild/build/opencv/CMakeFiles/CMakeTmp'


Determining if the include file stdint.h exists passed with the following output:
Change Dir: /usr/OpenDroneMap_v0_3_1/SuperBuild/build/opencv/CMakeFiles/CMakeTmp

Run Build Command:"/usr/bin/make" "cmTC_3be78/fast"
make[3]: Entering directory '/usr/OpenDroneMap_v0_3_1/SuperBuild/build/opencv/CMakeFiles/CMakeTmp'
/usr/bin/make -f CMakeFiles/cmTC_3be78.dir/build.make CMakeFiles/cmTC_3be78.dir/build
make[4]: Entering directory '/usr/OpenDroneMap_v0_3_1/SuperBuild/build/opencv/CMakeFiles/CMakeTmp'
Building C object CMakeFiles/cmTC_3be78.dir/CheckIncludeFile.c.o
/usr/bin/cc    -fsigned-char -W -Wall -Werror=return-type -Werror=address -Werror=sequence-point -Wformat -Werror=format-security -Wmissing-declarations -Wmissing-prototypes -Wstrict-prototypes -Wundef -Winit-self -Wpointer-arith -Wshadow -Wno-narrowing -fdiagnostics-show-option -Wno-long-long -pthread -fomit-frame-pointer -msse -msse2 -msse3 -ffunction-sections  -O3 -DNDEBUG   -o CMakeFiles/cmTC_3be78.dir/CheckIncludeFile.c.o   -c /usr/OpenDroneMap_v0_3_1/SuperBuild/build/opencv/CMakeFiles/CMakeTmp/CheckIncludeFile.c
Linking C executable cmTC_3be78
/usr/bin/cmake -E cmake_link_script CMakeFiles/cmTC_3be78.dir/link.txt --verbose=1
/usr/bin/cc     -fsigned-char -W -Wall -Werror=return-type -Werror=address -Werror=sequence-point -Wformat -Werror=format-security -Wmissing-declarations -Wmissing-prototypes -Wstrict-prototypes -Wundef -Winit-self -Wpointer-arith -Wshadow -Wno-narrowing -fdiagnostics-show-option -Wno-long-long -pthread -fomit-frame-pointer -msse -msse2 -msse3 -ffunction-sections  -O3 -DNDEBUG    CMakeFiles/cmTC_3be78.dir/CheckIncludeFile.c.o  -o cmTC_3be78 -rdynamic 
make[4]: Leaving directory '/usr/OpenDroneMap_v0_3_1/SuperBuild/build/opencv/CMakeFiles/CMakeTmp'
make[3]: Leaving directory '/usr/OpenDroneMap_v0_3_1/SuperBuild/build/opencv/CMakeFiles/CMakeTmp'


Determining if the include file stddef.h exists passed with the following output:
Change Dir: /usr/OpenDroneMap_v0_3_1/SuperBuild/build/opencv/CMakeFiles/CMakeTmp

Run Build Command:"/usr/bin/make" "cmTC_887fa/fast"
make[3]: Entering directory '/usr/OpenDroneMap_v0_3_1/SuperBuild/build/opencv/CMakeFiles/CMakeTmp'
/usr/bin/make -f CMakeFiles/cmTC_887fa.dir/build.make CMakeFiles/cmTC_887fa.dir/build
make[4]: Entering directory '/usr/OpenDroneMap_v0_3_1/SuperBuild/build/opencv/CMakeFiles/CMakeTmp'
Building C object CMakeFiles/cmTC_887fa.dir/CheckIncludeFile.c.o
/usr/bin/cc    -fsigned-char -W -Wall -Werror=return-type -Werror=address -Werror=sequence-point -Wformat -Werror=format-security -Wmissing-declarations -Wmissing-prototypes -Wstrict-prototypes -Wundef -Winit-self -Wpointer-arith -Wshadow -Wno-narrowing -fdiagnostics-show-option -Wno-long-long -pthread -fomit-frame-pointer -msse -msse2 -msse3 -ffunction-sections  -O3 -DNDEBUG   -o CMakeFiles/cmTC_887fa.dir/CheckIncludeFile.c.o   -c /usr/OpenDroneMap_v0_3_1/SuperBuild/build/opencv/CMakeFiles/CMakeTmp/CheckIncludeFile.c
Linking C executable cmTC_887fa
/usr/bin/cmake -E cmake_link_script CMakeFiles/cmTC_887fa.dir/link.txt --verbose=1
/usr/bin/cc     -fsigned-char -W -Wall -Werror=return-type -Werror=address -Werror=sequence-point -Wformat -Werror=format-security -Wmissing-declarations -Wmissing-prototypes -Wstrict-prototypes -Wundef -Winit-self -Wpointer-arith -Wshadow -Wno-narrowing -fdiagnostics-show-option -Wno-long-long -pthread -fomit-frame-pointer -msse -msse2 -msse3 -ffunction-sections  -O3 -DNDEBUG    CMakeFiles/cmTC_887fa.dir/CheckIncludeFile.c.o  -o cmTC_887fa -rdynamic 
make[4]: Leaving directory '/usr/OpenDroneMap_v0_3_1/SuperBuild/build/opencv/CMakeFiles/CMakeTmp'
make[3]: Leaving directory '/usr/OpenDroneMap_v0_3_1/SuperBuild/build/opencv/CMakeFiles/CMakeTmp'


Determining size of unsigned short passed with the following output:
Change Dir: /usr/OpenDroneMap_v0_3_1/SuperBuild/build/opencv/CMakeFiles/CMakeTmp

Run Build Command:"/usr/bin/make" "cmTC_764e6/fast"
make[3]: Entering directory '/usr/OpenDroneMap_v0_3_1/SuperBuild/build/opencv/CMakeFiles/CMakeTmp'
/usr/bin/make -f CMakeFiles/cmTC_764e6.dir/build.make CMakeFiles/cmTC_764e6.dir/build
make[4]: Entering directory '/usr/OpenDroneMap_v0_3_1/SuperBuild/build/opencv/CMakeFiles/CMakeTmp'
Building C object CMakeFiles/cmTC_764e6.dir/CMAKE_SIZEOF_UNSIGNED_SHORT.c.o
/usr/bin/cc    -fsigned-char -W -Wall -Werror=return-type -Werror=address -Werror=sequence-point -Wformat -Werror=format-security -Wmissing-declarations -Wmissing-prototypes -Wstrict-prototypes -Wundef -Winit-self -Wpointer-arith -Wshadow -Wno-narrowing -fdiagnostics-show-option -Wno-long-long -pthread -fomit-frame-pointer -msse -msse2 -msse3 -ffunction-sections  -O3 -DNDEBUG   -o CMakeFiles/cmTC_764e6.dir/CMAKE_SIZEOF_UNSIGNED_SHORT.c.o   -c /usr/OpenDroneMap_v0_3_1/SuperBuild/build/opencv/CMakeFiles/CheckTypeSize/CMAKE_SIZEOF_UNSIGNED_SHORT.c
Linking C executable cmTC_764e6
/usr/bin/cmake -E cmake_link_script CMakeFiles/cmTC_764e6.dir/link.txt --verbose=1
/usr/bin/cc     -fsigned-char -W -Wall -Werror=return-type -Werror=address -Werror=sequence-point -Wformat -Werror=format-security -Wmissing-declarations -Wmissing-prototypes -Wstrict-prototypes -Wundef -Winit-self -Wpointer-arith -Wshadow -Wno-narrowing -fdiagnostics-show-option -Wno-long-long -pthread -fomit-frame-pointer -msse -msse2 -msse3 -ffunction-sections  -O3 -DNDEBUG    CMakeFiles/cmTC_764e6.dir/CMAKE_SIZEOF_UNSIGNED_SHORT.c.o  -o cmTC_764e6 -rdynamic 
make[4]: Leaving directory '/usr/OpenDroneMap_v0_3_1/SuperBuild/build/opencv/CMakeFiles/CMakeTmp'
make[3]: Leaving directory '/usr/OpenDroneMap_v0_3_1/SuperBuild/build/opencv/CMakeFiles/CMakeTmp'


Determining if the include file /usr/include/libpng/png.h exists passed with the following output:
Change Dir: /usr/OpenDroneMap_v0_3_1/SuperBuild/build/opencv/CMakeFiles/CMakeTmp

Run Build Command:"/usr/bin/make" "cmTC_a8094/fast"
make[3]: Entering directory '/usr/OpenDroneMap_v0_3_1/SuperBuild/build/opencv/CMakeFiles/CMakeTmp'
/usr/bin/make -f CMakeFiles/cmTC_a8094.dir/build.make CMakeFiles/cmTC_a8094.dir/build
make[4]: Entering directory '/usr/OpenDroneMap_v0_3_1/SuperBuild/build/opencv/CMakeFiles/CMakeTmp'
Building C object CMakeFiles/cmTC_a8094.dir/CheckIncludeFile.c.o
/usr/bin/cc    -fsigned-char -W -Wall -Werror=return-type -Werror=address -Werror=sequence-point -Wformat -Werror=format-security -Wmissing-declarations -Wmissing-prototypes -Wstrict-prototypes -Wundef -Winit-self -Wpointer-arith -Wshadow -Wno-narrowing -fdiagnostics-show-option -Wno-long-long -pthread -fomit-frame-pointer -msse -msse2 -msse3 -ffunction-sections  -O3 -DNDEBUG   -o CMakeFiles/cmTC_a8094.dir/CheckIncludeFile.c.o   -c /usr/OpenDroneMap_v0_3_1/SuperBuild/build/opencv/CMakeFiles/CMakeTmp/CheckIncludeFile.c
Linking C executable cmTC_a8094
/usr/bin/cmake -E cmake_link_script CMakeFiles/cmTC_a8094.dir/link.txt --verbose=1
/usr/bin/cc     -fsigned-char -W -Wall -Werror=return-type -Werror=address -Werror=sequence-point -Wformat -Werror=format-security -Wmissing-declarations -Wmissing-prototypes -Wstrict-prototypes -Wundef -Winit-self -Wpointer-arith -Wshadow -Wno-narrowing -fdiagnostics-show-option -Wno-long-long -pthread -fomit-frame-pointer -msse -msse2 -msse3 -ffunction-sections  -O3 -DNDEBUG    CMakeFiles/cmTC_a8094.dir/CheckIncludeFile.c.o  -o cmTC_a8094 -rdynamic 
make[4]: Leaving directory '/usr/OpenDroneMap_v0_3_1/SuperBuild/build/opencv/CMakeFiles/CMakeTmp'
make[3]: Leaving directory '/usr/OpenDroneMap_v0_3_1/SuperBuild/build/opencv/CMakeFiles/CMakeTmp'


Determining if the include file semaphore.h exists passed with the following output:
Change Dir: /usr/OpenDroneMap_v0_3_1/SuperBuild/build/opencv/CMakeFiles/CMakeTmp

Run Build Command:"/usr/bin/make" "cmTC_409b1/fast"
make[3]: Entering directory '/usr/OpenDroneMap_v0_3_1/SuperBuild/build/opencv/CMakeFiles/CMakeTmp'
/usr/bin/make -f CMakeFiles/cmTC_409b1.dir/build.make CMakeFiles/cmTC_409b1.dir/build
make[4]: Entering directory '/usr/OpenDroneMap_v0_3_1/SuperBuild/build/opencv/CMakeFiles/CMakeTmp'
Building C object CMakeFiles/cmTC_409b1.dir/CheckIncludeFile.c.o
/usr/bin/cc    -fsigned-char -W -Wall -Werror=return-type -Werror=address -Werror=sequence-point -Wformat -Werror=format-security -Wmissing-declarations -Wmissing-prototypes -Wstrict-prototypes -Wundef -Winit-self -Wpointer-arith -Wshadow -Wno-narrowing -fdiagnostics-show-option -Wno-long-long -pthread -fomit-frame-pointer -msse -msse2 -msse3 -ffunction-sections  -O3 -DNDEBUG   -o CMakeFiles/cmTC_409b1.dir/CheckIncludeFile.c.o   -c /usr/OpenDroneMap_v0_3_1/SuperBuild/build/opencv/CMakeFiles/CMakeTmp/CheckIncludeFile.c
Linking C executable cmTC_409b1
/usr/bin/cmake -E cmake_link_script CMakeFiles/cmTC_409b1.dir/link.txt --verbose=1
/usr/bin/cc     -fsigned-char -W -Wall -Werror=return-type -Werror=address -Werror=sequence-point -Wformat -Werror=format-security -Wmissing-declarations -Wmissing-prototypes -Wstrict-prototypes -Wundef -Winit-self -Wpointer-arith -Wshadow -Wno-narrowing -fdiagnostics-show-option -Wno-long-long -pthread -fomit-frame-pointer -msse -msse2 -msse3 -ffunction-sections  -O3 -DNDEBUG    CMakeFiles/cmTC_409b1.dir/CheckIncludeFile.c.o  -o cmTC_409b1 -rdynamic 
make[4]: Leaving directory '/usr/OpenDroneMap_v0_3_1/SuperBuild/build/opencv/CMakeFiles/CMakeTmp'
make[3]: Leaving directory '/usr/OpenDroneMap_v0_3_1/SuperBuild/build/opencv/CMakeFiles/CMakeTmp'


Determining if the include file linux/videodev2.h exists passed with the following output:
Change Dir: /usr/OpenDroneMap_v0_3_1/SuperBuild/build/opencv/CMakeFiles/CMakeTmp

Run Build Command:"/usr/bin/make" "cmTC_ddeb6/fast"
make[3]: Entering directory '/usr/OpenDroneMap_v0_3_1/SuperBuild/build/opencv/CMakeFiles/CMakeTmp'
/usr/bin/make -f CMakeFiles/cmTC_ddeb6.dir/build.make CMakeFiles/cmTC_ddeb6.dir/build
make[4]: Entering directory '/usr/OpenDroneMap_v0_3_1/SuperBuild/build/opencv/CMakeFiles/CMakeTmp'
Building C object CMakeFiles/cmTC_ddeb6.dir/CheckIncludeFile.c.o
/usr/bin/cc    -fsigned-char -W -Wall -Werror=return-type -Werror=address -Werror=sequence-point -Wformat -Werror=format-security -Wmissing-declarations -Wmissing-prototypes -Wstrict-prototypes -Wundef -Winit-self -Wpointer-arith -Wshadow -Wno-narrowing -fdiagnostics-show-option -Wno-long-long -pthread -fomit-frame-pointer -msse -msse2 -msse3 -ffunction-sections  -O3 -DNDEBUG   -o CMakeFiles/cmTC_ddeb6.dir/CheckIncludeFile.c.o   -c /usr/OpenDroneMap_v0_3_1/SuperBuild/build/opencv/CMakeFiles/CMakeTmp/CheckIncludeFile.c
Linking C executable cmTC_ddeb6
/usr/bin/cmake -E cmake_link_script CMakeFiles/cmTC_ddeb6.dir/link.txt --verbose=1
/usr/bin/cc     -fsigned-char -W -Wall -Werror=return-type -Werror=address -Werror=sequence-point -Wformat -Werror=format-security -Wmissing-declarations -Wmissing-prototypes -Wstrict-prototypes -Wundef -Winit-self -Wpointer-arith -Wshadow -Wno-narrowing -fdiagnostics-show-option -Wno-long-long -pthread -fomit-frame-pointer -msse -msse2 -msse3 -ffunction-sections  -O3 -DNDEBUG    CMakeFiles/cmTC_ddeb6.dir/CheckIncludeFile.c.o  -o cmTC_ddeb6 -rdynamic 
make[4]: Leaving directory '/usr/OpenDroneMap_v0_3_1/SuperBuild/build/opencv/CMakeFiles/CMakeTmp'
make[3]: Leaving directory '/usr/OpenDroneMap_v0_3_1/SuperBuild/build/opencv/CMakeFiles/CMakeTmp'


