Determining if the pthread_create exist failed with the following output:
Change Dir: /usr/OpenDroneMap_v0_3_1/SuperBuild/build/pdal/CMakeFiles/CMakeTmp

Run Build Command:"/usr/bin/make" "cmTC_6f58f/fast"
make[3]: Entering directory '/usr/OpenDroneMap_v0_3_1/SuperBuild/build/pdal/CMakeFiles/CMakeTmp'
/usr/bin/make -f CMakeFiles/cmTC_6f58f.dir/build.make CMakeFiles/cmTC_6f58f.dir/build
make[4]: Entering directory '/usr/OpenDroneMap_v0_3_1/SuperBuild/build/pdal/CMakeFiles/CMakeTmp'
Building C object CMakeFiles/cmTC_6f58f.dir/CheckSymbolExists.c.o
/usr/bin/cc     -o CMakeFiles/cmTC_6f58f.dir/CheckSymbolExists.c.o   -c /usr/OpenDroneMap_v0_3_1/SuperBuild/build/pdal/CMakeFiles/CMakeTmp/CheckSymbolExists.c
Linking C executable cmTC_6f58f
/usr/bin/cmake -E cmake_link_script CMakeFiles/cmTC_6f58f.dir/link.txt --verbose=1
/usr/bin/cc       CMakeFiles/cmTC_6f58f.dir/CheckSymbolExists.c.o  -o cmTC_6f58f -rdynamic 
CMakeFiles/cmTC_6f58f.dir/CheckSymbolExists.c.o: In function `main':
CheckSymbolExists.c:(.text+0x16): undefined reference to `pthread_create'
collect2: error: ld returned 1 exit status
CMakeFiles/cmTC_6f58f.dir/build.make:97: recipe for target 'cmTC_6f58f' failed
make[4]: *** [cmTC_6f58f] Error 1
make[4]: Leaving directory '/usr/OpenDroneMap_v0_3_1/SuperBuild/build/pdal/CMakeFiles/CMakeTmp'
Makefile:126: recipe for target 'cmTC_6f58f/fast' failed
make[3]: *** [cmTC_6f58f/fast] Error 2
make[3]: Leaving directory '/usr/OpenDroneMap_v0_3_1/SuperBuild/build/pdal/CMakeFiles/CMakeTmp'

File /usr/OpenDroneMap_v0_3_1/SuperBuild/build/pdal/CMakeFiles/CMakeTmp/CheckSymbolExists.c:
/* */
#include <pthread.h>

int main(int argc, char** argv)
{
  (void)argv;
#ifndef pthread_create
  return ((int*)(&pthread_create))[argc];
#else
  (void)argc;
  return 0;
#endif
}

Determining if the function pthread_create exists in the pthreads failed with the following output:
Change Dir: /usr/OpenDroneMap_v0_3_1/SuperBuild/build/pdal/CMakeFiles/CMakeTmp

Run Build Command:"/usr/bin/make" "cmTC_763fc/fast"
make[3]: Entering directory '/usr/OpenDroneMap_v0_3_1/SuperBuild/build/pdal/CMakeFiles/CMakeTmp'
/usr/bin/make -f CMakeFiles/cmTC_763fc.dir/build.make CMakeFiles/cmTC_763fc.dir/build
make[4]: Entering directory '/usr/OpenDroneMap_v0_3_1/SuperBuild/build/pdal/CMakeFiles/CMakeTmp'
Building C object CMakeFiles/cmTC_763fc.dir/CheckFunctionExists.c.o
/usr/bin/cc    -DCHECK_FUNCTION_EXISTS=pthread_create   -o CMakeFiles/cmTC_763fc.dir/CheckFunctionExists.c.o   -c /usr/share/cmake-3.5/Modules/CheckFunctionExists.c
Linking C executable cmTC_763fc
/usr/bin/cmake -E cmake_link_script CMakeFiles/cmTC_763fc.dir/link.txt --verbose=1
/usr/bin/cc   -DCHECK_FUNCTION_EXISTS=pthread_create    CMakeFiles/cmTC_763fc.dir/CheckFunctionExists.c.o  -o cmTC_763fc -rdynamic -lpthreads 
/usr/bin/ld: cannot find -lpthreads
collect2: error: ld returned 1 exit status
CMakeFiles/cmTC_763fc.dir/build.make:97: recipe for target 'cmTC_763fc' failed
make[4]: *** [cmTC_763fc] Error 1
make[4]: Leaving directory '/usr/OpenDroneMap_v0_3_1/SuperBuild/build/pdal/CMakeFiles/CMakeTmp'
Makefile:126: recipe for target 'cmTC_763fc/fast' failed
make[3]: *** [cmTC_763fc/fast] Error 2
make[3]: Leaving directory '/usr/OpenDroneMap_v0_3_1/SuperBuild/build/pdal/CMakeFiles/CMakeTmp'


