The system is: Linux - 4.4.0-96-lowlatency - x86_64
Compiling the C compiler identification source file "CMakeCCompilerId.c" succeeded.
Compiler: /usr/bin/cc 
Build flags: 
Id flags: 

The output was:
0


Compilation of the C compiler identification source "CMakeCCompilerId.c" produced "a.out"

The C compiler identification is GNU, found in "/usr/OpenDroneMap_v0_3_1/SuperBuild/build/cmvs/CMakeFiles/3.5.2/CompilerIdC/a.out"

Compiling the CXX compiler identification source file "CMakeCXXCompilerId.cpp" succeeded.
Compiler: /usr/bin/c++ 
Build flags: 
Id flags: 

The output was:
0


Compilation of the CXX compiler identification source "CMakeCXXCompilerId.cpp" produced "a.out"

The CXX compiler identification is GNU, found in "/usr/OpenDroneMap_v0_3_1/SuperBuild/build/cmvs/CMakeFiles/3.5.2/CompilerIdCXX/a.out"

Determining if the C compiler works passed with the following output:
Change Dir: /usr/OpenDroneMap_v0_3_1/SuperBuild/build/cmvs/CMakeFiles/CMakeTmp

Run Build Command:"/usr/bin/make" "cmTC_a1fc5/fast"
make[3]: Entering directory '/usr/OpenDroneMap_v0_3_1/SuperBuild/build/cmvs/CMakeFiles/CMakeTmp'
/usr/bin/make -f CMakeFiles/cmTC_a1fc5.dir/build.make CMakeFiles/cmTC_a1fc5.dir/build
make[4]: Entering directory '/usr/OpenDroneMap_v0_3_1/SuperBuild/build/cmvs/CMakeFiles/CMakeTmp'
Building C object CMakeFiles/cmTC_a1fc5.dir/testCCompiler.c.o
/usr/bin/cc     -o CMakeFiles/cmTC_a1fc5.dir/testCCompiler.c.o   -c /usr/OpenDroneMap_v0_3_1/SuperBuild/build/cmvs/CMakeFiles/CMakeTmp/testCCompiler.c
Linking C executable cmTC_a1fc5
/usr/bin/cmake -E cmake_link_script CMakeFiles/cmTC_a1fc5.dir/link.txt --verbose=1
/usr/bin/cc       CMakeFiles/cmTC_a1fc5.dir/testCCompiler.c.o  -o cmTC_a1fc5 -rdynamic 
make[4]: Leaving directory '/usr/OpenDroneMap_v0_3_1/SuperBuild/build/cmvs/CMakeFiles/CMakeTmp'
make[3]: Leaving directory '/usr/OpenDroneMap_v0_3_1/SuperBuild/build/cmvs/CMakeFiles/CMakeTmp'


Detecting C compiler ABI info compiled with the following output:
Change Dir: /usr/OpenDroneMap_v0_3_1/SuperBuild/build/cmvs/CMakeFiles/CMakeTmp

Run Build Command:"/usr/bin/make" "cmTC_8ae48/fast"
make[3]: Entering directory '/usr/OpenDroneMap_v0_3_1/SuperBuild/build/cmvs/CMakeFiles/CMakeTmp'
/usr/bin/make -f CMakeFiles/cmTC_8ae48.dir/build.make CMakeFiles/cmTC_8ae48.dir/build
make[4]: Entering directory '/usr/OpenDroneMap_v0_3_1/SuperBuild/build/cmvs/CMakeFiles/CMakeTmp'
Building C object CMakeFiles/cmTC_8ae48.dir/CMakeCCompilerABI.c.o
/usr/bin/cc     -o CMakeFiles/cmTC_8ae48.dir/CMakeCCompilerABI.c.o   -c /usr/share/cmake-3.5/Modules/CMakeCCompilerABI.c
Linking C executable cmTC_8ae48
/usr/bin/cmake -E cmake_link_script CMakeFiles/cmTC_8ae48.dir/link.txt --verbose=1
/usr/bin/cc      -v CMakeFiles/cmTC_8ae48.dir/CMakeCCompilerABI.c.o  -o cmTC_8ae48 -rdynamic  
Using built-in specs.
COLLECT_GCC=/usr/bin/cc
COLLECT_LTO_WRAPPER=/usr/lib/gcc/x86_64-linux-gnu/5/lto-wrapper
Target: x86_64-linux-gnu
Configured with: ../src/configure -v --with-pkgversion='Ubuntu 5.4.0-6ubuntu1~16.04.4' --with-bugurl=file:///usr/share/doc/gcc-5/README.Bugs --enable-languages=c,ada,c++,java,go,d,fortran,objc,obj-c++ --prefix=/usr --program-suffix=-5 --enable-shared --enable-linker-build-id --libexecdir=/usr/lib --without-included-gettext --enable-threads=posix --libdir=/usr/lib --enable-nls --with-sysroot=/ --enable-clocale=gnu --enable-libstdcxx-debug --enable-libstdcxx-time=yes --with-default-libstdcxx-abi=new --enable-gnu-unique-object --disable-vtable-verify --enable-libmpx --enable-plugin --with-system-zlib --disable-browser-plugin --enable-java-awt=gtk --enable-gtk-cairo --with-java-home=/usr/lib/jvm/java-1.5.0-gcj-5-amd64/jre --enable-java-home --with-jvm-root-dir=/usr/lib/jvm/java-1.5.0-gcj-5-amd64 --with-jvm-jar-dir=/usr/lib/jvm-exports/java-1.5.0-gcj-5-amd64 --with-arch-directory=amd64 --with-ecj-jar=/usr/share/java/eclipse-ecj.jar --enable-objc-gc --enable-multiarch --disable-werror --with-arch-32=i686 --with-abi=m64 --with-multilib-list=m32,m64,mx32 --enable-multilib --with-tune=generic --enable-checking=release --build=x86_64-linux-gnu --host=x86_64-linux-gnu --target=x86_64-linux-gnu
Thread model: posix
gcc version 5.4.0 20160609 (Ubuntu 5.4.0-6ubuntu1~16.04.4) 
COMPILER_PATH=/usr/lib/gcc/x86_64-linux-gnu/5/:/usr/lib/gcc/x86_64-linux-gnu/5/:/usr/lib/gcc/x86_64-linux-gnu/:/usr/lib/gcc/x86_64-linux-gnu/5/:/usr/lib/gcc/x86_64-linux-gnu/
LIBRARY_PATH=/usr/lib/gcc/x86_64-linux-gnu/5/:/usr/lib/gcc/x86_64-linux-gnu/5/../../../x86_64-linux-gnu/:/usr/lib/gcc/x86_64-linux-gnu/5/../../../../lib/:/lib/x86_64-linux-gnu/:/lib/../lib/:/usr/lib/x86_64-linux-gnu/:/usr/lib/../lib/:/usr/lib/gcc/x86_64-linux-gnu/5/../../../:/lib/:/usr/lib/
COLLECT_GCC_OPTIONS='-v' '-o' 'cmTC_8ae48' '-rdynamic' '-mtune=generic' '-march=x86-64'
 /usr/lib/gcc/x86_64-linux-gnu/5/collect2 -plugin /usr/lib/gcc/x86_64-linux-gnu/5/liblto_plugin.so -plugin-opt=/usr/lib/gcc/x86_64-linux-gnu/5/lto-wrapper -plugin-opt=-fresolution=/tmp/ccSaS8dy.res -plugin-opt=-pass-through=-lgcc -plugin-opt=-pass-through=-lgcc_s -plugin-opt=-pass-through=-lc -plugin-opt=-pass-through=-lgcc -plugin-opt=-pass-through=-lgcc_s --sysroot=/ --build-id --eh-frame-hdr -m elf_x86_64 --hash-style=gnu --as-needed -export-dynamic -dynamic-linker /lib64/ld-linux-x86-64.so.2 -z relro -o cmTC_8ae48 /usr/lib/gcc/x86_64-linux-gnu/5/../../../x86_64-linux-gnu/crt1.o /usr/lib/gcc/x86_64-linux-gnu/5/../../../x86_64-linux-gnu/crti.o /usr/lib/gcc/x86_64-linux-gnu/5/crtbegin.o -L/usr/lib/gcc/x86_64-linux-gnu/5 -L/usr/lib/gcc/x86_64-linux-gnu/5/../../../x86_64-linux-gnu -L/usr/lib/gcc/x86_64-linux-gnu/5/../../../../lib -L/lib/x86_64-linux-gnu -L/lib/../lib -L/usr/lib/x86_64-linux-gnu -L/usr/lib/../lib -L/usr/lib/gcc/x86_64-linux-gnu/5/../../.. CMakeFiles/cmTC_8ae48.dir/CMakeCCompilerABI.c.o -lgcc --as-needed -lgcc_s --no-as-needed -lc -lgcc --as-needed -lgcc_s --no-as-needed /usr/lib/gcc/x86_64-linux-gnu/5/crtend.o /usr/lib/gcc/x86_64-linux-gnu/5/../../../x86_64-linux-gnu/crtn.o
make[4]: Leaving directory '/usr/OpenDroneMap_v0_3_1/SuperBuild/build/cmvs/CMakeFiles/CMakeTmp'
make[3]: Leaving directory '/usr/OpenDroneMap_v0_3_1/SuperBuild/build/cmvs/CMakeFiles/CMakeTmp'


Parsed C implicit link information from above output:
  link line regex: [^( *|.*[/\])(ld|([^/\]+-)?ld|collect2)[^/\]*( |$)]
  ignore line: [Change Dir: /usr/OpenDroneMap_v0_3_1/SuperBuild/build/cmvs/CMakeFiles/CMakeTmp]
  ignore line: []
  ignore line: [Run Build Command:"/usr/bin/make" "cmTC_8ae48/fast"]
  ignore line: [make[3]: Entering directory '/usr/OpenDroneMap_v0_3_1/SuperBuild/build/cmvs/CMakeFiles/CMakeTmp']
  ignore line: [/usr/bin/make -f CMakeFiles/cmTC_8ae48.dir/build.make CMakeFiles/cmTC_8ae48.dir/build]
  ignore line: [make[4]: Entering directory '/usr/OpenDroneMap_v0_3_1/SuperBuild/build/cmvs/CMakeFiles/CMakeTmp']
  ignore line: [Building C object CMakeFiles/cmTC_8ae48.dir/CMakeCCompilerABI.c.o]
  ignore line: [/usr/bin/cc     -o CMakeFiles/cmTC_8ae48.dir/CMakeCCompilerABI.c.o   -c /usr/share/cmake-3.5/Modules/CMakeCCompilerABI.c]
  ignore line: [Linking C executable cmTC_8ae48]
  ignore line: [/usr/bin/cmake -E cmake_link_script CMakeFiles/cmTC_8ae48.dir/link.txt --verbose=1]
  ignore line: [/usr/bin/cc      -v CMakeFiles/cmTC_8ae48.dir/CMakeCCompilerABI.c.o  -o cmTC_8ae48 -rdynamic  ]
  ignore line: [Using built-in specs.]
  ignore line: [COLLECT_GCC=/usr/bin/cc]
  ignore line: [COLLECT_LTO_WRAPPER=/usr/lib/gcc/x86_64-linux-gnu/5/lto-wrapper]
  ignore line: [Target: x86_64-linux-gnu]
  ignore line: [Configured with: ../src/configure -v --with-pkgversion='Ubuntu 5.4.0-6ubuntu1~16.04.4' --with-bugurl=file:///usr/share/doc/gcc-5/README.Bugs --enable-languages=c,ada,c++,java,go,d,fortran,objc,obj-c++ --prefix=/usr --program-suffix=-5 --enable-shared --enable-linker-build-id --libexecdir=/usr/lib --without-included-gettext --enable-threads=posix --libdir=/usr/lib --enable-nls --with-sysroot=/ --enable-clocale=gnu --enable-libstdcxx-debug --enable-libstdcxx-time=yes --with-default-libstdcxx-abi=new --enable-gnu-unique-object --disable-vtable-verify --enable-libmpx --enable-plugin --with-system-zlib --disable-browser-plugin --enable-java-awt=gtk --enable-gtk-cairo --with-java-home=/usr/lib/jvm/java-1.5.0-gcj-5-amd64/jre --enable-java-home --with-jvm-root-dir=/usr/lib/jvm/java-1.5.0-gcj-5-amd64 --with-jvm-jar-dir=/usr/lib/jvm-exports/java-1.5.0-gcj-5-amd64 --with-arch-directory=amd64 --with-ecj-jar=/usr/share/java/eclipse-ecj.jar --enable-objc-gc --enable-multiarch --disable-werror --with-arch-32=i686 --with-abi=m64 --with-multilib-list=m32,m64,mx32 --enable-multilib --with-tune=generic --enable-checking=release --build=x86_64-linux-gnu --host=x86_64-linux-gnu --target=x86_64-linux-gnu]
  ignore line: [Thread model: posix]
  ignore line: [gcc version 5.4.0 20160609 (Ubuntu 5.4.0-6ubuntu1~16.04.4) ]
  ignore line: [COMPILER_PATH=/usr/lib/gcc/x86_64-linux-gnu/5/:/usr/lib/gcc/x86_64-linux-gnu/5/:/usr/lib/gcc/x86_64-linux-gnu/:/usr/lib/gcc/x86_64-linux-gnu/5/:/usr/lib/gcc/x86_64-linux-gnu/]
  ignore line: [LIBRARY_PATH=/usr/lib/gcc/x86_64-linux-gnu/5/:/usr/lib/gcc/x86_64-linux-gnu/5/../../../x86_64-linux-gnu/:/usr/lib/gcc/x86_64-linux-gnu/5/../../../../lib/:/lib/x86_64-linux-gnu/:/lib/../lib/:/usr/lib/x86_64-linux-gnu/:/usr/lib/../lib/:/usr/lib/gcc/x86_64-linux-gnu/5/../../../:/lib/:/usr/lib/]
  ignore line: [COLLECT_GCC_OPTIONS='-v' '-o' 'cmTC_8ae48' '-rdynamic' '-mtune=generic' '-march=x86-64']
  link line: [ /usr/lib/gcc/x86_64-linux-gnu/5/collect2 -plugin /usr/lib/gcc/x86_64-linux-gnu/5/liblto_plugin.so -plugin-opt=/usr/lib/gcc/x86_64-linux-gnu/5/lto-wrapper -plugin-opt=-fresolution=/tmp/ccSaS8dy.res -plugin-opt=-pass-through=-lgcc -plugin-opt=-pass-through=-lgcc_s -plugin-opt=-pass-through=-lc -plugin-opt=-pass-through=-lgcc -plugin-opt=-pass-through=-lgcc_s --sysroot=/ --build-id --eh-frame-hdr -m elf_x86_64 --hash-style=gnu --as-needed -export-dynamic -dynamic-linker /lib64/ld-linux-x86-64.so.2 -z relro -o cmTC_8ae48 /usr/lib/gcc/x86_64-linux-gnu/5/../../../x86_64-linux-gnu/crt1.o /usr/lib/gcc/x86_64-linux-gnu/5/../../../x86_64-linux-gnu/crti.o /usr/lib/gcc/x86_64-linux-gnu/5/crtbegin.o -L/usr/lib/gcc/x86_64-linux-gnu/5 -L/usr/lib/gcc/x86_64-linux-gnu/5/../../../x86_64-linux-gnu -L/usr/lib/gcc/x86_64-linux-gnu/5/../../../../lib -L/lib/x86_64-linux-gnu -L/lib/../lib -L/usr/lib/x86_64-linux-gnu -L/usr/lib/../lib -L/usr/lib/gcc/x86_64-linux-gnu/5/../../.. CMakeFiles/cmTC_8ae48.dir/CMakeCCompilerABI.c.o -lgcc --as-needed -lgcc_s --no-as-needed -lc -lgcc --as-needed -lgcc_s --no-as-needed /usr/lib/gcc/x86_64-linux-gnu/5/crtend.o /usr/lib/gcc/x86_64-linux-gnu/5/../../../x86_64-linux-gnu/crtn.o]
    arg [/usr/lib/gcc/x86_64-linux-gnu/5/collect2] ==> ignore
    arg [-plugin] ==> ignore
    arg [/usr/lib/gcc/x86_64-linux-gnu/5/liblto_plugin.so] ==> ignore
    arg [-plugin-opt=/usr/lib/gcc/x86_64-linux-gnu/5/lto-wrapper] ==> ignore
    arg [-plugin-opt=-fresolution=/tmp/ccSaS8dy.res] ==> ignore
    arg [-plugin-opt=-pass-through=-lgcc] ==> ignore
    arg [-plugin-opt=-pass-through=-lgcc_s] ==> ignore
    arg [-plugin-opt=-pass-through=-lc] ==> ignore
    arg [-plugin-opt=-pass-through=-lgcc] ==> ignore
    arg [-plugin-opt=-pass-through=-lgcc_s] ==> ignore
    arg [--sysroot=/] ==> ignore
    arg [--build-id] ==> ignore
    arg [--eh-frame-hdr] ==> ignore
    arg [-m] ==> ignore
    arg [elf_x86_64] ==> ignore
    arg [--hash-style=gnu] ==> ignore
    arg [--as-needed] ==> ignore
    arg [-export-dynamic] ==> ignore
    arg [-dynamic-linker] ==> ignore
    arg [/lib64/ld-linux-x86-64.so.2] ==> ignore
    arg [-zrelro] ==> ignore
    arg [-o] ==> ignore
    arg [cmTC_8ae48] ==> ignore
    arg [/usr/lib/gcc/x86_64-linux-gnu/5/../../../x86_64-linux-gnu/crt1.o] ==> ignore
    arg [/usr/lib/gcc/x86_64-linux-gnu/5/../../../x86_64-linux-gnu/crti.o] ==> ignore
    arg [/usr/lib/gcc/x86_64-linux-gnu/5/crtbegin.o] ==> ignore
    arg [-L/usr/lib/gcc/x86_64-linux-gnu/5] ==> dir [/usr/lib/gcc/x86_64-linux-gnu/5]
    arg [-L/usr/lib/gcc/x86_64-linux-gnu/5/../../../x86_64-linux-gnu] ==> dir [/usr/lib/gcc/x86_64-linux-gnu/5/../../../x86_64-linux-gnu]
    arg [-L/usr/lib/gcc/x86_64-linux-gnu/5/../../../../lib] ==> dir [/usr/lib/gcc/x86_64-linux-gnu/5/../../../../lib]
    arg [-L/lib/x86_64-linux-gnu] ==> dir [/lib/x86_64-linux-gnu]
    arg [-L/lib/../lib] ==> dir [/lib/../lib]
    arg [-L/usr/lib/x86_64-linux-gnu] ==> dir [/usr/lib/x86_64-linux-gnu]
    arg [-L/usr/lib/../lib] ==> dir [/usr/lib/../lib]
    arg [-L/usr/lib/gcc/x86_64-linux-gnu/5/../../..] ==> dir [/usr/lib/gcc/x86_64-linux-gnu/5/../../..]
    arg [CMakeFiles/cmTC_8ae48.dir/CMakeCCompilerABI.c.o] ==> ignore
    arg [-lgcc] ==> lib [gcc]
    arg [--as-needed] ==> ignore
    arg [-lgcc_s] ==> lib [gcc_s]
    arg [--no-as-needed] ==> ignore
    arg [-lc] ==> lib [c]
    arg [-lgcc] ==> lib [gcc]
    arg [--as-needed] ==> ignore
    arg [-lgcc_s] ==> lib [gcc_s]
    arg [--no-as-needed] ==> ignore
    arg [/usr/lib/gcc/x86_64-linux-gnu/5/crtend.o] ==> ignore
    arg [/usr/lib/gcc/x86_64-linux-gnu/5/../../../x86_64-linux-gnu/crtn.o] ==> ignore
  remove lib [gcc]
  remove lib [gcc_s]
  remove lib [gcc]
  remove lib [gcc_s]
  collapse library dir [/usr/lib/gcc/x86_64-linux-gnu/5] ==> [/usr/lib/gcc/x86_64-linux-gnu/5]
  collapse library dir [/usr/lib/gcc/x86_64-linux-gnu/5/../../../x86_64-linux-gnu] ==> [/usr/lib/x86_64-linux-gnu]
  collapse library dir [/usr/lib/gcc/x86_64-linux-gnu/5/../../../../lib] ==> [/usr/lib]
  collapse library dir [/lib/x86_64-linux-gnu] ==> [/lib/x86_64-linux-gnu]
  collapse library dir [/lib/../lib] ==> [/lib]
  collapse library dir [/usr/lib/x86_64-linux-gnu] ==> [/usr/lib/x86_64-linux-gnu]
  collapse library dir [/usr/lib/../lib] ==> [/usr/lib]
  collapse library dir [/usr/lib/gcc/x86_64-linux-gnu/5/../../..] ==> [/usr/lib]
  implicit libs: [c]
  implicit dirs: [/usr/lib/gcc/x86_64-linux-gnu/5;/usr/lib/x86_64-linux-gnu;/usr/lib;/lib/x86_64-linux-gnu;/lib]
  implicit fwks: []




Detecting C [-std=c11] compiler features compiled with the following output:
Change Dir: /usr/OpenDroneMap_v0_3_1/SuperBuild/build/cmvs/CMakeFiles/CMakeTmp

Run Build Command:"/usr/bin/make" "cmTC_f3189/fast"
make[3]: Entering directory '/usr/OpenDroneMap_v0_3_1/SuperBuild/build/cmvs/CMakeFiles/CMakeTmp'
/usr/bin/make -f CMakeFiles/cmTC_f3189.dir/build.make CMakeFiles/cmTC_f3189.dir/build
make[4]: Entering directory '/usr/OpenDroneMap_v0_3_1/SuperBuild/build/cmvs/CMakeFiles/CMakeTmp'
Building C object CMakeFiles/cmTC_f3189.dir/feature_tests.c.o
/usr/bin/cc    -std=c11 -o CMakeFiles/cmTC_f3189.dir/feature_tests.c.o   -c /usr/OpenDroneMap_v0_3_1/SuperBuild/build/cmvs/CMakeFiles/feature_tests.c
Linking C executable cmTC_f3189
/usr/bin/cmake -E cmake_link_script CMakeFiles/cmTC_f3189.dir/link.txt --verbose=1
/usr/bin/cc       CMakeFiles/cmTC_f3189.dir/feature_tests.c.o  -o cmTC_f3189 -rdynamic 
make[4]: Leaving directory '/usr/OpenDroneMap_v0_3_1/SuperBuild/build/cmvs/CMakeFiles/CMakeTmp'
make[3]: Leaving directory '/usr/OpenDroneMap_v0_3_1/SuperBuild/build/cmvs/CMakeFiles/CMakeTmp'


    Feature record: C_FEATURE:1c_function_prototypes
    Feature record: C_FEATURE:1c_restrict
    Feature record: C_FEATURE:1c_static_assert
    Feature record: C_FEATURE:1c_variadic_macros


Detecting C [-std=c99] compiler features compiled with the following output:
Change Dir: /usr/OpenDroneMap_v0_3_1/SuperBuild/build/cmvs/CMakeFiles/CMakeTmp

Run Build Command:"/usr/bin/make" "cmTC_5e37b/fast"
make[3]: Entering directory '/usr/OpenDroneMap_v0_3_1/SuperBuild/build/cmvs/CMakeFiles/CMakeTmp'
/usr/bin/make -f CMakeFiles/cmTC_5e37b.dir/build.make CMakeFiles/cmTC_5e37b.dir/build
make[4]: Entering directory '/usr/OpenDroneMap_v0_3_1/SuperBuild/build/cmvs/CMakeFiles/CMakeTmp'
Building C object CMakeFiles/cmTC_5e37b.dir/feature_tests.c.o
/usr/bin/cc    -std=c99 -o CMakeFiles/cmTC_5e37b.dir/feature_tests.c.o   -c /usr/OpenDroneMap_v0_3_1/SuperBuild/build/cmvs/CMakeFiles/feature_tests.c
Linking C executable cmTC_5e37b
/usr/bin/cmake -E cmake_link_script CMakeFiles/cmTC_5e37b.dir/link.txt --verbose=1
/usr/bin/cc       CMakeFiles/cmTC_5e37b.dir/feature_tests.c.o  -o cmTC_5e37b -rdynamic 
make[4]: Leaving directory '/usr/OpenDroneMap_v0_3_1/SuperBuild/build/cmvs/CMakeFiles/CMakeTmp'
make[3]: Leaving directory '/usr/OpenDroneMap_v0_3_1/SuperBuild/build/cmvs/CMakeFiles/CMakeTmp'


    Feature record: C_FEATURE:1c_function_prototypes
    Feature record: C_FEATURE:1c_restrict
    Feature record: C_FEATURE:0c_static_assert
    Feature record: C_FEATURE:1c_variadic_macros


Detecting C [-std=c90] compiler features compiled with the following output:
Change Dir: /usr/OpenDroneMap_v0_3_1/SuperBuild/build/cmvs/CMakeFiles/CMakeTmp

Run Build Command:"/usr/bin/make" "cmTC_13701/fast"
make[3]: Entering directory '/usr/OpenDroneMap_v0_3_1/SuperBuild/build/cmvs/CMakeFiles/CMakeTmp'
/usr/bin/make -f CMakeFiles/cmTC_13701.dir/build.make CMakeFiles/cmTC_13701.dir/build
make[4]: Entering directory '/usr/OpenDroneMap_v0_3_1/SuperBuild/build/cmvs/CMakeFiles/CMakeTmp'
Building C object CMakeFiles/cmTC_13701.dir/feature_tests.c.o
/usr/bin/cc    -std=c90 -o CMakeFiles/cmTC_13701.dir/feature_tests.c.o   -c /usr/OpenDroneMap_v0_3_1/SuperBuild/build/cmvs/CMakeFiles/feature_tests.c
Linking C executable cmTC_13701
/usr/bin/cmake -E cmake_link_script CMakeFiles/cmTC_13701.dir/link.txt --verbose=1
/usr/bin/cc       CMakeFiles/cmTC_13701.dir/feature_tests.c.o  -o cmTC_13701 -rdynamic 
make[4]: Leaving directory '/usr/OpenDroneMap_v0_3_1/SuperBuild/build/cmvs/CMakeFiles/CMakeTmp'
make[3]: Leaving directory '/usr/OpenDroneMap_v0_3_1/SuperBuild/build/cmvs/CMakeFiles/CMakeTmp'


    Feature record: C_FEATURE:1c_function_prototypes
    Feature record: C_FEATURE:0c_restrict
    Feature record: C_FEATURE:0c_static_assert
    Feature record: C_FEATURE:0c_variadic_macros
Determining if the CXX compiler works passed with the following output:
Change Dir: /usr/OpenDroneMap_v0_3_1/SuperBuild/build/cmvs/CMakeFiles/CMakeTmp

Run Build Command:"/usr/bin/make" "cmTC_517e2/fast"
make[3]: Entering directory '/usr/OpenDroneMap_v0_3_1/SuperBuild/build/cmvs/CMakeFiles/CMakeTmp'
/usr/bin/make -f CMakeFiles/cmTC_517e2.dir/build.make CMakeFiles/cmTC_517e2.dir/build
make[4]: Entering directory '/usr/OpenDroneMap_v0_3_1/SuperBuild/build/cmvs/CMakeFiles/CMakeTmp'
Building CXX object CMakeFiles/cmTC_517e2.dir/testCXXCompiler.cxx.o
/usr/bin/c++      -o CMakeFiles/cmTC_517e2.dir/testCXXCompiler.cxx.o -c /usr/OpenDroneMap_v0_3_1/SuperBuild/build/cmvs/CMakeFiles/CMakeTmp/testCXXCompiler.cxx
Linking CXX executable cmTC_517e2
/usr/bin/cmake -E cmake_link_script CMakeFiles/cmTC_517e2.dir/link.txt --verbose=1
/usr/bin/c++        CMakeFiles/cmTC_517e2.dir/testCXXCompiler.cxx.o  -o cmTC_517e2 -rdynamic 
make[4]: Leaving directory '/usr/OpenDroneMap_v0_3_1/SuperBuild/build/cmvs/CMakeFiles/CMakeTmp'
make[3]: Leaving directory '/usr/OpenDroneMap_v0_3_1/SuperBuild/build/cmvs/CMakeFiles/CMakeTmp'


Detecting CXX compiler ABI info compiled with the following output:
Change Dir: /usr/OpenDroneMap_v0_3_1/SuperBuild/build/cmvs/CMakeFiles/CMakeTmp

Run Build Command:"/usr/bin/make" "cmTC_38714/fast"
make[3]: Entering directory '/usr/OpenDroneMap_v0_3_1/SuperBuild/build/cmvs/CMakeFiles/CMakeTmp'
/usr/bin/make -f CMakeFiles/cmTC_38714.dir/build.make CMakeFiles/cmTC_38714.dir/build
make[4]: Entering directory '/usr/OpenDroneMap_v0_3_1/SuperBuild/build/cmvs/CMakeFiles/CMakeTmp'
Building CXX object CMakeFiles/cmTC_38714.dir/CMakeCXXCompilerABI.cpp.o
/usr/bin/c++      -o CMakeFiles/cmTC_38714.dir/CMakeCXXCompilerABI.cpp.o -c /usr/share/cmake-3.5/Modules/CMakeCXXCompilerABI.cpp
Linking CXX executable cmTC_38714
/usr/bin/cmake -E cmake_link_script CMakeFiles/cmTC_38714.dir/link.txt --verbose=1
/usr/bin/c++       -v CMakeFiles/cmTC_38714.dir/CMakeCXXCompilerABI.cpp.o  -o cmTC_38714 -rdynamic  
Using built-in specs.
COLLECT_GCC=/usr/bin/c++
COLLECT_LTO_WRAPPER=/usr/lib/gcc/x86_64-linux-gnu/5/lto-wrapper
Target: x86_64-linux-gnu
Configured with: ../src/configure -v --with-pkgversion='Ubuntu 5.4.0-6ubuntu1~16.04.4' --with-bugurl=file:///usr/share/doc/gcc-5/README.Bugs --enable-languages=c,ada,c++,java,go,d,fortran,objc,obj-c++ --prefix=/usr --program-suffix=-5 --enable-shared --enable-linker-build-id --libexecdir=/usr/lib --without-included-gettext --enable-threads=posix --libdir=/usr/lib --enable-nls --with-sysroot=/ --enable-clocale=gnu --enable-libstdcxx-debug --enable-libstdcxx-time=yes --with-default-libstdcxx-abi=new --enable-gnu-unique-object --disable-vtable-verify --enable-libmpx --enable-plugin --with-system-zlib --disable-browser-plugin --enable-java-awt=gtk --enable-gtk-cairo --with-java-home=/usr/lib/jvm/java-1.5.0-gcj-5-amd64/jre --enable-java-home --with-jvm-root-dir=/usr/lib/jvm/java-1.5.0-gcj-5-amd64 --with-jvm-jar-dir=/usr/lib/jvm-exports/java-1.5.0-gcj-5-amd64 --with-arch-directory=amd64 --with-ecj-jar=/usr/share/java/eclipse-ecj.jar --enable-objc-gc --enable-multiarch --disable-werror --with-arch-32=i686 --with-abi=m64 --with-multilib-list=m32,m64,mx32 --enable-multilib --with-tune=generic --enable-checking=release --build=x86_64-linux-gnu --host=x86_64-linux-gnu --target=x86_64-linux-gnu
Thread model: posix
gcc version 5.4.0 20160609 (Ubuntu 5.4.0-6ubuntu1~16.04.4) 
COMPILER_PATH=/usr/lib/gcc/x86_64-linux-gnu/5/:/usr/lib/gcc/x86_64-linux-gnu/5/:/usr/lib/gcc/x86_64-linux-gnu/:/usr/lib/gcc/x86_64-linux-gnu/5/:/usr/lib/gcc/x86_64-linux-gnu/
LIBRARY_PATH=/usr/lib/gcc/x86_64-linux-gnu/5/:/usr/lib/gcc/x86_64-linux-gnu/5/../../../x86_64-linux-gnu/:/usr/lib/gcc/x86_64-linux-gnu/5/../../../../lib/:/lib/x86_64-linux-gnu/:/lib/../lib/:/usr/lib/x86_64-linux-gnu/:/usr/lib/../lib/:/usr/lib/gcc/x86_64-linux-gnu/5/../../../:/lib/:/usr/lib/
COLLECT_GCC_OPTIONS='-v' '-o' 'cmTC_38714' '-rdynamic' '-shared-libgcc' '-mtune=generic' '-march=x86-64'
 /usr/lib/gcc/x86_64-linux-gnu/5/collect2 -plugin /usr/lib/gcc/x86_64-linux-gnu/5/liblto_plugin.so -plugin-opt=/usr/lib/gcc/x86_64-linux-gnu/5/lto-wrapper -plugin-opt=-fresolution=/tmp/ccI4jwId.res -plugin-opt=-pass-through=-lgcc_s -plugin-opt=-pass-through=-lgcc -plugin-opt=-pass-through=-lc -plugin-opt=-pass-through=-lgcc_s -plugin-opt=-pass-through=-lgcc --sysroot=/ --build-id --eh-frame-hdr -m elf_x86_64 --hash-style=gnu --as-needed -export-dynamic -dynamic-linker /lib64/ld-linux-x86-64.so.2 -z relro -o cmTC_38714 /usr/lib/gcc/x86_64-linux-gnu/5/../../../x86_64-linux-gnu/crt1.o /usr/lib/gcc/x86_64-linux-gnu/5/../../../x86_64-linux-gnu/crti.o /usr/lib/gcc/x86_64-linux-gnu/5/crtbegin.o -L/usr/lib/gcc/x86_64-linux-gnu/5 -L/usr/lib/gcc/x86_64-linux-gnu/5/../../../x86_64-linux-gnu -L/usr/lib/gcc/x86_64-linux-gnu/5/../../../../lib -L/lib/x86_64-linux-gnu -L/lib/../lib -L/usr/lib/x86_64-linux-gnu -L/usr/lib/../lib -L/usr/lib/gcc/x86_64-linux-gnu/5/../../.. CMakeFiles/cmTC_38714.dir/CMakeCXXCompilerABI.cpp.o -lstdc++ -lm -lgcc_s -lgcc -lc -lgcc_s -lgcc /usr/lib/gcc/x86_64-linux-gnu/5/crtend.o /usr/lib/gcc/x86_64-linux-gnu/5/../../../x86_64-linux-gnu/crtn.o
make[4]: Leaving directory '/usr/OpenDroneMap_v0_3_1/SuperBuild/build/cmvs/CMakeFiles/CMakeTmp'
make[3]: Leaving directory '/usr/OpenDroneMap_v0_3_1/SuperBuild/build/cmvs/CMakeFiles/CMakeTmp'


Parsed CXX implicit link information from above output:
  link line regex: [^( *|.*[/\])(ld|([^/\]+-)?ld|collect2)[^/\]*( |$)]
  ignore line: [Change Dir: /usr/OpenDroneMap_v0_3_1/SuperBuild/build/cmvs/CMakeFiles/CMakeTmp]
  ignore line: []
  ignore line: [Run Build Command:"/usr/bin/make" "cmTC_38714/fast"]
  ignore line: [make[3]: Entering directory '/usr/OpenDroneMap_v0_3_1/SuperBuild/build/cmvs/CMakeFiles/CMakeTmp']
  ignore line: [/usr/bin/make -f CMakeFiles/cmTC_38714.dir/build.make CMakeFiles/cmTC_38714.dir/build]
  ignore line: [make[4]: Entering directory '/usr/OpenDroneMap_v0_3_1/SuperBuild/build/cmvs/CMakeFiles/CMakeTmp']
  ignore line: [Building CXX object CMakeFiles/cmTC_38714.dir/CMakeCXXCompilerABI.cpp.o]
  ignore line: [/usr/bin/c++      -o CMakeFiles/cmTC_38714.dir/CMakeCXXCompilerABI.cpp.o -c /usr/share/cmake-3.5/Modules/CMakeCXXCompilerABI.cpp]
  ignore line: [Linking CXX executable cmTC_38714]
  ignore line: [/usr/bin/cmake -E cmake_link_script CMakeFiles/cmTC_38714.dir/link.txt --verbose=1]
  ignore line: [/usr/bin/c++       -v CMakeFiles/cmTC_38714.dir/CMakeCXXCompilerABI.cpp.o  -o cmTC_38714 -rdynamic  ]
  ignore line: [Using built-in specs.]
  ignore line: [COLLECT_GCC=/usr/bin/c++]
  ignore line: [COLLECT_LTO_WRAPPER=/usr/lib/gcc/x86_64-linux-gnu/5/lto-wrapper]
  ignore line: [Target: x86_64-linux-gnu]
  ignore line: [Configured with: ../src/configure -v --with-pkgversion='Ubuntu 5.4.0-6ubuntu1~16.04.4' --with-bugurl=file:///usr/share/doc/gcc-5/README.Bugs --enable-languages=c,ada,c++,java,go,d,fortran,objc,obj-c++ --prefix=/usr --program-suffix=-5 --enable-shared --enable-linker-build-id --libexecdir=/usr/lib --without-included-gettext --enable-threads=posix --libdir=/usr/lib --enable-nls --with-sysroot=/ --enable-clocale=gnu --enable-libstdcxx-debug --enable-libstdcxx-time=yes --with-default-libstdcxx-abi=new --enable-gnu-unique-object --disable-vtable-verify --enable-libmpx --enable-plugin --with-system-zlib --disable-browser-plugin --enable-java-awt=gtk --enable-gtk-cairo --with-java-home=/usr/lib/jvm/java-1.5.0-gcj-5-amd64/jre --enable-java-home --with-jvm-root-dir=/usr/lib/jvm/java-1.5.0-gcj-5-amd64 --with-jvm-jar-dir=/usr/lib/jvm-exports/java-1.5.0-gcj-5-amd64 --with-arch-directory=amd64 --with-ecj-jar=/usr/share/java/eclipse-ecj.jar --enable-objc-gc --enable-multiarch --disable-werror --with-arch-32=i686 --with-abi=m64 --with-multilib-list=m32,m64,mx32 --enable-multilib --with-tune=generic --enable-checking=release --build=x86_64-linux-gnu --host=x86_64-linux-gnu --target=x86_64-linux-gnu]
  ignore line: [Thread model: posix]
  ignore line: [gcc version 5.4.0 20160609 (Ubuntu 5.4.0-6ubuntu1~16.04.4) ]
  ignore line: [COMPILER_PATH=/usr/lib/gcc/x86_64-linux-gnu/5/:/usr/lib/gcc/x86_64-linux-gnu/5/:/usr/lib/gcc/x86_64-linux-gnu/:/usr/lib/gcc/x86_64-linux-gnu/5/:/usr/lib/gcc/x86_64-linux-gnu/]
  ignore line: [LIBRARY_PATH=/usr/lib/gcc/x86_64-linux-gnu/5/:/usr/lib/gcc/x86_64-linux-gnu/5/../../../x86_64-linux-gnu/:/usr/lib/gcc/x86_64-linux-gnu/5/../../../../lib/:/lib/x86_64-linux-gnu/:/lib/../lib/:/usr/lib/x86_64-linux-gnu/:/usr/lib/../lib/:/usr/lib/gcc/x86_64-linux-gnu/5/../../../:/lib/:/usr/lib/]
  ignore line: [COLLECT_GCC_OPTIONS='-v' '-o' 'cmTC_38714' '-rdynamic' '-shared-libgcc' '-mtune=generic' '-march=x86-64']
  link line: [ /usr/lib/gcc/x86_64-linux-gnu/5/collect2 -plugin /usr/lib/gcc/x86_64-linux-gnu/5/liblto_plugin.so -plugin-opt=/usr/lib/gcc/x86_64-linux-gnu/5/lto-wrapper -plugin-opt=-fresolution=/tmp/ccI4jwId.res -plugin-opt=-pass-through=-lgcc_s -plugin-opt=-pass-through=-lgcc -plugin-opt=-pass-through=-lc -plugin-opt=-pass-through=-lgcc_s -plugin-opt=-pass-through=-lgcc --sysroot=/ --build-id --eh-frame-hdr -m elf_x86_64 --hash-style=gnu --as-needed -export-dynamic -dynamic-linker /lib64/ld-linux-x86-64.so.2 -z relro -o cmTC_38714 /usr/lib/gcc/x86_64-linux-gnu/5/../../../x86_64-linux-gnu/crt1.o /usr/lib/gcc/x86_64-linux-gnu/5/../../../x86_64-linux-gnu/crti.o /usr/lib/gcc/x86_64-linux-gnu/5/crtbegin.o -L/usr/lib/gcc/x86_64-linux-gnu/5 -L/usr/lib/gcc/x86_64-linux-gnu/5/../../../x86_64-linux-gnu -L/usr/lib/gcc/x86_64-linux-gnu/5/../../../../lib -L/lib/x86_64-linux-gnu -L/lib/../lib -L/usr/lib/x86_64-linux-gnu -L/usr/lib/../lib -L/usr/lib/gcc/x86_64-linux-gnu/5/../../.. CMakeFiles/cmTC_38714.dir/CMakeCXXCompilerABI.cpp.o -lstdc++ -lm -lgcc_s -lgcc -lc -lgcc_s -lgcc /usr/lib/gcc/x86_64-linux-gnu/5/crtend.o /usr/lib/gcc/x86_64-linux-gnu/5/../../../x86_64-linux-gnu/crtn.o]
    arg [/usr/lib/gcc/x86_64-linux-gnu/5/collect2] ==> ignore
    arg [-plugin] ==> ignore
    arg [/usr/lib/gcc/x86_64-linux-gnu/5/liblto_plugin.so] ==> ignore
    arg [-plugin-opt=/usr/lib/gcc/x86_64-linux-gnu/5/lto-wrapper] ==> ignore
    arg [-plugin-opt=-fresolution=/tmp/ccI4jwId.res] ==> ignore
    arg [-plugin-opt=-pass-through=-lgcc_s] ==> ignore
    arg [-plugin-opt=-pass-through=-lgcc] ==> ignore
    arg [-plugin-opt=-pass-through=-lc] ==> ignore
    arg [-plugin-opt=-pass-through=-lgcc_s] ==> ignore
    arg [-plugin-opt=-pass-through=-lgcc] ==> ignore
    arg [--sysroot=/] ==> ignore
    arg [--build-id] ==> ignore
    arg [--eh-frame-hdr] ==> ignore
    arg [-m] ==> ignore
    arg [elf_x86_64] ==> ignore
    arg [--hash-style=gnu] ==> ignore
    arg [--as-needed] ==> ignore
    arg [-export-dynamic] ==> ignore
    arg [-dynamic-linker] ==> ignore
    arg [/lib64/ld-linux-x86-64.so.2] ==> ignore
    arg [-zrelro] ==> ignore
    arg [-o] ==> ignore
    arg [cmTC_38714] ==> ignore
    arg [/usr/lib/gcc/x86_64-linux-gnu/5/../../../x86_64-linux-gnu/crt1.o] ==> ignore
    arg [/usr/lib/gcc/x86_64-linux-gnu/5/../../../x86_64-linux-gnu/crti.o] ==> ignore
    arg [/usr/lib/gcc/x86_64-linux-gnu/5/crtbegin.o] ==> ignore
    arg [-L/usr/lib/gcc/x86_64-linux-gnu/5] ==> dir [/usr/lib/gcc/x86_64-linux-gnu/5]
    arg [-L/usr/lib/gcc/x86_64-linux-gnu/5/../../../x86_64-linux-gnu] ==> dir [/usr/lib/gcc/x86_64-linux-gnu/5/../../../x86_64-linux-gnu]
    arg [-L/usr/lib/gcc/x86_64-linux-gnu/5/../../../../lib] ==> dir [/usr/lib/gcc/x86_64-linux-gnu/5/../../../../lib]
    arg [-L/lib/x86_64-linux-gnu] ==> dir [/lib/x86_64-linux-gnu]
    arg [-L/lib/../lib] ==> dir [/lib/../lib]
    arg [-L/usr/lib/x86_64-linux-gnu] ==> dir [/usr/lib/x86_64-linux-gnu]
    arg [-L/usr/lib/../lib] ==> dir [/usr/lib/../lib]
    arg [-L/usr/lib/gcc/x86_64-linux-gnu/5/../../..] ==> dir [/usr/lib/gcc/x86_64-linux-gnu/5/../../..]
    arg [CMakeFiles/cmTC_38714.dir/CMakeCXXCompilerABI.cpp.o] ==> ignore
    arg [-lstdc++] ==> lib [stdc++]
    arg [-lm] ==> lib [m]
    arg [-lgcc_s] ==> lib [gcc_s]
    arg [-lgcc] ==> lib [gcc]
    arg [-lc] ==> lib [c]
    arg [-lgcc_s] ==> lib [gcc_s]
    arg [-lgcc] ==> lib [gcc]
    arg [/usr/lib/gcc/x86_64-linux-gnu/5/crtend.o] ==> ignore
    arg [/usr/lib/gcc/x86_64-linux-gnu/5/../../../x86_64-linux-gnu/crtn.o] ==> ignore
  remove lib [gcc_s]
  remove lib [gcc]
  remove lib [gcc_s]
  remove lib [gcc]
  collapse library dir [/usr/lib/gcc/x86_64-linux-gnu/5] ==> [/usr/lib/gcc/x86_64-linux-gnu/5]
  collapse library dir [/usr/lib/gcc/x86_64-linux-gnu/5/../../../x86_64-linux-gnu] ==> [/usr/lib/x86_64-linux-gnu]
  collapse library dir [/usr/lib/gcc/x86_64-linux-gnu/5/../../../../lib] ==> [/usr/lib]
  collapse library dir [/lib/x86_64-linux-gnu] ==> [/lib/x86_64-linux-gnu]
  collapse library dir [/lib/../lib] ==> [/lib]
  collapse library dir [/usr/lib/x86_64-linux-gnu] ==> [/usr/lib/x86_64-linux-gnu]
  collapse library dir [/usr/lib/../lib] ==> [/usr/lib]
  collapse library dir [/usr/lib/gcc/x86_64-linux-gnu/5/../../..] ==> [/usr/lib]
  implicit libs: [stdc++;m;c]
  implicit dirs: [/usr/lib/gcc/x86_64-linux-gnu/5;/usr/lib/x86_64-linux-gnu;/usr/lib;/lib/x86_64-linux-gnu;/lib]
  implicit fwks: []




Detecting CXX [-std=c++14] compiler features compiled with the following output:
Change Dir: /usr/OpenDroneMap_v0_3_1/SuperBuild/build/cmvs/CMakeFiles/CMakeTmp

Run Build Command:"/usr/bin/make" "cmTC_73e95/fast"
make[3]: Entering directory '/usr/OpenDroneMap_v0_3_1/SuperBuild/build/cmvs/CMakeFiles/CMakeTmp'
/usr/bin/make -f CMakeFiles/cmTC_73e95.dir/build.make CMakeFiles/cmTC_73e95.dir/build
make[4]: Entering directory '/usr/OpenDroneMap_v0_3_1/SuperBuild/build/cmvs/CMakeFiles/CMakeTmp'
Building CXX object CMakeFiles/cmTC_73e95.dir/feature_tests.cxx.o
/usr/bin/c++     -std=c++14 -o CMakeFiles/cmTC_73e95.dir/feature_tests.cxx.o -c /usr/OpenDroneMap_v0_3_1/SuperBuild/build/cmvs/CMakeFiles/feature_tests.cxx
Linking CXX executable cmTC_73e95
/usr/bin/cmake -E cmake_link_script CMakeFiles/cmTC_73e95.dir/link.txt --verbose=1
/usr/bin/c++        CMakeFiles/cmTC_73e95.dir/feature_tests.cxx.o  -o cmTC_73e95 -rdynamic 
make[4]: Leaving directory '/usr/OpenDroneMap_v0_3_1/SuperBuild/build/cmvs/CMakeFiles/CMakeTmp'
make[3]: Leaving directory '/usr/OpenDroneMap_v0_3_1/SuperBuild/build/cmvs/CMakeFiles/CMakeTmp'


    Feature record: CXX_FEATURE:1cxx_aggregate_default_initializers
    Feature record: CXX_FEATURE:1cxx_alias_templates
    Feature record: CXX_FEATURE:1cxx_alignas
    Feature record: CXX_FEATURE:1cxx_alignof
    Feature record: CXX_FEATURE:1cxx_attributes
    Feature record: CXX_FEATURE:1cxx_attribute_deprecated
    Feature record: CXX_FEATURE:1cxx_auto_type
    Feature record: CXX_FEATURE:1cxx_binary_literals
    Feature record: CXX_FEATURE:1cxx_constexpr
    Feature record: CXX_FEATURE:1cxx_contextual_conversions
    Feature record: CXX_FEATURE:1cxx_decltype
    Feature record: CXX_FEATURE:1cxx_decltype_auto
    Feature record: CXX_FEATURE:1cxx_decltype_incomplete_return_types
    Feature record: CXX_FEATURE:1cxx_default_function_template_args
    Feature record: CXX_FEATURE:1cxx_defaulted_functions
    Feature record: CXX_FEATURE:1cxx_defaulted_move_initializers
    Feature record: CXX_FEATURE:1cxx_delegating_constructors
    Feature record: CXX_FEATURE:1cxx_deleted_functions
    Feature record: CXX_FEATURE:1cxx_digit_separators
    Feature record: CXX_FEATURE:1cxx_enum_forward_declarations
    Feature record: CXX_FEATURE:1cxx_explicit_conversions
    Feature record: CXX_FEATURE:1cxx_extended_friend_declarations
    Feature record: CXX_FEATURE:1cxx_extern_templates
    Feature record: CXX_FEATURE:1cxx_final
    Feature record: CXX_FEATURE:1cxx_func_identifier
    Feature record: CXX_FEATURE:1cxx_generalized_initializers
    Feature record: CXX_FEATURE:1cxx_generic_lambdas
    Feature record: CXX_FEATURE:1cxx_inheriting_constructors
    Feature record: CXX_FEATURE:1cxx_inline_namespaces
    Feature record: CXX_FEATURE:1cxx_lambdas
    Feature record: CXX_FEATURE:1cxx_lambda_init_captures
    Feature record: CXX_FEATURE:1cxx_local_type_template_args
    Feature record: CXX_FEATURE:1cxx_long_long_type
    Feature record: CXX_FEATURE:1cxx_noexcept
    Feature record: CXX_FEATURE:1cxx_nonstatic_member_init
    Feature record: CXX_FEATURE:1cxx_nullptr
    Feature record: CXX_FEATURE:1cxx_override
    Feature record: CXX_FEATURE:1cxx_range_for
    Feature record: CXX_FEATURE:1cxx_raw_string_literals
    Feature record: CXX_FEATURE:1cxx_reference_qualified_functions
    Feature record: CXX_FEATURE:1cxx_relaxed_constexpr
    Feature record: CXX_FEATURE:1cxx_return_type_deduction
    Feature record: CXX_FEATURE:1cxx_right_angle_brackets
    Feature record: CXX_FEATURE:1cxx_rvalue_references
    Feature record: CXX_FEATURE:1cxx_sizeof_member
    Feature record: CXX_FEATURE:1cxx_static_assert
    Feature record: CXX_FEATURE:1cxx_strong_enums
    Feature record: CXX_FEATURE:1cxx_template_template_parameters
    Feature record: CXX_FEATURE:1cxx_thread_local
    Feature record: CXX_FEATURE:1cxx_trailing_return_types
    Feature record: CXX_FEATURE:1cxx_unicode_literals
    Feature record: CXX_FEATURE:1cxx_uniform_initialization
    Feature record: CXX_FEATURE:1cxx_unrestricted_unions
    Feature record: CXX_FEATURE:1cxx_user_literals
    Feature record: CXX_FEATURE:1cxx_variable_templates
    Feature record: CXX_FEATURE:1cxx_variadic_macros
    Feature record: CXX_FEATURE:1cxx_variadic_templates


Detecting CXX [-std=c++11] compiler features compiled with the following output:
Change Dir: /usr/OpenDroneMap_v0_3_1/SuperBuild/build/cmvs/CMakeFiles/CMakeTmp

Run Build Command:"/usr/bin/make" "cmTC_109da/fast"
make[3]: Entering directory '/usr/OpenDroneMap_v0_3_1/SuperBuild/build/cmvs/CMakeFiles/CMakeTmp'
/usr/bin/make -f CMakeFiles/cmTC_109da.dir/build.make CMakeFiles/cmTC_109da.dir/build
make[4]: Entering directory '/usr/OpenDroneMap_v0_3_1/SuperBuild/build/cmvs/CMakeFiles/CMakeTmp'
Building CXX object CMakeFiles/cmTC_109da.dir/feature_tests.cxx.o
/usr/bin/c++     -std=c++11 -o CMakeFiles/cmTC_109da.dir/feature_tests.cxx.o -c /usr/OpenDroneMap_v0_3_1/SuperBuild/build/cmvs/CMakeFiles/feature_tests.cxx
Linking CXX executable cmTC_109da
/usr/bin/cmake -E cmake_link_script CMakeFiles/cmTC_109da.dir/link.txt --verbose=1
/usr/bin/c++        CMakeFiles/cmTC_109da.dir/feature_tests.cxx.o  -o cmTC_109da -rdynamic 
make[4]: Leaving directory '/usr/OpenDroneMap_v0_3_1/SuperBuild/build/cmvs/CMakeFiles/CMakeTmp'
make[3]: Leaving directory '/usr/OpenDroneMap_v0_3_1/SuperBuild/build/cmvs/CMakeFiles/CMakeTmp'


    Feature record: CXX_FEATURE:0cxx_aggregate_default_initializers
    Feature record: CXX_FEATURE:1cxx_alias_templates
    Feature record: CXX_FEATURE:1cxx_alignas
    Feature record: CXX_FEATURE:1cxx_alignof
    Feature record: CXX_FEATURE:1cxx_attributes
    Feature record: CXX_FEATURE:0cxx_attribute_deprecated
    Feature record: CXX_FEATURE:1cxx_auto_type
    Feature record: CXX_FEATURE:0cxx_binary_literals
    Feature record: CXX_FEATURE:1cxx_constexpr
    Feature record: CXX_FEATURE:0cxx_contextual_conversions
    Feature record: CXX_FEATURE:1cxx_decltype
    Feature record: CXX_FEATURE:0cxx_decltype_auto
    Feature record: CXX_FEATURE:1cxx_decltype_incomplete_return_types
    Feature record: CXX_FEATURE:1cxx_default_function_template_args
    Feature record: CXX_FEATURE:1cxx_defaulted_functions
    Feature record: CXX_FEATURE:1cxx_defaulted_move_initializers
    Feature record: CXX_FEATURE:1cxx_delegating_constructors
    Feature record: CXX_FEATURE:1cxx_deleted_functions
    Feature record: CXX_FEATURE:0cxx_digit_separators
    Feature record: CXX_FEATURE:1cxx_enum_forward_declarations
    Feature record: CXX_FEATURE:1cxx_explicit_conversions
    Feature record: CXX_FEATURE:1cxx_extended_friend_declarations
    Feature record: CXX_FEATURE:1cxx_extern_templates
    Feature record: CXX_FEATURE:1cxx_final
    Feature record: CXX_FEATURE:1cxx_func_identifier
    Feature record: CXX_FEATURE:1cxx_generalized_initializers
    Feature record: CXX_FEATURE:0cxx_generic_lambdas
    Feature record: CXX_FEATURE:1cxx_inheriting_constructors
    Feature record: CXX_FEATURE:1cxx_inline_namespaces
    Feature record: CXX_FEATURE:1cxx_lambdas
    Feature record: CXX_FEATURE:0cxx_lambda_init_captures
    Feature record: CXX_FEATURE:1cxx_local_type_template_args
    Feature record: CXX_FEATURE:1cxx_long_long_type
    Feature record: CXX_FEATURE:1cxx_noexcept
    Feature record: CXX_FEATURE:1cxx_nonstatic_member_init
    Feature record: CXX_FEATURE:1cxx_nullptr
    Feature record: CXX_FEATURE:1cxx_override
    Feature record: CXX_FEATURE:1cxx_range_for
    Feature record: CXX_FEATURE:1cxx_raw_string_literals
    Feature record: CXX_FEATURE:1cxx_reference_qualified_functions
    Feature record: CXX_FEATURE:0cxx_relaxed_constexpr
    Feature record: CXX_FEATURE:0cxx_return_type_deduction
    Feature record: CXX_FEATURE:1cxx_right_angle_brackets
    Feature record: CXX_FEATURE:1cxx_rvalue_references
    Feature record: CXX_FEATURE:1cxx_sizeof_member
    Feature record: CXX_FEATURE:1cxx_static_assert
    Feature record: CXX_FEATURE:1cxx_strong_enums
    Feature record: CXX_FEATURE:1cxx_template_template_parameters
    Feature record: CXX_FEATURE:1cxx_thread_local
    Feature record: CXX_FEATURE:1cxx_trailing_return_types
    Feature record: CXX_FEATURE:1cxx_unicode_literals
    Feature record: CXX_FEATURE:1cxx_uniform_initialization
    Feature record: CXX_FEATURE:1cxx_unrestricted_unions
    Feature record: CXX_FEATURE:1cxx_user_literals
    Feature record: CXX_FEATURE:0cxx_variable_templates
    Feature record: CXX_FEATURE:1cxx_variadic_macros
    Feature record: CXX_FEATURE:1cxx_variadic_templates


Detecting CXX [-std=c++98] compiler features compiled with the following output:
Change Dir: /usr/OpenDroneMap_v0_3_1/SuperBuild/build/cmvs/CMakeFiles/CMakeTmp

Run Build Command:"/usr/bin/make" "cmTC_924f6/fast"
make[3]: Entering directory '/usr/OpenDroneMap_v0_3_1/SuperBuild/build/cmvs/CMakeFiles/CMakeTmp'
/usr/bin/make -f CMakeFiles/cmTC_924f6.dir/build.make CMakeFiles/cmTC_924f6.dir/build
make[4]: Entering directory '/usr/OpenDroneMap_v0_3_1/SuperBuild/build/cmvs/CMakeFiles/CMakeTmp'
Building CXX object CMakeFiles/cmTC_924f6.dir/feature_tests.cxx.o
/usr/bin/c++     -std=c++98 -o CMakeFiles/cmTC_924f6.dir/feature_tests.cxx.o -c /usr/OpenDroneMap_v0_3_1/SuperBuild/build/cmvs/CMakeFiles/feature_tests.cxx
Linking CXX executable cmTC_924f6
/usr/bin/cmake -E cmake_link_script CMakeFiles/cmTC_924f6.dir/link.txt --verbose=1
/usr/bin/c++        CMakeFiles/cmTC_924f6.dir/feature_tests.cxx.o  -o cmTC_924f6 -rdynamic 
make[4]: Leaving directory '/usr/OpenDroneMap_v0_3_1/SuperBuild/build/cmvs/CMakeFiles/CMakeTmp'
make[3]: Leaving directory '/usr/OpenDroneMap_v0_3_1/SuperBuild/build/cmvs/CMakeFiles/CMakeTmp'


    Feature record: CXX_FEATURE:0cxx_aggregate_default_initializers
    Feature record: CXX_FEATURE:0cxx_alias_templates
    Feature record: CXX_FEATURE:0cxx_alignas
    Feature record: CXX_FEATURE:0cxx_alignof
    Feature record: CXX_FEATURE:0cxx_attributes
    Feature record: CXX_FEATURE:0cxx_attribute_deprecated
    Feature record: CXX_FEATURE:0cxx_auto_type
    Feature record: CXX_FEATURE:0cxx_binary_literals
    Feature record: CXX_FEATURE:0cxx_constexpr
    Feature record: CXX_FEATURE:0cxx_contextual_conversions
    Feature record: CXX_FEATURE:0cxx_decltype
    Feature record: CXX_FEATURE:0cxx_decltype_auto
    Feature record: CXX_FEATURE:0cxx_decltype_incomplete_return_types
    Feature record: CXX_FEATURE:0cxx_default_function_template_args
    Feature record: CXX_FEATURE:0cxx_defaulted_functions
    Feature record: CXX_FEATURE:0cxx_defaulted_move_initializers
    Feature record: CXX_FEATURE:0cxx_delegating_constructors
    Feature record: CXX_FEATURE:0cxx_deleted_functions
    Feature record: CXX_FEATURE:0cxx_digit_separators
    Feature record: CXX_FEATURE:0cxx_enum_forward_declarations
    Feature record: CXX_FEATURE:0cxx_explicit_conversions
    Feature record: CXX_FEATURE:0cxx_extended_friend_declarations
    Feature record: CXX_FEATURE:0cxx_extern_templates
    Feature record: CXX_FEATURE:0cxx_final
    Feature record: CXX_FEATURE:0cxx_func_identifier
    Feature record: CXX_FEATURE:0cxx_generalized_initializers
    Feature record: CXX_FEATURE:0cxx_generic_lambdas
    Feature record: CXX_FEATURE:0cxx_inheriting_constructors
    Feature record: CXX_FEATURE:0cxx_inline_namespaces
    Feature record: CXX_FEATURE:0cxx_lambdas
    Feature record: CXX_FEATURE:0cxx_lambda_init_captures
    Feature record: CXX_FEATURE:0cxx_local_type_template_args
    Feature record: CXX_FEATURE:0cxx_long_long_type
    Feature record: CXX_FEATURE:0cxx_noexcept
    Feature record: CXX_FEATURE:0cxx_nonstatic_member_init
    Feature record: CXX_FEATURE:0cxx_nullptr
    Feature record: CXX_FEATURE:0cxx_override
    Feature record: CXX_FEATURE:0cxx_range_for
    Feature record: CXX_FEATURE:0cxx_raw_string_literals
    Feature record: CXX_FEATURE:0cxx_reference_qualified_functions
    Feature record: CXX_FEATURE:0cxx_relaxed_constexpr
    Feature record: CXX_FEATURE:0cxx_return_type_deduction
    Feature record: CXX_FEATURE:0cxx_right_angle_brackets
    Feature record: CXX_FEATURE:0cxx_rvalue_references
    Feature record: CXX_FEATURE:0cxx_sizeof_member
    Feature record: CXX_FEATURE:0cxx_static_assert
    Feature record: CXX_FEATURE:0cxx_strong_enums
    Feature record: CXX_FEATURE:1cxx_template_template_parameters
    Feature record: CXX_FEATURE:0cxx_thread_local
    Feature record: CXX_FEATURE:0cxx_trailing_return_types
    Feature record: CXX_FEATURE:0cxx_unicode_literals
    Feature record: CXX_FEATURE:0cxx_uniform_initialization
    Feature record: CXX_FEATURE:0cxx_unrestricted_unions
    Feature record: CXX_FEATURE:0cxx_user_literals
    Feature record: CXX_FEATURE:0cxx_variable_templates
    Feature record: CXX_FEATURE:0cxx_variadic_macros
    Feature record: CXX_FEATURE:0cxx_variadic_templates
Determining if the include file pthread.h exists passed with the following output:
Change Dir: /usr/OpenDroneMap_v0_3_1/SuperBuild/build/cmvs/CMakeFiles/CMakeTmp

Run Build Command:"/usr/bin/make" "cmTC_71f1e/fast"
make[3]: Entering directory '/usr/OpenDroneMap_v0_3_1/SuperBuild/build/cmvs/CMakeFiles/CMakeTmp'
/usr/bin/make -f CMakeFiles/cmTC_71f1e.dir/build.make CMakeFiles/cmTC_71f1e.dir/build
make[4]: Entering directory '/usr/OpenDroneMap_v0_3_1/SuperBuild/build/cmvs/CMakeFiles/CMakeTmp'
Building C object CMakeFiles/cmTC_71f1e.dir/CheckIncludeFile.c.o
/usr/bin/cc     -o CMakeFiles/cmTC_71f1e.dir/CheckIncludeFile.c.o   -c /usr/OpenDroneMap_v0_3_1/SuperBuild/build/cmvs/CMakeFiles/CMakeTmp/CheckIncludeFile.c
Linking C executable cmTC_71f1e
/usr/bin/cmake -E cmake_link_script CMakeFiles/cmTC_71f1e.dir/link.txt --verbose=1
/usr/bin/cc       CMakeFiles/cmTC_71f1e.dir/CheckIncludeFile.c.o  -o cmTC_71f1e -rdynamic 
make[4]: Leaving directory '/usr/OpenDroneMap_v0_3_1/SuperBuild/build/cmvs/CMakeFiles/CMakeTmp'
make[3]: Leaving directory '/usr/OpenDroneMap_v0_3_1/SuperBuild/build/cmvs/CMakeFiles/CMakeTmp'


Determining if the function pthread_create exists in the pthread passed with the following output:
Change Dir: /usr/OpenDroneMap_v0_3_1/SuperBuild/build/cmvs/CMakeFiles/CMakeTmp

Run Build Command:"/usr/bin/make" "cmTC_fead0/fast"
make[3]: Entering directory '/usr/OpenDroneMap_v0_3_1/SuperBuild/build/cmvs/CMakeFiles/CMakeTmp'
/usr/bin/make -f CMakeFiles/cmTC_fead0.dir/build.make CMakeFiles/cmTC_fead0.dir/build
make[4]: Entering directory '/usr/OpenDroneMap_v0_3_1/SuperBuild/build/cmvs/CMakeFiles/CMakeTmp'
Building C object CMakeFiles/cmTC_fead0.dir/CheckFunctionExists.c.o
/usr/bin/cc    -DCHECK_FUNCTION_EXISTS=pthread_create   -o CMakeFiles/cmTC_fead0.dir/CheckFunctionExists.c.o   -c /usr/share/cmake-3.5/Modules/CheckFunctionExists.c
Linking C executable cmTC_fead0
/usr/bin/cmake -E cmake_link_script CMakeFiles/cmTC_fead0.dir/link.txt --verbose=1
/usr/bin/cc   -DCHECK_FUNCTION_EXISTS=pthread_create    CMakeFiles/cmTC_fead0.dir/CheckFunctionExists.c.o  -o cmTC_fead0 -rdynamic -lpthread 
make[4]: Leaving directory '/usr/OpenDroneMap_v0_3_1/SuperBuild/build/cmvs/CMakeFiles/CMakeTmp'
make[3]: Leaving directory '/usr/OpenDroneMap_v0_3_1/SuperBuild/build/cmvs/CMakeFiles/CMakeTmp'


Determining if files unistd.h exist passed with the following output:
Change Dir: /usr/OpenDroneMap_v0_3_1/SuperBuild/build/cmvs/CMakeFiles/CMakeTmp

Run Build Command:"/usr/bin/make" "cmTC_98f7b/fast"
make[3]: Entering directory '/usr/OpenDroneMap_v0_3_1/SuperBuild/build/cmvs/CMakeFiles/CMakeTmp'
/usr/bin/make -f CMakeFiles/cmTC_98f7b.dir/build.make CMakeFiles/cmTC_98f7b.dir/build
make[4]: Entering directory '/usr/OpenDroneMap_v0_3_1/SuperBuild/build/cmvs/CMakeFiles/CMakeTmp'
Building C object CMakeFiles/cmTC_98f7b.dir/CheckIncludeFiles.c.o
/usr/bin/cc     -o CMakeFiles/cmTC_98f7b.dir/CheckIncludeFiles.c.o   -c /usr/OpenDroneMap_v0_3_1/SuperBuild/build/cmvs/CMakeFiles/CMakeTmp/CheckIncludeFiles.c
Linking C executable cmTC_98f7b
/usr/bin/cmake -E cmake_link_script CMakeFiles/cmTC_98f7b.dir/link.txt --verbose=1
/usr/bin/cc       CMakeFiles/cmTC_98f7b.dir/CheckIncludeFiles.c.o  -o cmTC_98f7b -rdynamic 
make[4]: Leaving directory '/usr/OpenDroneMap_v0_3_1/SuperBuild/build/cmvs/CMakeFiles/CMakeTmp'
make[3]: Leaving directory '/usr/OpenDroneMap_v0_3_1/SuperBuild/build/cmvs/CMakeFiles/CMakeTmp'


Determining if files string.h exist passed with the following output:
Change Dir: /usr/OpenDroneMap_v0_3_1/SuperBuild/build/cmvs/CMakeFiles/CMakeTmp

Run Build Command:"/usr/bin/make" "cmTC_61f58/fast"
make[3]: Entering directory '/usr/OpenDroneMap_v0_3_1/SuperBuild/build/cmvs/CMakeFiles/CMakeTmp'
/usr/bin/make -f CMakeFiles/cmTC_61f58.dir/build.make CMakeFiles/cmTC_61f58.dir/build
make[4]: Entering directory '/usr/OpenDroneMap_v0_3_1/SuperBuild/build/cmvs/CMakeFiles/CMakeTmp'
Building C object CMakeFiles/cmTC_61f58.dir/CheckIncludeFiles.c.o
/usr/bin/cc     -o CMakeFiles/cmTC_61f58.dir/CheckIncludeFiles.c.o   -c /usr/OpenDroneMap_v0_3_1/SuperBuild/build/cmvs/CMakeFiles/CMakeTmp/CheckIncludeFiles.c
Linking C executable cmTC_61f58
/usr/bin/cmake -E cmake_link_script CMakeFiles/cmTC_61f58.dir/link.txt --verbose=1
/usr/bin/cc       CMakeFiles/cmTC_61f58.dir/CheckIncludeFiles.c.o  -o cmTC_61f58 -rdynamic 
make[4]: Leaving directory '/usr/OpenDroneMap_v0_3_1/SuperBuild/build/cmvs/CMakeFiles/CMakeTmp'
make[3]: Leaving directory '/usr/OpenDroneMap_v0_3_1/SuperBuild/build/cmvs/CMakeFiles/CMakeTmp'


Determining if files strings.h exist passed with the following output:
Change Dir: /usr/OpenDroneMap_v0_3_1/SuperBuild/build/cmvs/CMakeFiles/CMakeTmp

Run Build Command:"/usr/bin/make" "cmTC_b6808/fast"
make[3]: Entering directory '/usr/OpenDroneMap_v0_3_1/SuperBuild/build/cmvs/CMakeFiles/CMakeTmp'
/usr/bin/make -f CMakeFiles/cmTC_b6808.dir/build.make CMakeFiles/cmTC_b6808.dir/build
make[4]: Entering directory '/usr/OpenDroneMap_v0_3_1/SuperBuild/build/cmvs/CMakeFiles/CMakeTmp'
Building C object CMakeFiles/cmTC_b6808.dir/CheckIncludeFiles.c.o
/usr/bin/cc     -o CMakeFiles/cmTC_b6808.dir/CheckIncludeFiles.c.o   -c /usr/OpenDroneMap_v0_3_1/SuperBuild/build/cmvs/CMakeFiles/CMakeTmp/CheckIncludeFiles.c
Linking C executable cmTC_b6808
/usr/bin/cmake -E cmake_link_script CMakeFiles/cmTC_b6808.dir/link.txt --verbose=1
/usr/bin/cc       CMakeFiles/cmTC_b6808.dir/CheckIncludeFiles.c.o  -o cmTC_b6808 -rdynamic 
make[4]: Leaving directory '/usr/OpenDroneMap_v0_3_1/SuperBuild/build/cmvs/CMakeFiles/CMakeTmp'
make[3]: Leaving directory '/usr/OpenDroneMap_v0_3_1/SuperBuild/build/cmvs/CMakeFiles/CMakeTmp'


Determining if files sys/stat.h exist passed with the following output:
Change Dir: /usr/OpenDroneMap_v0_3_1/SuperBuild/build/cmvs/CMakeFiles/CMakeTmp

Run Build Command:"/usr/bin/make" "cmTC_5e6e4/fast"
make[3]: Entering directory '/usr/OpenDroneMap_v0_3_1/SuperBuild/build/cmvs/CMakeFiles/CMakeTmp'
/usr/bin/make -f CMakeFiles/cmTC_5e6e4.dir/build.make CMakeFiles/cmTC_5e6e4.dir/build
make[4]: Entering directory '/usr/OpenDroneMap_v0_3_1/SuperBuild/build/cmvs/CMakeFiles/CMakeTmp'
Building C object CMakeFiles/cmTC_5e6e4.dir/CheckIncludeFiles.c.o
/usr/bin/cc     -o CMakeFiles/cmTC_5e6e4.dir/CheckIncludeFiles.c.o   -c /usr/OpenDroneMap_v0_3_1/SuperBuild/build/cmvs/CMakeFiles/CMakeTmp/CheckIncludeFiles.c
Linking C executable cmTC_5e6e4
/usr/bin/cmake -E cmake_link_script CMakeFiles/cmTC_5e6e4.dir/link.txt --verbose=1
/usr/bin/cc       CMakeFiles/cmTC_5e6e4.dir/CheckIncludeFiles.c.o  -o cmTC_5e6e4 -rdynamic 
make[4]: Leaving directory '/usr/OpenDroneMap_v0_3_1/SuperBuild/build/cmvs/CMakeFiles/CMakeTmp'
make[3]: Leaving directory '/usr/OpenDroneMap_v0_3_1/SuperBuild/build/cmvs/CMakeFiles/CMakeTmp'


Determining if files inttypes.h exist passed with the following output:
Change Dir: /usr/OpenDroneMap_v0_3_1/SuperBuild/build/cmvs/CMakeFiles/CMakeTmp

Run Build Command:"/usr/bin/make" "cmTC_e3491/fast"
make[3]: Entering directory '/usr/OpenDroneMap_v0_3_1/SuperBuild/build/cmvs/CMakeFiles/CMakeTmp'
/usr/bin/make -f CMakeFiles/cmTC_e3491.dir/build.make CMakeFiles/cmTC_e3491.dir/build
make[4]: Entering directory '/usr/OpenDroneMap_v0_3_1/SuperBuild/build/cmvs/CMakeFiles/CMakeTmp'
Building C object CMakeFiles/cmTC_e3491.dir/CheckIncludeFiles.c.o
/usr/bin/cc     -o CMakeFiles/cmTC_e3491.dir/CheckIncludeFiles.c.o   -c /usr/OpenDroneMap_v0_3_1/SuperBuild/build/cmvs/CMakeFiles/CMakeTmp/CheckIncludeFiles.c
Linking C executable cmTC_e3491
/usr/bin/cmake -E cmake_link_script CMakeFiles/cmTC_e3491.dir/link.txt --verbose=1
/usr/bin/cc       CMakeFiles/cmTC_e3491.dir/CheckIncludeFiles.c.o  -o cmTC_e3491 -rdynamic 
make[4]: Leaving directory '/usr/OpenDroneMap_v0_3_1/SuperBuild/build/cmvs/CMakeFiles/CMakeTmp'
make[3]: Leaving directory '/usr/OpenDroneMap_v0_3_1/SuperBuild/build/cmvs/CMakeFiles/CMakeTmp'


Determining if files memory.h exist passed with the following output:
Change Dir: /usr/OpenDroneMap_v0_3_1/SuperBuild/build/cmvs/CMakeFiles/CMakeTmp

Run Build Command:"/usr/bin/make" "cmTC_449c0/fast"
make[3]: Entering directory '/usr/OpenDroneMap_v0_3_1/SuperBuild/build/cmvs/CMakeFiles/CMakeTmp'
/usr/bin/make -f CMakeFiles/cmTC_449c0.dir/build.make CMakeFiles/cmTC_449c0.dir/build
make[4]: Entering directory '/usr/OpenDroneMap_v0_3_1/SuperBuild/build/cmvs/CMakeFiles/CMakeTmp'
Building C object CMakeFiles/cmTC_449c0.dir/CheckIncludeFiles.c.o
/usr/bin/cc     -o CMakeFiles/cmTC_449c0.dir/CheckIncludeFiles.c.o   -c /usr/OpenDroneMap_v0_3_1/SuperBuild/build/cmvs/CMakeFiles/CMakeTmp/CheckIncludeFiles.c
Linking C executable cmTC_449c0
/usr/bin/cmake -E cmake_link_script CMakeFiles/cmTC_449c0.dir/link.txt --verbose=1
/usr/bin/cc       CMakeFiles/cmTC_449c0.dir/CheckIncludeFiles.c.o  -o cmTC_449c0 -rdynamic 
make[4]: Leaving directory '/usr/OpenDroneMap_v0_3_1/SuperBuild/build/cmvs/CMakeFiles/CMakeTmp'
make[3]: Leaving directory '/usr/OpenDroneMap_v0_3_1/SuperBuild/build/cmvs/CMakeFiles/CMakeTmp'


Determining if files stdlib.h exist passed with the following output:
Change Dir: /usr/OpenDroneMap_v0_3_1/SuperBuild/build/cmvs/CMakeFiles/CMakeTmp

Run Build Command:"/usr/bin/make" "cmTC_be01f/fast"
make[3]: Entering directory '/usr/OpenDroneMap_v0_3_1/SuperBuild/build/cmvs/CMakeFiles/CMakeTmp'
/usr/bin/make -f CMakeFiles/cmTC_be01f.dir/build.make CMakeFiles/cmTC_be01f.dir/build
make[4]: Entering directory '/usr/OpenDroneMap_v0_3_1/SuperBuild/build/cmvs/CMakeFiles/CMakeTmp'
Building C object CMakeFiles/cmTC_be01f.dir/CheckIncludeFiles.c.o
/usr/bin/cc     -o CMakeFiles/cmTC_be01f.dir/CheckIncludeFiles.c.o   -c /usr/OpenDroneMap_v0_3_1/SuperBuild/build/cmvs/CMakeFiles/CMakeTmp/CheckIncludeFiles.c
Linking C executable cmTC_be01f
/usr/bin/cmake -E cmake_link_script CMakeFiles/cmTC_be01f.dir/link.txt --verbose=1
/usr/bin/cc       CMakeFiles/cmTC_be01f.dir/CheckIncludeFiles.c.o  -o cmTC_be01f -rdynamic 
make[4]: Leaving directory '/usr/OpenDroneMap_v0_3_1/SuperBuild/build/cmvs/CMakeFiles/CMakeTmp'
make[3]: Leaving directory '/usr/OpenDroneMap_v0_3_1/SuperBuild/build/cmvs/CMakeFiles/CMakeTmp'


Determining if files stdint.h exist passed with the following output:
Change Dir: /usr/OpenDroneMap_v0_3_1/SuperBuild/build/cmvs/CMakeFiles/CMakeTmp

Run Build Command:"/usr/bin/make" "cmTC_43d67/fast"
make[3]: Entering directory '/usr/OpenDroneMap_v0_3_1/SuperBuild/build/cmvs/CMakeFiles/CMakeTmp'
/usr/bin/make -f CMakeFiles/cmTC_43d67.dir/build.make CMakeFiles/cmTC_43d67.dir/build
make[4]: Entering directory '/usr/OpenDroneMap_v0_3_1/SuperBuild/build/cmvs/CMakeFiles/CMakeTmp'
Building C object CMakeFiles/cmTC_43d67.dir/CheckIncludeFiles.c.o
/usr/bin/cc     -o CMakeFiles/cmTC_43d67.dir/CheckIncludeFiles.c.o   -c /usr/OpenDroneMap_v0_3_1/SuperBuild/build/cmvs/CMakeFiles/CMakeTmp/CheckIncludeFiles.c
Linking C executable cmTC_43d67
/usr/bin/cmake -E cmake_link_script CMakeFiles/cmTC_43d67.dir/link.txt --verbose=1
/usr/bin/cc       CMakeFiles/cmTC_43d67.dir/CheckIncludeFiles.c.o  -o cmTC_43d67 -rdynamic 
make[4]: Leaving directory '/usr/OpenDroneMap_v0_3_1/SuperBuild/build/cmvs/CMakeFiles/CMakeTmp'
make[3]: Leaving directory '/usr/OpenDroneMap_v0_3_1/SuperBuild/build/cmvs/CMakeFiles/CMakeTmp'


Determining if files sys/types.h exist passed with the following output:
Change Dir: /usr/OpenDroneMap_v0_3_1/SuperBuild/build/cmvs/CMakeFiles/CMakeTmp

Run Build Command:"/usr/bin/make" "cmTC_0a55a/fast"
make[3]: Entering directory '/usr/OpenDroneMap_v0_3_1/SuperBuild/build/cmvs/CMakeFiles/CMakeTmp'
/usr/bin/make -f CMakeFiles/cmTC_0a55a.dir/build.make CMakeFiles/cmTC_0a55a.dir/build
make[4]: Entering directory '/usr/OpenDroneMap_v0_3_1/SuperBuild/build/cmvs/CMakeFiles/CMakeTmp'
Building C object CMakeFiles/cmTC_0a55a.dir/CheckIncludeFiles.c.o
/usr/bin/cc     -o CMakeFiles/cmTC_0a55a.dir/CheckIncludeFiles.c.o   -c /usr/OpenDroneMap_v0_3_1/SuperBuild/build/cmvs/CMakeFiles/CMakeTmp/CheckIncludeFiles.c
Linking C executable cmTC_0a55a
/usr/bin/cmake -E cmake_link_script CMakeFiles/cmTC_0a55a.dir/link.txt --verbose=1
/usr/bin/cc       CMakeFiles/cmTC_0a55a.dir/CheckIncludeFiles.c.o  -o cmTC_0a55a -rdynamic 
make[4]: Leaving directory '/usr/OpenDroneMap_v0_3_1/SuperBuild/build/cmvs/CMakeFiles/CMakeTmp'
make[3]: Leaving directory '/usr/OpenDroneMap_v0_3_1/SuperBuild/build/cmvs/CMakeFiles/CMakeTmp'


Determining if the function isinf exists passed with the following output:
Change Dir: /usr/OpenDroneMap_v0_3_1/SuperBuild/build/cmvs/CMakeFiles/CMakeTmp

Run Build Command:"/usr/bin/make" "cmTC_4d87f/fast"
make[3]: Entering directory '/usr/OpenDroneMap_v0_3_1/SuperBuild/build/cmvs/CMakeFiles/CMakeTmp'
/usr/bin/make -f CMakeFiles/cmTC_4d87f.dir/build.make CMakeFiles/cmTC_4d87f.dir/build
make[4]: Entering directory '/usr/OpenDroneMap_v0_3_1/SuperBuild/build/cmvs/CMakeFiles/CMakeTmp'
Building C object CMakeFiles/cmTC_4d87f.dir/CheckFunctionExists.c.o
/usr/bin/cc    -DCHECK_FUNCTION_EXISTS=isinf   -o CMakeFiles/cmTC_4d87f.dir/CheckFunctionExists.c.o   -c /usr/share/cmake-3.5/Modules/CheckFunctionExists.c
<command-line>:0:23: warning: conflicting types for built-in function isinf
/usr/share/cmake-3.5/Modules/CheckFunctionExists.c:6:6: note: in expansion of macro CHECK_FUNCTION_EXISTS
 char CHECK_FUNCTION_EXISTS();
      ^
Linking C executable cmTC_4d87f
/usr/bin/cmake -E cmake_link_script CMakeFiles/cmTC_4d87f.dir/link.txt --verbose=1
/usr/bin/cc   -DCHECK_FUNCTION_EXISTS=isinf    CMakeFiles/cmTC_4d87f.dir/CheckFunctionExists.c.o  -o cmTC_4d87f -rdynamic 
make[4]: Leaving directory '/usr/OpenDroneMap_v0_3_1/SuperBuild/build/cmvs/CMakeFiles/CMakeTmp'
make[3]: Leaving directory '/usr/OpenDroneMap_v0_3_1/SuperBuild/build/cmvs/CMakeFiles/CMakeTmp'


Determining if the function isinf exists passed with the following output:
Change Dir: /usr/OpenDroneMap_v0_3_1/SuperBuild/build/cmvs/CMakeFiles/CMakeTmp

Run Build Command:"/usr/bin/make" "cmTC_0bcbf/fast"
make[3]: Entering directory '/usr/OpenDroneMap_v0_3_1/SuperBuild/build/cmvs/CMakeFiles/CMakeTmp'
/usr/bin/make -f CMakeFiles/cmTC_0bcbf.dir/build.make CMakeFiles/cmTC_0bcbf.dir/build
make[4]: Entering directory '/usr/OpenDroneMap_v0_3_1/SuperBuild/build/cmvs/CMakeFiles/CMakeTmp'
Building C object CMakeFiles/cmTC_0bcbf.dir/CheckFunctionExists.c.o
/usr/bin/cc    -DCHECK_FUNCTION_EXISTS=isinf   -o CMakeFiles/cmTC_0bcbf.dir/CheckFunctionExists.c.o   -c /usr/share/cmake-3.5/Modules/CheckFunctionExists.c
<command-line>:0:23: warning: conflicting types for built-in function isinf
/usr/share/cmake-3.5/Modules/CheckFunctionExists.c:6:6: note: in expansion of macro CHECK_FUNCTION_EXISTS
 char CHECK_FUNCTION_EXISTS();
      ^
Linking C executable cmTC_0bcbf
/usr/bin/cmake -E cmake_link_script CMakeFiles/cmTC_0bcbf.dir/link.txt --verbose=1
/usr/bin/cc   -DCHECK_FUNCTION_EXISTS=isinf    CMakeFiles/cmTC_0bcbf.dir/CheckFunctionExists.c.o  -o cmTC_0bcbf -rdynamic 
make[4]: Leaving directory '/usr/OpenDroneMap_v0_3_1/SuperBuild/build/cmvs/CMakeFiles/CMakeTmp'
make[3]: Leaving directory '/usr/OpenDroneMap_v0_3_1/SuperBuild/build/cmvs/CMakeFiles/CMakeTmp'


Determining if the function gettimeofday exists passed with the following output:
Change Dir: /usr/OpenDroneMap_v0_3_1/SuperBuild/build/cmvs/CMakeFiles/CMakeTmp

Run Build Command:"/usr/bin/make" "cmTC_507bd/fast"
make[3]: Entering directory '/usr/OpenDroneMap_v0_3_1/SuperBuild/build/cmvs/CMakeFiles/CMakeTmp'
/usr/bin/make -f CMakeFiles/cmTC_507bd.dir/build.make CMakeFiles/cmTC_507bd.dir/build
make[4]: Entering directory '/usr/OpenDroneMap_v0_3_1/SuperBuild/build/cmvs/CMakeFiles/CMakeTmp'
Building C object CMakeFiles/cmTC_507bd.dir/CheckFunctionExists.c.o
/usr/bin/cc    -DCHECK_FUNCTION_EXISTS=gettimeofday   -o CMakeFiles/cmTC_507bd.dir/CheckFunctionExists.c.o   -c /usr/share/cmake-3.5/Modules/CheckFunctionExists.c
Linking C executable cmTC_507bd
/usr/bin/cmake -E cmake_link_script CMakeFiles/cmTC_507bd.dir/link.txt --verbose=1
/usr/bin/cc   -DCHECK_FUNCTION_EXISTS=gettimeofday    CMakeFiles/cmTC_507bd.dir/CheckFunctionExists.c.o  -o cmTC_507bd -rdynamic 
make[4]: Leaving directory '/usr/OpenDroneMap_v0_3_1/SuperBuild/build/cmvs/CMakeFiles/CMakeTmp'
make[3]: Leaving directory '/usr/OpenDroneMap_v0_3_1/SuperBuild/build/cmvs/CMakeFiles/CMakeTmp'


Determining if the function qsort_r exists passed with the following output:
Change Dir: /usr/OpenDroneMap_v0_3_1/SuperBuild/build/cmvs/CMakeFiles/CMakeTmp

Run Build Command:"/usr/bin/make" "cmTC_505b6/fast"
make[3]: Entering directory '/usr/OpenDroneMap_v0_3_1/SuperBuild/build/cmvs/CMakeFiles/CMakeTmp'
/usr/bin/make -f CMakeFiles/cmTC_505b6.dir/build.make CMakeFiles/cmTC_505b6.dir/build
make[4]: Entering directory '/usr/OpenDroneMap_v0_3_1/SuperBuild/build/cmvs/CMakeFiles/CMakeTmp'
Building C object CMakeFiles/cmTC_505b6.dir/CheckFunctionExists.c.o
/usr/bin/cc    -DCHECK_FUNCTION_EXISTS=qsort_r   -o CMakeFiles/cmTC_505b6.dir/CheckFunctionExists.c.o   -c /usr/share/cmake-3.5/Modules/CheckFunctionExists.c
Linking C executable cmTC_505b6
/usr/bin/cmake -E cmake_link_script CMakeFiles/cmTC_505b6.dir/link.txt --verbose=1
/usr/bin/cc   -DCHECK_FUNCTION_EXISTS=qsort_r    CMakeFiles/cmTC_505b6.dir/CheckFunctionExists.c.o  -o cmTC_505b6 -rdynamic 
make[4]: Leaving directory '/usr/OpenDroneMap_v0_3_1/SuperBuild/build/cmvs/CMakeFiles/CMakeTmp'
make[3]: Leaving directory '/usr/OpenDroneMap_v0_3_1/SuperBuild/build/cmvs/CMakeFiles/CMakeTmp'


Determining if the function time exists passed with the following output:
Change Dir: /usr/OpenDroneMap_v0_3_1/SuperBuild/build/cmvs/CMakeFiles/CMakeTmp

Run Build Command:"/usr/bin/make" "cmTC_02a46/fast"
make[3]: Entering directory '/usr/OpenDroneMap_v0_3_1/SuperBuild/build/cmvs/CMakeFiles/CMakeTmp'
/usr/bin/make -f CMakeFiles/cmTC_02a46.dir/build.make CMakeFiles/cmTC_02a46.dir/build
make[4]: Entering directory '/usr/OpenDroneMap_v0_3_1/SuperBuild/build/cmvs/CMakeFiles/CMakeTmp'
Building C object CMakeFiles/cmTC_02a46.dir/CheckFunctionExists.c.o
/usr/bin/cc    -DCHECK_FUNCTION_EXISTS=time   -o CMakeFiles/cmTC_02a46.dir/CheckFunctionExists.c.o   -c /usr/share/cmake-3.5/Modules/CheckFunctionExists.c
Linking C executable cmTC_02a46
/usr/bin/cmake -E cmake_link_script CMakeFiles/cmTC_02a46.dir/link.txt --verbose=1
/usr/bin/cc   -DCHECK_FUNCTION_EXISTS=time    CMakeFiles/cmTC_02a46.dir/CheckFunctionExists.c.o  -o cmTC_02a46 -rdynamic 
make[4]: Leaving directory '/usr/OpenDroneMap_v0_3_1/SuperBuild/build/cmvs/CMakeFiles/CMakeTmp'
make[3]: Leaving directory '/usr/OpenDroneMap_v0_3_1/SuperBuild/build/cmvs/CMakeFiles/CMakeTmp'


Determining if the function copysign exists passed with the following output:
Change Dir: /usr/OpenDroneMap_v0_3_1/SuperBuild/build/cmvs/CMakeFiles/CMakeTmp

Run Build Command:"/usr/bin/make" "cmTC_432db/fast"
make[3]: Entering directory '/usr/OpenDroneMap_v0_3_1/SuperBuild/build/cmvs/CMakeFiles/CMakeTmp'
/usr/bin/make -f CMakeFiles/cmTC_432db.dir/build.make CMakeFiles/cmTC_432db.dir/build
make[4]: Entering directory '/usr/OpenDroneMap_v0_3_1/SuperBuild/build/cmvs/CMakeFiles/CMakeTmp'
Building C object CMakeFiles/cmTC_432db.dir/CheckFunctionExists.c.o
/usr/bin/cc    -DCHECK_FUNCTION_EXISTS=copysign   -o CMakeFiles/cmTC_432db.dir/CheckFunctionExists.c.o   -c /usr/share/cmake-3.5/Modules/CheckFunctionExists.c
<command-line>:0:23: warning: conflicting types for built-in function copysign
/usr/share/cmake-3.5/Modules/CheckFunctionExists.c:6:6: note: in expansion of macro CHECK_FUNCTION_EXISTS
 char CHECK_FUNCTION_EXISTS();
      ^
Linking C executable cmTC_432db
/usr/bin/cmake -E cmake_link_script CMakeFiles/cmTC_432db.dir/link.txt --verbose=1
/usr/bin/cc   -DCHECK_FUNCTION_EXISTS=copysign    CMakeFiles/cmTC_432db.dir/CheckFunctionExists.c.o  -o cmTC_432db -rdynamic 
make[4]: Leaving directory '/usr/OpenDroneMap_v0_3_1/SuperBuild/build/cmvs/CMakeFiles/CMakeTmp'
make[3]: Leaving directory '/usr/OpenDroneMap_v0_3_1/SuperBuild/build/cmvs/CMakeFiles/CMakeTmp'


Determining if the include file stddef.h exists passed with the following output:
Change Dir: /usr/OpenDroneMap_v0_3_1/SuperBuild/build/cmvs/CMakeFiles/CMakeTmp

Run Build Command:"/usr/bin/make" "cmTC_8f5ed/fast"
make[3]: Entering directory '/usr/OpenDroneMap_v0_3_1/SuperBuild/build/cmvs/CMakeFiles/CMakeTmp'
/usr/bin/make -f CMakeFiles/cmTC_8f5ed.dir/build.make CMakeFiles/cmTC_8f5ed.dir/build
make[4]: Entering directory '/usr/OpenDroneMap_v0_3_1/SuperBuild/build/cmvs/CMakeFiles/CMakeTmp'
Building C object CMakeFiles/cmTC_8f5ed.dir/CheckIncludeFile.c.o
/usr/bin/cc     -o CMakeFiles/cmTC_8f5ed.dir/CheckIncludeFile.c.o   -c /usr/OpenDroneMap_v0_3_1/SuperBuild/build/cmvs/CMakeFiles/CMakeTmp/CheckIncludeFile.c
Linking C executable cmTC_8f5ed
/usr/bin/cmake -E cmake_link_script CMakeFiles/cmTC_8f5ed.dir/link.txt --verbose=1
/usr/bin/cc       CMakeFiles/cmTC_8f5ed.dir/CheckIncludeFile.c.o  -o cmTC_8f5ed -rdynamic 
make[4]: Leaving directory '/usr/OpenDroneMap_v0_3_1/SuperBuild/build/cmvs/CMakeFiles/CMakeTmp'
make[3]: Leaving directory '/usr/OpenDroneMap_v0_3_1/SuperBuild/build/cmvs/CMakeFiles/CMakeTmp'


Determining size of uint32_t passed with the following output:
Change Dir: /usr/OpenDroneMap_v0_3_1/SuperBuild/build/cmvs/CMakeFiles/CMakeTmp

Run Build Command:"/usr/bin/make" "cmTC_60a0c/fast"
make[3]: Entering directory '/usr/OpenDroneMap_v0_3_1/SuperBuild/build/cmvs/CMakeFiles/CMakeTmp'
/usr/bin/make -f CMakeFiles/cmTC_60a0c.dir/build.make CMakeFiles/cmTC_60a0c.dir/build
make[4]: Entering directory '/usr/OpenDroneMap_v0_3_1/SuperBuild/build/cmvs/CMakeFiles/CMakeTmp'
Building C object CMakeFiles/cmTC_60a0c.dir/UINT32_T.c.o
/usr/bin/cc     -o CMakeFiles/cmTC_60a0c.dir/UINT32_T.c.o   -c /usr/OpenDroneMap_v0_3_1/SuperBuild/build/cmvs/CMakeFiles/CheckTypeSize/UINT32_T.c
Linking C executable cmTC_60a0c
/usr/bin/cmake -E cmake_link_script CMakeFiles/cmTC_60a0c.dir/link.txt --verbose=1
/usr/bin/cc       CMakeFiles/cmTC_60a0c.dir/UINT32_T.c.o  -o cmTC_60a0c -rdynamic 
make[4]: Leaving directory '/usr/OpenDroneMap_v0_3_1/SuperBuild/build/cmvs/CMakeFiles/CMakeTmp'
make[3]: Leaving directory '/usr/OpenDroneMap_v0_3_1/SuperBuild/build/cmvs/CMakeFiles/CMakeTmp'


