Determining if the pthread_create exist failed with the following output:
Change Dir: /usr/OpenDroneMap_v0_3_1/SuperBuild/build/ecto/CMakeFiles/CMakeTmp

Run Build Command:"/usr/bin/make" "cmTC_3b068/fast"
make[3]: Entering directory '/usr/OpenDroneMap_v0_3_1/SuperBuild/build/ecto/CMakeFiles/CMakeTmp'
/usr/bin/make -f CMakeFiles/cmTC_3b068.dir/build.make CMakeFiles/cmTC_3b068.dir/build
make[4]: Entering directory '/usr/OpenDroneMap_v0_3_1/SuperBuild/build/ecto/CMakeFiles/CMakeTmp'
Building C object CMakeFiles/cmTC_3b068.dir/CheckSymbolExists.c.o
/usr/bin/cc     -o CMakeFiles/cmTC_3b068.dir/CheckSymbolExists.c.o   -c /usr/OpenDroneMap_v0_3_1/SuperBuild/build/ecto/CMakeFiles/CMakeTmp/CheckSymbolExists.c
Linking C executable cmTC_3b068
/usr/bin/cmake -E cmake_link_script CMakeFiles/cmTC_3b068.dir/link.txt --verbose=1
/usr/bin/cc       CMakeFiles/cmTC_3b068.dir/CheckSymbolExists.c.o  -o cmTC_3b068 -rdynamic 
CMakeFiles/cmTC_3b068.dir/CheckSymbolExists.c.o: In function `main':
CheckSymbolExists.c:(.text+0x16): undefined reference to `pthread_create'
collect2: error: ld returned 1 exit status
CMakeFiles/cmTC_3b068.dir/build.make:97: recipe for target 'cmTC_3b068' failed
make[4]: *** [cmTC_3b068] Error 1
make[4]: Leaving directory '/usr/OpenDroneMap_v0_3_1/SuperBuild/build/ecto/CMakeFiles/CMakeTmp'
Makefile:126: recipe for target 'cmTC_3b068/fast' failed
make[3]: *** [cmTC_3b068/fast] Error 2
make[3]: Leaving directory '/usr/OpenDroneMap_v0_3_1/SuperBuild/build/ecto/CMakeFiles/CMakeTmp'

File /usr/OpenDroneMap_v0_3_1/SuperBuild/build/ecto/CMakeFiles/CMakeTmp/CheckSymbolExists.c:
/* */
#include <pthread.h>

int main(int argc, char** argv)
{
  (void)argv;
#ifndef pthread_create
  return ((int*)(&pthread_create))[argc];
#else
  (void)argc;
  return 0;
#endif
}

Determining if the function pthread_create exists in the pthreads failed with the following output:
Change Dir: /usr/OpenDroneMap_v0_3_1/SuperBuild/build/ecto/CMakeFiles/CMakeTmp

Run Build Command:"/usr/bin/make" "cmTC_fee36/fast"
make[3]: Entering directory '/usr/OpenDroneMap_v0_3_1/SuperBuild/build/ecto/CMakeFiles/CMakeTmp'
/usr/bin/make -f CMakeFiles/cmTC_fee36.dir/build.make CMakeFiles/cmTC_fee36.dir/build
make[4]: Entering directory '/usr/OpenDroneMap_v0_3_1/SuperBuild/build/ecto/CMakeFiles/CMakeTmp'
Building C object CMakeFiles/cmTC_fee36.dir/CheckFunctionExists.c.o
/usr/bin/cc    -DCHECK_FUNCTION_EXISTS=pthread_create   -o CMakeFiles/cmTC_fee36.dir/CheckFunctionExists.c.o   -c /usr/share/cmake-3.5/Modules/CheckFunctionExists.c
Linking C executable cmTC_fee36
/usr/bin/cmake -E cmake_link_script CMakeFiles/cmTC_fee36.dir/link.txt --verbose=1
/usr/bin/cc   -DCHECK_FUNCTION_EXISTS=pthread_create    CMakeFiles/cmTC_fee36.dir/CheckFunctionExists.c.o  -o cmTC_fee36 -rdynamic -lpthreads 
/usr/bin/ld: cannot find -lpthreads
collect2: error: ld returned 1 exit status
CMakeFiles/cmTC_fee36.dir/build.make:97: recipe for target 'cmTC_fee36' failed
make[4]: *** [cmTC_fee36] Error 1
make[4]: Leaving directory '/usr/OpenDroneMap_v0_3_1/SuperBuild/build/ecto/CMakeFiles/CMakeTmp'
Makefile:126: recipe for target 'cmTC_fee36/fast' failed
make[3]: *** [cmTC_fee36/fast] Error 2
make[3]: Leaving directory '/usr/OpenDroneMap_v0_3_1/SuperBuild/build/ecto/CMakeFiles/CMakeTmp'


