Determining if the pthread_create exist failed with the following output:
Change Dir: /usr/OpenDroneMap_v0_3_1/SuperBuild/build/gflags/CMakeFiles/CMakeTmp

Run Build Command:"/usr/bin/make" "cmTC_2d2d8/fast"
make[3]: Entering directory '/usr/OpenDroneMap_v0_3_1/SuperBuild/build/gflags/CMakeFiles/CMakeTmp'
/usr/bin/make -f CMakeFiles/cmTC_2d2d8.dir/build.make CMakeFiles/cmTC_2d2d8.dir/build
make[4]: Entering directory '/usr/OpenDroneMap_v0_3_1/SuperBuild/build/gflags/CMakeFiles/CMakeTmp'
Building C object CMakeFiles/cmTC_2d2d8.dir/CheckSymbolExists.c.o
/usr/bin/cc     -o CMakeFiles/cmTC_2d2d8.dir/CheckSymbolExists.c.o   -c /usr/OpenDroneMap_v0_3_1/SuperBuild/build/gflags/CMakeFiles/CMakeTmp/CheckSymbolExists.c
Linking C executable cmTC_2d2d8
/usr/bin/cmake -E cmake_link_script CMakeFiles/cmTC_2d2d8.dir/link.txt --verbose=1
/usr/bin/cc       CMakeFiles/cmTC_2d2d8.dir/CheckSymbolExists.c.o  -o cmTC_2d2d8 -rdynamic 
CMakeFiles/cmTC_2d2d8.dir/CheckSymbolExists.c.o: In function `main':
CheckSymbolExists.c:(.text+0x16): undefined reference to `pthread_create'
collect2: error: ld returned 1 exit status
CMakeFiles/cmTC_2d2d8.dir/build.make:97: recipe for target 'cmTC_2d2d8' failed
make[4]: *** [cmTC_2d2d8] Error 1
make[4]: Leaving directory '/usr/OpenDroneMap_v0_3_1/SuperBuild/build/gflags/CMakeFiles/CMakeTmp'
Makefile:126: recipe for target 'cmTC_2d2d8/fast' failed
make[3]: *** [cmTC_2d2d8/fast] Error 2
make[3]: Leaving directory '/usr/OpenDroneMap_v0_3_1/SuperBuild/build/gflags/CMakeFiles/CMakeTmp'

File /usr/OpenDroneMap_v0_3_1/SuperBuild/build/gflags/CMakeFiles/CMakeTmp/CheckSymbolExists.c:
/* */
#include <pthread.h>

int main(int argc, char** argv)
{
  (void)argv;
#ifndef pthread_create
  return ((int*)(&pthread_create))[argc];
#else
  (void)argc;
  return 0;
#endif
}

Determining if the function pthread_create exists in the pthreads failed with the following output:
Change Dir: /usr/OpenDroneMap_v0_3_1/SuperBuild/build/gflags/CMakeFiles/CMakeTmp

Run Build Command:"/usr/bin/make" "cmTC_2bd16/fast"
make[3]: Entering directory '/usr/OpenDroneMap_v0_3_1/SuperBuild/build/gflags/CMakeFiles/CMakeTmp'
/usr/bin/make -f CMakeFiles/cmTC_2bd16.dir/build.make CMakeFiles/cmTC_2bd16.dir/build
make[4]: Entering directory '/usr/OpenDroneMap_v0_3_1/SuperBuild/build/gflags/CMakeFiles/CMakeTmp'
Building C object CMakeFiles/cmTC_2bd16.dir/CheckFunctionExists.c.o
/usr/bin/cc    -DCHECK_FUNCTION_EXISTS=pthread_create   -o CMakeFiles/cmTC_2bd16.dir/CheckFunctionExists.c.o   -c /usr/share/cmake-3.5/Modules/CheckFunctionExists.c
Linking C executable cmTC_2bd16
/usr/bin/cmake -E cmake_link_script CMakeFiles/cmTC_2bd16.dir/link.txt --verbose=1
/usr/bin/cc   -DCHECK_FUNCTION_EXISTS=pthread_create    CMakeFiles/cmTC_2bd16.dir/CheckFunctionExists.c.o  -o cmTC_2bd16 -rdynamic -lpthreads 
/usr/bin/ld: cannot find -lpthreads
collect2: error: ld returned 1 exit status
CMakeFiles/cmTC_2bd16.dir/build.make:97: recipe for target 'cmTC_2bd16' failed
make[4]: *** [cmTC_2bd16] Error 1
make[4]: Leaving directory '/usr/OpenDroneMap_v0_3_1/SuperBuild/build/gflags/CMakeFiles/CMakeTmp'
Makefile:126: recipe for target 'cmTC_2bd16/fast' failed
make[3]: *** [cmTC_2bd16/fast] Error 2
make[3]: Leaving directory '/usr/OpenDroneMap_v0_3_1/SuperBuild/build/gflags/CMakeFiles/CMakeTmp'


